<?xml version="1.0" encoding="UTF-8"?>
<coverage generated="1693490382">
  <project timestamp="1693490382">
    <file name="/home/mikespub/seblucas-cops/resources/php-epub-meta/index.php">
      <line num="7" type="stmt" count="0"/>
      <line num="10" type="stmt" count="0"/>
      <line num="11" type="stmt" count="0"/>
      <line num="14" type="stmt" count="0"/>
      <line num="15" type="stmt" count="0"/>
      <line num="16" type="stmt" count="0"/>
      <line num="17" type="stmt" count="0"/>
      <line num="20" type="stmt" count="0"/>
      <line num="21" type="stmt" count="0"/>
      <line num="23" type="stmt" count="0"/>
      <line num="24" type="stmt" count="0"/>
      <line num="25" type="stmt" count="0"/>
      <line num="27" type="stmt" count="0"/>
      <line num="28" type="stmt" count="0"/>
      <line num="29" type="stmt" count="0"/>
      <line num="30" type="stmt" count="0"/>
      <line num="31" type="stmt" count="0"/>
      <line num="36" type="stmt" count="0"/>
      <line num="37" type="stmt" count="0"/>
      <line num="38" type="stmt" count="0"/>
      <line num="39" type="stmt" count="0"/>
      <line num="40" type="stmt" count="0"/>
      <line num="44" type="stmt" count="0"/>
      <line num="45" type="stmt" count="0"/>
      <line num="46" type="stmt" count="0"/>
      <line num="47" type="stmt" count="0"/>
      <line num="48" type="stmt" count="0"/>
      <line num="49" type="stmt" count="0"/>
      <line num="50" type="stmt" count="0"/>
      <line num="51" type="stmt" count="0"/>
      <line num="53" type="stmt" count="0"/>
      <line num="54" type="stmt" count="0"/>
      <line num="55" type="stmt" count="0"/>
      <line num="56" type="stmt" count="0"/>
      <line num="57" type="stmt" count="0"/>
      <line num="58" type="stmt" count="0"/>
      <line num="60" type="stmt" count="0"/>
      <line num="63" type="stmt" count="0"/>
      <line num="66" type="stmt" count="0"/>
      <line num="67" type="stmt" count="0"/>
      <line num="68" type="stmt" count="0"/>
      <line num="69" type="stmt" count="0"/>
      <line num="70" type="stmt" count="0"/>
      <line num="71" type="stmt" count="0"/>
      <line num="72" type="stmt" count="0"/>
      <line num="74" type="stmt" count="0"/>
      <line num="75" type="stmt" count="0"/>
      <line num="77" type="stmt" count="0"/>
      <line num="78" type="stmt" count="0"/>
      <line num="79" type="stmt" count="0"/>
      <line num="80" type="stmt" count="0"/>
      <line num="82" type="stmt" count="0"/>
      <line num="88" type="stmt" count="0"/>
      <line num="89" type="stmt" count="0"/>
      <line num="90" type="stmt" count="0"/>
      <line num="94" type="stmt" count="0"/>
      <line num="95" type="stmt" count="0"/>
      <line num="98" type="stmt" count="0"/>
      <line num="100" type="stmt" count="0"/>
      <line num="101" type="stmt" count="0"/>
      <line num="102" type="stmt" count="0"/>
      <line num="103" type="stmt" count="0"/>
      <line num="104" type="stmt" count="0"/>
      <line num="105" type="stmt" count="0"/>
      <line num="106" type="stmt" count="0"/>
      <line num="107" type="stmt" count="0"/>
      <line num="110" type="stmt" count="0"/>
      <line num="111" type="stmt" count="0"/>
      <line num="112" type="stmt" count="0"/>
      <line num="116" type="stmt" count="0"/>
      <line num="118" type="stmt" count="0"/>
      <line num="119" type="stmt" count="0"/>
      <line num="120" type="stmt" count="0"/>
      <line num="122" type="stmt" count="0"/>
      <line num="123" type="stmt" count="0"/>
      <line num="124" type="stmt" count="0"/>
      <line num="126" type="stmt" count="0"/>
      <line num="127" type="stmt" count="0"/>
      <line num="128" type="stmt" count="0"/>
      <line num="130" type="stmt" count="0"/>
      <line num="131" type="stmt" count="0"/>
      <line num="132" type="stmt" count="0"/>
      <line num="134" type="stmt" count="0"/>
      <line num="135" type="stmt" count="0"/>
      <line num="136" type="stmt" count="0"/>
      <line num="137" type="stmt" count="0"/>
      <line num="138" type="stmt" count="0"/>
      <line num="139" type="stmt" count="0"/>
      <line num="140" type="stmt" count="0"/>
      <line num="141" type="stmt" count="0"/>
      <line num="142" type="stmt" count="0"/>
      <line num="143" type="stmt" count="0"/>
      <line num="146" type="stmt" count="0"/>
      <line num="148" type="stmt" count="0"/>
      <line num="149" type="stmt" count="0"/>
      <line num="150" type="stmt" count="0"/>
      <line num="155" type="stmt" count="0"/>
      <line num="161" type="stmt" count="0"/>
      <line num="162" type="stmt" count="0"/>
      <line num="164" type="stmt" count="0"/>
      <line num="165" type="stmt" count="0"/>
      <line num="166" type="stmt" count="0"/>
      <line num="169" type="stmt" count="0"/>
      <line num="172" type="stmt" count="0"/>
      <line num="173" type="stmt" count="0"/>
      <line num="174" type="stmt" count="0"/>
      <line num="175" type="stmt" count="0"/>
      <line num="176" type="stmt" count="0"/>
      <line num="177" type="stmt" count="0"/>
      <line num="178" type="stmt" count="0"/>
      <line num="180" type="stmt" count="0"/>
      <line num="184" type="stmt" count="0"/>
      <line num="188" type="stmt" count="0"/>
      <line num="192" type="stmt" count="0"/>
      <line num="196" type="stmt" count="0"/>
      <line num="200" type="stmt" count="0"/>
      <line num="214" type="stmt" count="0"/>
      <line num="216" type="stmt" count="0"/>
      <line num="218" type="stmt" count="0"/>
      <line num="223" type="stmt" count="0"/>
      <line num="224" type="stmt" count="0"/>
      <line num="225" type="stmt" count="0"/>
      <line num="226" type="stmt" count="0"/>
      <line num="227" type="stmt" count="0"/>
      <line num="229" type="stmt" count="0"/>
      <line num="230" type="stmt" count="0"/>
      <line num="231" type="stmt" count="0"/>
      <metrics loc="232" ncloc="221" classes="0" methods="0" coveredmethods="0" conditionals="0" coveredconditionals="0" statements="127" coveredstatements="0" elements="127" coveredelements="0"/>
    </file>
    <file name="/home/mikespub/seblucas-cops/resources/php-epub-meta/lib/Contents/Nav.php">
      <class name="SebLucas\EPubMeta\Contents\Nav" namespace="global">
        <metrics complexity="5" methods="5" coveredmethods="4" conditionals="0" coveredconditionals="0" statements="7" coveredstatements="6" elements="12" coveredelements="10"/>
      </class>
      <line num="24" type="method" name="__construct" visibility="public" complexity="1" crap="1" count="1"/>
      <line num="26" type="stmt" count="1"/>
      <line num="27" type="stmt" count="1"/>
      <line num="28" type="stmt" count="1"/>
      <line num="34" type="method" name="getDocTitle" visibility="public" complexity="1" crap="1" count="1"/>
      <line num="36" type="stmt" count="1"/>
      <line num="42" type="method" name="getDocAuthor" visibility="public" complexity="1" crap="1" count="1"/>
      <line num="44" type="stmt" count="1"/>
      <line num="50" type="method" name="getNavMap" visibility="public" complexity="1" crap="1" count="1"/>
      <line num="52" type="stmt" count="1"/>
      <line num="59" type="method" name="findNavPointsForFile" visibility="public" complexity="1" crap="2" count="0"/>
      <line num="61" type="stmt" count="0"/>
      <metrics loc="64" ncloc="38" classes="1" methods="5" coveredmethods="4" conditionals="0" coveredconditionals="0" statements="7" coveredstatements="6" elements="12" coveredelements="10"/>
    </file>
    <file name="/home/mikespub/seblucas-cops/resources/php-epub-meta/lib/Contents/NavPoint.php">
      <class name="SebLucas\EPubMeta\Contents\NavPoint" namespace="global">
        <metrics complexity="10" methods="9" coveredmethods="7" conditionals="0" coveredconditionals="0" statements="16" coveredstatements="14" elements="25" coveredelements="21"/>
      </class>
      <line num="34" type="method" name="__construct" visibility="public" complexity="1" crap="1" count="2"/>
      <line num="36" type="stmt" count="2"/>
      <line num="37" type="stmt" count="2"/>
      <line num="38" type="stmt" count="2"/>
      <line num="39" type="stmt" count="2"/>
      <line num="40" type="stmt" count="2"/>
      <line num="41" type="stmt" count="2"/>
      <line num="42" type="stmt" count="2"/>
      <line num="43" type="stmt" count="2"/>
      <line num="49" type="method" name="getId" visibility="public" complexity="1" crap="1" count="2"/>
      <line num="51" type="stmt" count="2"/>
      <line num="57" type="method" name="getClass" visibility="public" complexity="1" crap="1" count="2"/>
      <line num="59" type="stmt" count="2"/>
      <line num="65" type="method" name="getPlayOrder" visibility="public" complexity="1" crap="1" count="2"/>
      <line num="67" type="stmt" count="2"/>
      <line num="73" type="method" name="getNavLabel" visibility="public" complexity="1" crap="1" count="2"/>
      <line num="75" type="stmt" count="2"/>
      <line num="81" type="method" name="getContentSource" visibility="public" complexity="2" crap="2" count="2"/>
      <line num="83" type="stmt" count="2"/>
      <line num="89" type="method" name="getContentSourceFile" visibility="public" complexity="1" crap="2" count="0"/>
      <line num="91" type="stmt" count="0"/>
      <line num="97" type="method" name="getContentSourceFragment" visibility="public" complexity="1" crap="2" count="0"/>
      <line num="99" type="stmt" count="0"/>
      <line num="105" type="method" name="getChildren" visibility="public" complexity="1" crap="1" count="2"/>
      <line num="107" type="stmt" count="2"/>
      <metrics loc="110" ncloc="67" classes="1" methods="9" coveredmethods="7" conditionals="0" coveredconditionals="0" statements="16" coveredstatements="14" elements="25" coveredelements="21"/>
    </file>
    <file name="/home/mikespub/seblucas-cops/resources/php-epub-meta/lib/Contents/NavPointList.php">
      <class name="SebLucas\EPubMeta\Contents\NavPointList" namespace="global">
        <metrics complexity="14" methods="11" coveredmethods="10" conditionals="0" coveredconditionals="0" statements="18" coveredstatements="10" elements="29" coveredelements="20"/>
      </class>
      <line num="18" type="method" name="__construct" visibility="public" complexity="1" crap="1" count="2"/>
      <line num="20" type="stmt" count="2"/>
      <line num="26" type="method" name="addNavPoint" visibility="public" complexity="1" crap="1" count="2"/>
      <line num="28" type="stmt" count="2"/>
      <line num="36" type="method" name="findNavPointsForFile" visibility="public" complexity="4" crap="20" count="0"/>
      <line num="38" type="stmt" count="0"/>
      <line num="39" type="stmt" count="0"/>
      <line num="40" type="stmt" count="0"/>
      <line num="41" type="stmt" count="0"/>
      <line num="43" type="stmt" count="0"/>
      <line num="44" type="stmt" count="0"/>
      <line num="45" type="stmt" count="0"/>
      <line num="48" type="stmt" count="0"/>
      <line num="57" type="method" name="current" visibility="public" complexity="1" crap="1" count="2"/>
      <line num="59" type="stmt" count="2"/>
      <line num="68" type="method" name="next" visibility="public" complexity="1" crap="1" count="2"/>
      <line num="70" type="stmt" count="2"/>
      <line num="79" type="method" name="key" visibility="public" complexity="1" crap="1" count="2"/>
      <line num="81" type="stmt" count="2"/>
      <line num="91" type="method" name="valid" visibility="public" complexity="1" crap="1" count="2"/>
      <line num="93" type="stmt" count="2"/>
      <line num="102" type="method" name="rewind" visibility="public" complexity="1" crap="1" count="2"/>
      <line num="104" type="stmt" count="2"/>
      <line num="110" type="method" name="first" visibility="public" complexity="1" crap="1" count="2"/>
      <line num="112" type="stmt" count="2"/>
      <line num="118" type="method" name="last" visibility="public" complexity="1" crap="1" count="1"/>
      <line num="120" type="stmt" count="1"/>
      <line num="126" type="method" name="count" visibility="public" complexity="1" crap="1" count="2"/>
      <line num="128" type="stmt" count="2"/>
      <metrics loc="131" ncloc="75" classes="1" methods="11" coveredmethods="10" conditionals="0" coveredconditionals="0" statements="18" coveredstatements="10" elements="29" coveredelements="20"/>
    </file>
    <file name="/home/mikespub/seblucas-cops/resources/php-epub-meta/lib/Contents/Spine.php">
      <class name="SebLucas\EPubMeta\Contents\Spine" namespace="global">
        <metrics complexity="16" methods="16" coveredmethods="12" conditionals="0" coveredconditionals="0" statements="17" coveredstatements="13" elements="33" coveredelements="25"/>
      </class>
      <line num="32" type="method" name="__construct" visibility="public" complexity="1" crap="1" count="20"/>
      <line num="34" type="stmt" count="20"/>
      <line num="35" type="stmt" count="20"/>
      <line num="43" type="method" name="getTocItem" visibility="public" complexity="1" crap="1" count="3"/>
      <line num="45" type="stmt" count="3"/>
      <line num="53" type="method" name="getTocFormat" visibility="public" complexity="1" crap="1" count="1"/>
      <line num="55" type="stmt" count="1"/>
      <line num="64" type="method" name="appendItem" visibility="public" complexity="1" crap="1" count="20"/>
      <line num="66" type="stmt" count="20"/>
      <line num="75" type="method" name="current" visibility="public" complexity="1" crap="1" count="4"/>
      <line num="77" type="stmt" count="4"/>
      <line num="85" type="method" name="next" visibility="public" complexity="1" crap="1" count="4"/>
      <line num="87" type="stmt" count="4"/>
      <line num="96" type="method" name="key" visibility="public" complexity="1" crap="2" count="0"/>
      <line num="98" type="stmt" count="0"/>
      <line num="107" type="method" name="valid" visibility="public" complexity="1" crap="1" count="3"/>
      <line num="109" type="stmt" count="3"/>
      <line num="118" type="method" name="rewind" visibility="public" complexity="1" crap="1" count="3"/>
      <line num="120" type="stmt" count="3"/>
      <line num="128" type="method" name="first" visibility="public" complexity="1" crap="1" count="2"/>
      <line num="130" type="stmt" count="2"/>
      <line num="138" type="method" name="last" visibility="public" complexity="1" crap="1" count="1"/>
      <line num="140" type="stmt" count="1"/>
      <line num="149" type="method" name="count" visibility="public" complexity="1" crap="1" count="1"/>
      <line num="151" type="stmt" count="1"/>
      <line num="160" type="method" name="offsetExists" visibility="public" complexity="1" crap="2" count="0"/>
      <line num="162" type="stmt" count="0"/>
      <line num="171" type="method" name="offsetGet" visibility="public" complexity="1" crap="1" count="14"/>
      <line num="173" type="stmt" count="14"/>
      <line num="183" type="method" name="offsetSet" visibility="public" complexity="1" crap="2" count="0"/>
      <line num="185" type="stmt" count="0"/>
      <line num="194" type="method" name="offsetUnset" visibility="public" complexity="1" crap="2" count="0"/>
      <line num="196" type="stmt" count="0"/>
      <metrics loc="199" ncloc="98" classes="1" methods="16" coveredmethods="12" conditionals="0" coveredconditionals="0" statements="17" coveredstatements="13" elements="33" coveredelements="25"/>
    </file>
    <file name="/home/mikespub/seblucas-cops/resources/php-epub-meta/lib/Contents/Toc.php">
      <class name="SebLucas\EPubMeta\Contents\Toc" namespace="global">
        <metrics complexity="5" methods="5" coveredmethods="4" conditionals="0" coveredconditionals="0" statements="7" coveredstatements="6" elements="12" coveredelements="10"/>
      </class>
      <line num="24" type="method" name="__construct" visibility="public" complexity="1" crap="1" count="1"/>
      <line num="26" type="stmt" count="1"/>
      <line num="27" type="stmt" count="1"/>
      <line num="28" type="stmt" count="1"/>
      <line num="34" type="method" name="getDocTitle" visibility="public" complexity="1" crap="1" count="1"/>
      <line num="36" type="stmt" count="1"/>
      <line num="42" type="method" name="getDocAuthor" visibility="public" complexity="1" crap="1" count="1"/>
      <line num="44" type="stmt" count="1"/>
      <line num="50" type="method" name="getNavMap" visibility="public" complexity="1" crap="1" count="1"/>
      <line num="52" type="stmt" count="1"/>
      <line num="59" type="method" name="findNavPointsForFile" visibility="public" complexity="1" crap="2" count="0"/>
      <line num="61" type="stmt" count="0"/>
      <metrics loc="64" ncloc="38" classes="1" methods="5" coveredmethods="4" conditionals="0" coveredconditionals="0" statements="7" coveredstatements="6" elements="12" coveredelements="10"/>
    </file>
    <file name="/home/mikespub/seblucas-cops/resources/php-epub-meta/lib/Data/Item.php">
      <class name="SebLucas\EPubMeta\Data\Item" namespace="global">
        <metrics complexity="30" methods="7" coveredmethods="7" conditionals="0" coveredconditionals="0" statements="68" coveredstatements="68" elements="75" coveredelements="75"/>
      </class>
      <line num="40" type="method" name="__construct" visibility="public" complexity="2" crap="2" count="23"/>
      <line num="42" type="stmt" count="23"/>
      <line num="43" type="stmt" count="23"/>
      <line num="44" type="stmt" count="23"/>
      <line num="45" type="stmt" count="23"/>
      <line num="46" type="stmt" count="23"/>
      <line num="52" type="method" name="getId" visibility="public" complexity="1" crap="1" count="3"/>
      <line num="54" type="stmt" count="3"/>
      <line num="60" type="method" name="getHref" visibility="public" complexity="1" crap="1" count="5"/>
      <line num="62" type="stmt" count="5"/>
      <line num="68" type="method" name="getMediaType" visibility="public" complexity="1" crap="1" count="3"/>
      <line num="70" type="stmt" count="3"/>
      <line num="82" type="method" name="getContents" visibility="public" complexity="21" crap="21" count="16"/>
      <line num="84" type="stmt" count="16"/>
      <line num="85" type="stmt" count="16"/>
      <line num="88" type="stmt" count="16"/>
      <line num="89" type="stmt" count="5"/>
      <line num="90" type="stmt" count="5"/>
      <line num="91" type="stmt" count="5"/>
      <line num="92" type="stmt" count="1"/>
      <line num="95" type="stmt" count="11"/>
      <line num="98" type="stmt" count="15"/>
      <line num="99" type="stmt" count="15"/>
      <line num="100" type="stmt" count="15"/>
      <line num="101" type="stmt" count="15"/>
      <line num="102" type="stmt" count="15"/>
      <line num="103" type="stmt" count="15"/>
      <line num="104" type="stmt" count="15"/>
      <line num="105" type="stmt" count="15"/>
      <line num="106" type="stmt" count="15"/>
      <line num="107" type="stmt" count="15"/>
      <line num="108" type="stmt" count="15"/>
      <line num="109" type="stmt" count="15"/>
      <line num="110" type="stmt" count="15"/>
      <line num="111" type="stmt" count="15"/>
      <line num="112" type="stmt" count="15"/>
      <line num="113" type="stmt" count="15"/>
      <line num="114" type="stmt" count="15"/>
      <line num="115" type="stmt" count="15"/>
      <line num="116" type="stmt" count="15"/>
      <line num="117" type="stmt" count="15"/>
      <line num="120" type="stmt" count="15"/>
      <line num="121" type="stmt" count="15"/>
      <line num="123" type="stmt" count="15"/>
      <line num="124" type="stmt" count="15"/>
      <line num="125" type="stmt" count="15"/>
      <line num="126" type="stmt" count="15"/>
      <line num="127" type="stmt" count="5"/>
      <line num="128" type="stmt" count="5"/>
      <line num="129" type="stmt" count="14"/>
      <line num="131" type="stmt" count="13"/>
      <line num="133" type="stmt" count="13"/>
      <line num="136" type="stmt" count="15"/>
      <line num="138" type="stmt" count="15"/>
      <line num="139" type="stmt" count="15"/>
      <line num="144" type="stmt" count="15"/>
      <line num="145" type="stmt" count="15"/>
      <line num="146" type="stmt" count="15"/>
      <line num="149" type="stmt" count="15"/>
      <line num="151" type="stmt" count="15"/>
      <line num="152" type="stmt" count="15"/>
      <line num="153" type="stmt" count="15"/>
      <line num="155" type="stmt" count="15"/>
      <line num="156" type="stmt" count="11"/>
      <line num="158" type="stmt" count="1"/>
      <line num="162" type="stmt" count="14"/>
      <line num="163" type="stmt" count="4"/>
      <line num="166" type="stmt" count="14"/>
      <line num="174" type="method" name="getData" visibility="public" complexity="2" crap="2" count="17"/>
      <line num="176" type="stmt" count="17"/>
      <line num="177" type="stmt" count="17"/>
      <line num="178" type="stmt" count="17"/>
      <line num="181" type="stmt" count="17"/>
      <line num="189" type="method" name="getSize" visibility="public" complexity="2" crap="2" count="3"/>
      <line num="191" type="stmt" count="3"/>
      <metrics loc="194" ncloc="138" classes="1" methods="7" coveredmethods="7" conditionals="0" coveredconditionals="0" statements="68" coveredstatements="68" elements="75" coveredelements="75"/>
    </file>
    <file name="/home/mikespub/seblucas-cops/resources/php-epub-meta/lib/Data/Manifest.php">
      <class name="SebLucas\EPubMeta\Data\Manifest" namespace="global">
        <metrics complexity="14" methods="13" coveredmethods="7" conditionals="0" coveredconditionals="0" statements="17" coveredstatements="11" elements="30" coveredelements="18"/>
      </class>
      <line num="34" type="method" name="createItem" visibility="public" complexity="2" crap="2.03" count="23"/>
      <line num="36" type="stmt" count="23"/>
      <line num="37" type="stmt" count="0"/>
      <line num="39" type="stmt" count="23"/>
      <line num="40" type="stmt" count="23"/>
      <line num="42" type="stmt" count="23"/>
      <line num="51" type="method" name="current" visibility="public" complexity="1" crap="1" count="1"/>
      <line num="53" type="stmt" count="1"/>
      <line num="61" type="method" name="next" visibility="public" complexity="1" crap="1" count="1"/>
      <line num="63" type="stmt" count="1"/>
      <line num="72" type="method" name="key" visibility="public" complexity="1" crap="2" count="0"/>
      <line num="74" type="stmt" count="0"/>
      <line num="83" type="method" name="valid" visibility="public" complexity="1" crap="2" count="0"/>
      <line num="85" type="stmt" count="0"/>
      <line num="94" type="method" name="rewind" visibility="public" complexity="1" crap="2" count="0"/>
      <line num="96" type="stmt" count="0"/>
      <line num="104" type="method" name="first" visibility="public" complexity="1" crap="1" count="1"/>
      <line num="106" type="stmt" count="1"/>
      <line num="114" type="method" name="last" visibility="public" complexity="1" crap="1" count="1"/>
      <line num="116" type="stmt" count="1"/>
      <line num="125" type="method" name="count" visibility="public" complexity="1" crap="1" count="1"/>
      <line num="127" type="stmt" count="1"/>
      <line num="136" type="method" name="offsetExists" visibility="public" complexity="1" crap="1" count="21"/>
      <line num="138" type="stmt" count="21"/>
      <line num="147" type="method" name="offsetGet" visibility="public" complexity="1" crap="1" count="21"/>
      <line num="149" type="stmt" count="21"/>
      <line num="159" type="method" name="offsetSet" visibility="public" complexity="1" crap="2" count="0"/>
      <line num="161" type="stmt" count="0"/>
      <line num="170" type="method" name="offsetUnset" visibility="public" complexity="1" crap="2" count="0"/>
      <line num="172" type="stmt" count="0"/>
      <metrics loc="175" ncloc="86" classes="1" methods="13" coveredmethods="7" conditionals="0" coveredconditionals="0" statements="17" coveredstatements="11" elements="30" coveredelements="18"/>
    </file>
    <file name="/home/mikespub/seblucas-cops/resources/php-epub-meta/lib/Dom/Element.php">
      <class name="SebLucas\EPubMeta\Dom\Element" namespace="global">
        <metrics complexity="28" methods="12" coveredmethods="7" conditionals="0" coveredconditionals="0" statements="48" coveredstatements="30" elements="60" coveredelements="37"/>
      </class>
      <line num="39" type="method" name="__construct" visibility="public" complexity="3" crap="3" count="13"/>
      <line num="41" type="stmt" count="13"/>
      <line num="42" type="stmt" count="13"/>
      <line num="43" type="stmt" count="13"/>
      <line num="45" type="stmt" count="1"/>
      <line num="47" type="stmt" count="13"/>
      <line num="55" type="method" name="__get" visibility="public" complexity="2" crap="6" count="0"/>
      <line num="58" type="stmt" count="0"/>
      <line num="59" type="stmt" count="0"/>
      <line num="62" type="stmt" count="0"/>
      <line num="71" type="method" name="__set" visibility="public" complexity="2" crap="6" count="0"/>
      <line num="74" type="stmt" count="0"/>
      <line num="75" type="stmt" count="0"/>
      <line num="87" type="method" name="newChild" visibility="public" complexity="2" crap="2" count="12"/>
      <line num="89" type="stmt" count="12"/>
      <line num="92" type="stmt" count="12"/>
      <line num="95" type="stmt" count="12"/>
      <line num="96" type="stmt" count="12"/>
      <line num="106" type="method" name="splitns" visibility="public" complexity="2" crap="6" count="0"/>
      <line num="108" type="stmt" count="0"/>
      <line num="109" type="stmt" count="0"/>
      <line num="110" type="stmt" count="0"/>
      <line num="112" type="stmt" count="0"/>
      <line num="122" type="method" name="attr" visibility="public" complexity="3" crap="12" count="0"/>
      <line num="124" type="stmt" count="0"/>
      <line num="125" type="stmt" count="0"/>
      <line num="127" type="stmt" count="0"/>
      <line num="130" type="stmt" count="0"/>
      <line num="134" type="stmt" count="0"/>
      <line num="143" type="method" name="getAttrib" visibility="public" complexity="2" crap="2" count="45"/>
      <line num="145" type="stmt" count="45"/>
      <line num="148" type="stmt" count="45"/>
      <line num="149" type="stmt" count="3"/>
      <line num="151" type="stmt" count="45"/>
      <line num="161" type="method" name="setAttrib" visibility="public" complexity="2" crap="2" count="8"/>
      <line num="163" type="stmt" count="8"/>
      <line num="165" type="stmt" count="8"/>
      <line num="166" type="stmt" count="6"/>
      <line num="168" type="stmt" count="2"/>
      <line num="177" type="method" name="removeAttrib" visibility="public" complexity="2" crap="6" count="0"/>
      <line num="179" type="stmt" count="0"/>
      <line num="181" type="stmt" count="0"/>
      <line num="182" type="stmt" count="0"/>
      <line num="184" type="stmt" count="0"/>
      <line num="192" type="method" name="delete" visibility="public" complexity="1" crap="1" count="14"/>
      <line num="194" type="stmt" count="14"/>
      <line num="203" type="method" name="splitQualifiedName" visibility="protected" complexity="2" crap="2" count="45"/>
      <line num="205" type="stmt" count="45"/>
      <line num="206" type="stmt" count="45"/>
      <line num="207" type="stmt" count="45"/>
      <line num="210" type="stmt" count="45"/>
      <line num="217" type="method" name="getNameContext" visibility="protected" complexity="5" crap="5" count="45"/>
      <line num="219" type="stmt" count="45"/>
      <line num="221" type="stmt" count="45"/>
      <line num="222" type="stmt" count="45"/>
      <line num="224" type="stmt" count="16"/>
      <line num="226" type="stmt" count="16"/>
      <line num="227" type="stmt" count="16"/>
      <line num="229" type="stmt" count="4"/>
      <line num="233" type="stmt" count="45"/>
      <metrics loc="236" ncloc="142" classes="1" methods="12" coveredmethods="7" conditionals="0" coveredconditionals="0" statements="48" coveredstatements="30" elements="60" coveredelements="37"/>
    </file>
    <file name="/home/mikespub/seblucas-cops/resources/php-epub-meta/lib/Dom/XPath.php">
      <class name="SebLucas\EPubMeta\Dom\XPath" namespace="global">
        <metrics complexity="2" methods="1" coveredmethods="1" conditionals="0" coveredconditionals="0" statements="3" coveredstatements="3" elements="4" coveredelements="4"/>
      </class>
      <line num="24" type="method" name="__construct" visibility="public" complexity="2" crap="2" count="45"/>
      <line num="26" type="stmt" count="45"/>
      <line num="28" type="stmt" count="45"/>
      <line num="29" type="stmt" count="45"/>
      <metrics loc="33" ncloc="19" classes="1" methods="1" coveredmethods="1" conditionals="0" coveredconditionals="0" statements="3" coveredstatements="3" elements="4" coveredelements="4"/>
    </file>
    <file name="/home/mikespub/seblucas-cops/resources/php-epub-meta/lib/Dom/XmlNamespace.php">
      <class name="Epubli\Epub\Dom\XmlNamespace" namespace="global">
        <metrics complexity="4" methods="2" coveredmethods="0" conditionals="0" coveredconditionals="0" statements="9" coveredstatements="0" elements="11" coveredelements="0"/>
      </class>
      <line num="38" type="method" name="getUri" visibility="public" complexity="2" crap="6" count="0"/>
      <line num="40" type="stmt" count="0"/>
      <line num="41" type="stmt" count="0"/>
      <line num="42" type="stmt" count="0"/>
      <line num="45" type="stmt" count="0"/>
      <line num="53" type="method" name="toPrefixArray" visibility="public" complexity="2" crap="6" count="0"/>
      <line num="55" type="stmt" count="0"/>
      <line num="56" type="stmt" count="0"/>
      <line num="57" type="stmt" count="0"/>
      <line num="58" type="stmt" count="0"/>
      <line num="61" type="stmt" count="0"/>
      <metrics loc="64" ncloc="39" classes="1" methods="2" coveredmethods="0" conditionals="0" coveredconditionals="0" statements="9" coveredstatements="0" elements="11" coveredelements="0"/>
    </file>
    <file name="/home/mikespub/seblucas-cops/resources/php-epub-meta/lib/EPub.php">
      <class name="SebLucas\EPubMeta\EPub" namespace="global">
        <metrics complexity="236" methods="112" coveredmethods="42" conditionals="0" coveredconditionals="0" statements="680" coveredstatements="396" elements="792" coveredelements="438"/>
      </class>
      <line num="75" type="method" name="__construct" visibility="public" complexity="3" crap="3.03" count="45"/>
      <line num="77" type="stmt" count="45"/>
      <line num="78" type="stmt" count="2"/>
      <line num="80" type="stmt" count="45"/>
      <line num="81" type="stmt" count="0"/>
      <line num="84" type="stmt" count="45"/>
      <line num="85" type="stmt" count="45"/>
      <line num="88" type="stmt" count="45"/>
      <line num="97" type="method" name="openZipFile" visibility="public" complexity="2" crap="2" count="45"/>
      <line num="99" type="stmt" count="45"/>
      <line num="100" type="stmt" count="45"/>
      <line num="101" type="stmt" count="2"/>
      <line num="103" type="stmt" count="45"/>
      <line num="111" type="method" name="loadMetadata" visibility="public" complexity="5" crap="5.06" count="45"/>
      <line num="113" type="stmt" count="45"/>
      <line num="114" type="stmt" count="1"/>
      <line num="117" type="stmt" count="45"/>
      <line num="118" type="stmt" count="45"/>
      <line num="119" type="stmt" count="0"/>
      <line num="121" type="stmt" count="45"/>
      <line num="122" type="stmt" count="45"/>
      <line num="123" type="stmt" count="45"/>
      <line num="124" type="stmt" count="45"/>
      <line num="125" type="stmt" count="45"/>
      <line num="126" type="stmt" count="45"/>
      <line num="129" type="stmt" count="45"/>
      <line num="130" type="stmt" count="0"/>
      <line num="133" type="stmt" count="45"/>
      <line num="134" type="stmt" count="45"/>
      <line num="135" type="stmt" count="0"/>
      <line num="137" type="stmt" count="45"/>
      <line num="138" type="stmt" count="45"/>
      <line num="139" type="stmt" count="45"/>
      <line num="140" type="stmt" count="45"/>
      <line num="141" type="stmt" count="45"/>
      <line num="143" type="stmt" count="45"/>
      <line num="151" type="method" name="initSpineComponent" visibility="public" complexity="4" crap="20" count="0"/>
      <line num="153" type="stmt" count="0"/>
      <line num="154" type="stmt" count="0"/>
      <line num="155" type="stmt" count="0"/>
      <line num="156" type="stmt" count="0"/>
      <line num="157" type="stmt" count="0"/>
      <line num="158" type="stmt" count="0"/>
      <line num="160" type="stmt" count="0"/>
      <line num="161" type="stmt" count="0"/>
      <line num="163" type="stmt" count="0"/>
      <line num="164" type="stmt" count="0"/>
      <line num="165" type="stmt" count="0"/>
      <line num="166" type="stmt" count="0"/>
      <line num="167" type="stmt" count="0"/>
      <line num="168" type="stmt" count="0"/>
      <line num="169" type="stmt" count="0"/>
      <line num="170" type="stmt" count="0"/>
      <line num="172" type="stmt" count="0"/>
      <line num="173" type="stmt" count="0"/>
      <line num="174" type="stmt" count="0"/>
      <line num="176" type="stmt" count="0"/>
      <line num="177" type="stmt" count="0"/>
      <line num="180" type="stmt" count="0"/>
      <line num="181" type="stmt" count="0"/>
      <line num="182" type="stmt" count="0"/>
      <line num="183" type="stmt" count="0"/>
      <line num="184" type="stmt" count="0"/>
      <line num="185" type="stmt" count="0"/>
      <line num="186" type="stmt" count="0"/>
      <line num="194" type="method" name="getEpubVersion" visibility="public" complexity="4" crap="20" count="0"/>
      <line num="196" type="stmt" count="0"/>
      <line num="197" type="stmt" count="0"/>
      <line num="200" type="stmt" count="0"/>
      <line num="201" type="stmt" count="0"/>
      <line num="202" type="stmt" count="0"/>
      <line num="203" type="stmt" count="0"/>
      <line num="205" type="stmt" count="0"/>
      <line num="206" type="stmt" count="0"/>
      <line num="207" type="stmt" count="0"/>
      <line num="211" type="stmt" count="0"/>
      <line num="218" type="method" name="file" visibility="public" complexity="1" crap="1" count="1"/>
      <line num="220" type="stmt" count="1"/>
      <line num="227" type="method" name="meta" visibility="public" complexity="1" crap="2" count="0"/>
      <line num="229" type="stmt" count="0"/>
      <line num="236" type="method" name="close" visibility="public" complexity="1" crap="1" count="1"/>
      <line num="238" type="stmt" count="1"/>
      <line num="240" type="stmt" count="1"/>
      <line num="247" type="method" name="cleanITunesCrap" visibility="public" complexity="3" crap="12" count="0"/>
      <line num="249" type="stmt" count="0"/>
      <line num="250" type="stmt" count="0"/>
      <line num="252" type="stmt" count="0"/>
      <line num="253" type="stmt" count="0"/>
      <line num="261" type="method" name="save" visibility="public" complexity="1" crap="2" count="0"/>
      <line num="263" type="stmt" count="0"/>
      <line num="264" type="stmt" count="0"/>
      <line num="273" type="method" name="download" visibility="public" complexity="4" crap="20" count="0"/>
      <line num="275" type="stmt" count="0"/>
      <line num="277" type="stmt" count="0"/>
      <line num="278" type="stmt" count="0"/>
      <line num="279" type="stmt" count="0"/>
      <line num="281" type="stmt" count="0"/>
      <line num="282" type="stmt" count="0"/>
      <line num="283" type="stmt" count="0"/>
      <line num="284" type="stmt" count="0"/>
      <line num="285" type="stmt" count="0"/>
      <line num="293" type="method" name="components" visibility="public" complexity="2" crap="6" count="0"/>
      <line num="295" type="stmt" count="0"/>
      <line num="296" type="stmt" count="0"/>
      <line num="297" type="stmt" count="0"/>
      <line num="299" type="stmt" count="0"/>
      <line num="301" type="stmt" count="0"/>
      <line num="302" type="stmt" count="0"/>
      <line num="304" type="stmt" count="0"/>
      <line num="312" type="method" name="component" visibility="public" complexity="2" crap="2.09" count="1"/>
      <line num="314" type="stmt" count="1"/>
      <line num="315" type="stmt" count="1"/>
      <line num="316" type="stmt" count="1"/>
      <line num="317" type="stmt" count="0"/>
      <line num="318" type="stmt" count="0"/>
      <line num="321" type="stmt" count="1"/>
      <line num="322" type="stmt" count="1"/>
      <line num="331" type="method" name="getComponentName" visibility="public" complexity="3" crap="12" count="0"/>
      <line num="333" type="stmt" count="0"/>
      <line num="334" type="stmt" count="0"/>
      <line num="335" type="stmt" count="0"/>
      <line num="336" type="stmt" count="0"/>
      <line num="337" type="stmt" count="0"/>
      <line num="339" type="stmt" count="0"/>
      <line num="340" type="stmt" count="0"/>
      <line num="341" type="stmt" count="0"/>
      <line num="342" type="stmt" count="0"/>
      <line num="343" type="stmt" count="0"/>
      <line num="345" type="stmt" count="0"/>
      <line num="353" type="method" name="encodeComponentName" visibility="protected" complexity="1" crap="2" count="0"/>
      <line num="355" type="stmt" count="0"/>
      <line num="356" type="stmt" count="0"/>
      <line num="357" type="stmt" count="0"/>
      <line num="358" type="stmt" count="0"/>
      <line num="359" type="stmt" count="0"/>
      <line num="367" type="method" name="decodeComponentName" visibility="protected" complexity="1" crap="1" count="2"/>
      <line num="369" type="stmt" count="2"/>
      <line num="370" type="stmt" count="2"/>
      <line num="371" type="stmt" count="2"/>
      <line num="372" type="stmt" count="2"/>
      <line num="373" type="stmt" count="2"/>
      <line num="382" type="method" name="componentContentType" visibility="public" complexity="3" crap="12" count="0"/>
      <line num="384" type="stmt" count="0"/>
      <line num="385" type="stmt" count="0"/>
      <line num="386" type="stmt" count="0"/>
      <line num="387" type="stmt" count="0"/>
      <line num="391" type="stmt" count="0"/>
      <line num="392" type="stmt" count="0"/>
      <line num="393" type="stmt" count="0"/>
      <line num="394" type="stmt" count="0"/>
      <line num="396" type="stmt" count="0"/>
      <line num="404" type="method" name="getComponentSize" visibility="public" complexity="2" crap="2.09" count="1"/>
      <line num="406" type="stmt" count="1"/>
      <line num="407" type="stmt" count="1"/>
      <line num="408" type="stmt" count="1"/>
      <line num="409" type="stmt" count="0"/>
      <line num="410" type="stmt" count="0"/>
      <line num="413" type="stmt" count="1"/>
      <line num="414" type="stmt" count="1"/>
      <line num="423" type="method" name="getNavPointDetail" visibility="protected" complexity="1" crap="2" count="0"/>
      <line num="425" type="stmt" count="0"/>
      <line num="426" type="stmt" count="0"/>
      <line num="427" type="stmt" count="0"/>
      <line num="428" type="stmt" count="0"/>
      <line num="429" type="stmt" count="0"/>
      <line num="438" type="method" name="getNavTocListItem" visibility="protected" complexity="1" crap="2" count="0"/>
      <line num="440" type="stmt" count="0"/>
      <line num="441" type="stmt" count="0"/>
      <line num="442" type="stmt" count="0"/>
      <line num="443" type="stmt" count="0"/>
      <line num="444" type="stmt" count="0"/>
      <line num="453" type="method" name="contents" visibility="public" complexity="5" crap="30" count="0"/>
      <line num="455" type="stmt" count="0"/>
      <line num="456" type="stmt" count="0"/>
      <line num="457" type="stmt" count="0"/>
      <line num="458" type="stmt" count="0"/>
      <line num="459" type="stmt" count="0"/>
      <line num="460" type="stmt" count="0"/>
      <line num="462" type="stmt" count="0"/>
      <line num="464" type="stmt" count="0"/>
      <line num="465" type="stmt" count="0"/>
      <line num="466" type="stmt" count="0"/>
      <line num="468" type="stmt" count="0"/>
      <line num="469" type="stmt" count="0"/>
      <line num="470" type="stmt" count="0"/>
      <line num="473" type="stmt" count="0"/>
      <line num="482" type="method" name="Authors" visibility="public" complexity="2" crap="2" count="1"/>
      <line num="485" type="stmt" count="1"/>
      <line num="486" type="stmt" count="1"/>
      <line num="490" type="stmt" count="1"/>
      <line num="509" type="method" name="setAuthors" visibility="public" complexity="5" crap="5" count="2"/>
      <line num="512" type="stmt" count="2"/>
      <line num="513" type="stmt" count="2"/>
      <line num="514" type="stmt" count="2"/>
      <line num="516" type="stmt" count="2"/>
      <line num="517" type="stmt" count="2"/>
      <line num="522" type="stmt" count="2"/>
      <line num="523" type="stmt" count="2"/>
      <line num="527" type="stmt" count="2"/>
      <line num="528" type="stmt" count="2"/>
      <line num="529" type="stmt" count="2"/>
      <line num="530" type="stmt" count="2"/>
      <line num="532" type="stmt" count="2"/>
      <line num="533" type="stmt" count="2"/>
      <line num="534" type="stmt" count="2"/>
      <line num="537" type="stmt" count="2"/>
      <line num="544" type="method" name="getAuthors" visibility="public" complexity="5" crap="5" count="3"/>
      <line num="546" type="stmt" count="3"/>
      <line num="547" type="stmt" count="3"/>
      <line num="548" type="stmt" count="3"/>
      <line num="549" type="stmt" count="3"/>
      <line num="551" type="stmt" count="3"/>
      <line num="552" type="stmt" count="3"/>
      <line num="554" type="stmt" count="3"/>
      <line num="556" type="stmt" count="3"/>
      <line num="557" type="stmt" count="3"/>
      <line num="558" type="stmt" count="3"/>
      <line num="559" type="stmt" count="1"/>
      <line num="560" type="stmt" count="1"/>
      <line num="562" type="stmt" count="3"/>
      <line num="563" type="stmt" count="1"/>
      <line num="565" type="stmt" count="3"/>
      <line num="567" type="stmt" count="3"/>
      <line num="577" type="method" name="Title" visibility="public" complexity="1" crap="1" count="1"/>
      <line num="579" type="stmt" count="1"/>
      <line num="589" type="method" name="Language" visibility="public" complexity="1" crap="2" count="0"/>
      <line num="591" type="stmt" count="0"/>
      <line num="601" type="method" name="Publisher" visibility="public" complexity="1" crap="2" count="0"/>
      <line num="603" type="stmt" count="0"/>
      <line num="613" type="method" name="Copyright" visibility="public" complexity="1" crap="2" count="0"/>
      <line num="615" type="stmt" count="0"/>
      <line num="625" type="method" name="Description" visibility="public" complexity="1" crap="2" count="0"/>
      <line num="627" type="stmt" count="0"/>
      <line num="637" type="method" name="Uuid" visibility="public" complexity="2" crap="6" count="0"/>
      <line num="639" type="stmt" count="0"/>
      <line num="640" type="stmt" count="0"/>
      <line num="641" type="stmt" count="0"/>
      <line num="642" type="stmt" count="0"/>
      <line num="644" type="stmt" count="0"/>
      <line num="646" type="stmt" count="0"/>
      <line num="648" type="stmt" count="0"/>
      <line num="658" type="method" name="CreationDate" visibility="public" complexity="1" crap="2" count="0"/>
      <line num="660" type="stmt" count="0"/>
      <line num="662" type="stmt" count="0"/>
      <line num="672" type="method" name="ModificationDate" visibility="public" complexity="1" crap="2" count="0"/>
      <line num="674" type="stmt" count="0"/>
      <line num="676" type="stmt" count="0"/>
      <line num="686" type="method" name="Uri" visibility="public" complexity="1" crap="2" count="0"/>
      <line num="688" type="stmt" count="0"/>
      <line num="690" type="stmt" count="0"/>
      <line num="700" type="method" name="ISBN" visibility="public" complexity="1" crap="2" count="0"/>
      <line num="702" type="stmt" count="0"/>
      <line num="711" type="method" name="Google" visibility="public" complexity="1" crap="2" count="0"/>
      <line num="713" type="stmt" count="0"/>
      <line num="722" type="method" name="Amazon" visibility="public" complexity="1" crap="2" count="0"/>
      <line num="724" type="stmt" count="0"/>
      <line num="734" type="method" name="Calibre" visibility="public" complexity="1" crap="2" count="0"/>
      <line num="736" type="stmt" count="0"/>
      <line num="746" type="method" name="Serie" visibility="public" complexity="1" crap="2" count="0"/>
      <line num="748" type="stmt" count="0"/>
      <line num="757" type="method" name="setSeries" visibility="public" complexity="1" crap="2" count="0"/>
      <line num="759" type="stmt" count="0"/>
      <line num="767" type="method" name="getSeries" visibility="public" complexity="1" crap="2" count="0"/>
      <line num="769" type="stmt" count="0"/>
      <line num="779" type="method" name="SerieIndex" visibility="public" complexity="1" crap="2" count="0"/>
      <line num="781" type="stmt" count="0"/>
      <line num="790" type="method" name="setSeriesIndex" visibility="public" complexity="1" crap="2" count="0"/>
      <line num="792" type="stmt" count="0"/>
      <line num="800" type="method" name="getSeriesIndex" visibility="public" complexity="1" crap="2" count="0"/>
      <line num="802" type="stmt" count="0"/>
      <line num="815" type="method" name="Subjects" visibility="public" complexity="2" crap="2" count="1"/>
      <line num="818" type="stmt" count="1"/>
      <line num="819" type="stmt" count="1"/>
      <line num="823" type="stmt" count="1"/>
      <line num="835" type="method" name="setSubjects" visibility="public" complexity="4" crap="4" count="2"/>
      <line num="837" type="stmt" count="2"/>
      <line num="838" type="stmt" count="2"/>
      <line num="839" type="stmt" count="2"/>
      <line num="841" type="stmt" count="2"/>
      <line num="842" type="stmt" count="2"/>
      <line num="847" type="stmt" count="2"/>
      <line num="848" type="stmt" count="2"/>
      <line num="850" type="stmt" count="2"/>
      <line num="851" type="stmt" count="2"/>
      <line num="852" type="stmt" count="2"/>
      <line num="853" type="stmt" count="2"/>
      <line num="856" type="stmt" count="2"/>
      <line num="863" type="method" name="getSubjects" visibility="public" complexity="2" crap="2" count="2"/>
      <line num="865" type="stmt" count="2"/>
      <line num="866" type="stmt" count="2"/>
      <line num="867" type="stmt" count="2"/>
      <line num="868" type="stmt" count="2"/>
      <line num="870" type="stmt" count="2"/>
      <line num="885" type="method" name="Cover" visibility="public" complexity="2" crap="2.15" count="1"/>
      <line num="888" type="stmt" count="1"/>
      <line num="889" type="stmt" count="0"/>
      <line num="893" type="stmt" count="1"/>
      <line num="907" type="method" name="setCoverInfo" visibility="public" complexity="1" crap="2" count="0"/>
      <line num="910" type="stmt" count="0"/>
      <line num="911" type="stmt" count="0"/>
      <line num="913" type="stmt" count="0"/>
      <line num="914" type="stmt" count="0"/>
      <line num="918" type="stmt" count="0"/>
      <line num="919" type="stmt" count="0"/>
      <line num="920" type="stmt" count="0"/>
      <line num="921" type="stmt" count="0"/>
      <line num="925" type="stmt" count="0"/>
      <line num="926" type="stmt" count="0"/>
      <line num="927" type="stmt" count="0"/>
      <line num="928" type="stmt" count="0"/>
      <line num="929" type="stmt" count="0"/>
      <line num="932" type="stmt" count="0"/>
      <line num="933" type="stmt" count="0"/>
      <line num="935" type="stmt" count="0"/>
      <line num="952" type="method" name="getCoverInfo" visibility="public" complexity="5" crap="5.15" count="1"/>
      <line num="954" type="stmt" count="1"/>
      <line num="955" type="stmt" count="1"/>
      <line num="956" type="stmt" count="0"/>
      <line num="958" type="stmt" count="1"/>
      <line num="959" type="stmt" count="1"/>
      <line num="960" type="stmt" count="0"/>
      <line num="963" type="stmt" count="1"/>
      <line num="964" type="stmt" count="1"/>
      <line num="965" type="stmt" count="0"/>
      <line num="967" type="stmt" count="1"/>
      <line num="968" type="stmt" count="1"/>
      <line num="969" type="stmt" count="1"/>
      <line num="970" type="stmt" count="1"/>
      <line num="972" type="stmt" count="1"/>
      <line num="973" type="stmt" count="1"/>
      <line num="974" type="stmt" count="0"/>
      <line num="976" type="stmt" count="1"/>
      <line num="978" type="stmt" count="1"/>
      <line num="979" type="stmt" count="1"/>
      <line num="980" type="stmt" count="1"/>
      <line num="981" type="stmt" count="1"/>
      <line num="982" type="stmt" count="1"/>
      <line num="989" type="method" name="getCoverId" visibility="public" complexity="3" crap="3.03" count="3"/>
      <line num="991" type="stmt" count="3"/>
      <line num="992" type="stmt" count="3"/>
      <line num="993" type="stmt" count="1"/>
      <line num="996" type="stmt" count="3"/>
      <line num="997" type="stmt" count="3"/>
      <line num="998" type="stmt" count="0"/>
      <line num="1001" type="stmt" count="3"/>
      <line num="1008" type="method" name="getCoverItem" visibility="public" complexity="3" crap="3.02" count="3"/>
      <line num="1010" type="stmt" count="3"/>
      <line num="1011" type="stmt" count="3"/>
      <line num="1012" type="stmt" count="1"/>
      <line num="1015" type="stmt" count="3"/>
      <line num="1016" type="stmt" count="3"/>
      <line num="1017" type="stmt" count="0"/>
      <line num="1021" type="stmt" count="3"/>
      <line num="1022" type="stmt" count="3"/>
      <line num="1030" type="method" name="getCoverPath" visibility="public" complexity="2" crap="2" count="3"/>
      <line num="1032" type="stmt" count="3"/>
      <line num="1033" type="stmt" count="3"/>
      <line num="1034" type="stmt" count="1"/>
      <line num="1037" type="stmt" count="3"/>
      <line num="1047" type="method" name="Combine" visibility="public" complexity="9" crap="90" count="0"/>
      <line num="1049" type="stmt" count="0"/>
      <line num="1050" type="stmt" count="0"/>
      <line num="1051" type="stmt" count="0"/>
      <line num="1054" type="stmt" count="0"/>
      <line num="1055" type="stmt" count="0"/>
      <line num="1058" type="stmt" count="0"/>
      <line num="1059" type="stmt" count="0"/>
      <line num="1061" type="stmt" count="0"/>
      <line num="1062" type="stmt" count="0"/>
      <line num="1064" type="stmt" count="0"/>
      <line num="1065" type="stmt" count="0"/>
      <line num="1066" type="stmt" count="0"/>
      <line num="1069" type="stmt" count="0"/>
      <line num="1070" type="stmt" count="0"/>
      <line num="1071" type="stmt" count="0"/>
      <line num="1074" type="stmt" count="0"/>
      <line num="1077" type="stmt" count="0"/>
      <line num="1078" type="stmt" count="0"/>
      <line num="1079" type="stmt" count="0"/>
      <line num="1081" type="stmt" count="0"/>
      <line num="1091" type="method" name="getFullPath" visibility="protected" complexity="2" crap="2.02" count="24"/>
      <line num="1093" type="stmt" count="24"/>
      <line num="1094" type="stmt" count="24"/>
      <line num="1095" type="stmt" count="24"/>
      <line num="1096" type="stmt" count="24"/>
      <line num="1097" type="stmt" count="0"/>
      <line num="1100" type="stmt" count="24"/>
      <line num="1107" type="method" name="updateForKepub" visibility="public" complexity="2" crap="6" count="0"/>
      <line num="1109" type="stmt" count="0"/>
      <line num="1110" type="stmt" count="0"/>
      <line num="1111" type="stmt" count="0"/>
      <line num="1122" type="method" name="Cover2" visibility="public" complexity="1" crap="2" count="0"/>
      <line num="1124" type="stmt" count="0"/>
      <line num="1133" type="method" name="setCoverFile" visibility="public" complexity="2" crap="6" count="0"/>
      <line num="1135" type="stmt" count="0"/>
      <line num="1136" type="stmt" count="0"/>
      <line num="1137" type="stmt" count="0"/>
      <line num="1138" type="stmt" count="0"/>
      <line num="1139" type="stmt" count="0"/>
      <line num="1141" type="stmt" count="0"/>
      <line num="1142" type="stmt" count="0"/>
      <line num="1143" type="stmt" count="0"/>
      <line num="1144" type="stmt" count="0"/>
      <line num="1145" type="stmt" count="0"/>
      <line num="1150" type="stmt" count="0"/>
      <line num="1153" type="stmt" count="0"/>
      <line num="1155" type="stmt" count="0"/>
      <line num="1158" type="stmt" count="0"/>
      <line num="1159" type="stmt" count="0"/>
      <line num="1160" type="stmt" count="0"/>
      <line num="1161" type="stmt" count="0"/>
      <line num="1162" type="stmt" count="0"/>
      <line num="1171" type="method" name="getAttr" visibility="protected" complexity="1" crap="1" count="45"/>
      <line num="1173" type="stmt" count="45"/>
      <line num="1174" type="stmt" count="45"/>
      <line num="1182" type="method" name="deleteNodes" visibility="protected" complexity="2" crap="2" count="14"/>
      <line num="1184" type="stmt" count="14"/>
      <line num="1185" type="stmt" count="5"/>
      <line num="1201" type="method" name="getset" visibility="protected" complexity="12" crap="12.10" count="12"/>
      <line num="1204" type="stmt" count="12"/>
      <line num="1205" type="stmt" count="12"/>
      <line num="1206" type="stmt" count="4"/>
      <line num="1207" type="stmt" count="2"/>
      <line num="1208" type="stmt" count="2"/>
      <line num="1209" type="stmt" count="2"/>
      <line num="1211" type="stmt" count="4"/>
      <line num="1216" type="stmt" count="12"/>
      <line num="1217" type="stmt" count="10"/>
      <line num="1218" type="stmt" count="10"/>
      <line num="1219" type="stmt" count="10"/>
      <line num="1221" type="stmt" count="10"/>
      <line num="1222" type="stmt" count="10"/>
      <line num="1224" type="stmt" count="9"/>
      <line num="1227" type="stmt" count="9"/>
      <line num="1228" type="stmt" count="0"/>
      <line num="1230" type="stmt" count="9"/>
      <line num="1236" type="stmt" count="9"/>
      <line num="1238" type="stmt" count="9"/>
      <line num="1240" type="stmt" count="9"/>
      <line num="1242" type="stmt" count="9"/>
      <line num="1243" type="stmt" count="9"/>
      <line num="1244" type="stmt" count="3"/>
      <line num="1246" type="stmt" count="9"/>
      <line num="1247" type="stmt" count="0"/>
      <line num="1249" type="stmt" count="9"/>
      <line num="1254" type="stmt" count="10"/>
      <line num="1258" type="stmt" count="12"/>
      <line num="1259" type="stmt" count="12"/>
      <line num="1261" type="stmt" count="12"/>
      <line num="1262" type="stmt" count="12"/>
      <line num="1263" type="stmt" count="0"/>
      <line num="1265" type="stmt" count="12"/>
      <line num="1268" type="stmt" count="9"/>
      <line num="1276" type="method" name="no_cover" visibility="protected" complexity="1" crap="2" count="0"/>
      <line num="1278" type="stmt" count="0"/>
      <line num="1279" type="stmt" count="0"/>
      <line num="1280" type="stmt" count="0"/>
      <line num="1281" type="stmt" count="0"/>
      <line num="1282" type="stmt" count="0"/>
      <line num="1292" type="method" name="reparse" visibility="protected" complexity="1" crap="1" count="15"/>
      <line num="1294" type="stmt" count="15"/>
      <line num="1295" type="stmt" count="15"/>
      <line num="1297" type="stmt" count="15"/>
      <line num="1298" type="stmt" count="15"/>
      <line num="1299" type="stmt" count="15"/>
      <line num="1316" type="method" name="setMeta" visibility="protected" complexity="1" crap="1" count="7"/>
      <line num="1329" type="stmt" count="7"/>
      <line num="1343" type="method" name="getMeta" visibility="protected" complexity="1" crap="1" count="7"/>
      <line num="1356" type="stmt" count="7"/>
      <line num="1371" type="method" name="setMetaDestination" visibility="protected" complexity="1" crap="2" count="0"/>
      <line num="1373" type="stmt" count="0"/>
      <line num="1387" type="method" name="getMetaDestination" visibility="protected" complexity="1" crap="2" count="0"/>
      <line num="1389" type="stmt" count="0"/>
      <line num="1398" type="method" name="setTitle" visibility="public" complexity="1" crap="1" count="1"/>
      <line num="1400" type="stmt" count="1"/>
      <line num="1408" type="method" name="getTitle" visibility="public" complexity="1" crap="1" count="3"/>
      <line num="1410" type="stmt" count="3"/>
      <line num="1419" type="method" name="setLanguage" visibility="public" complexity="1" crap="1" count="1"/>
      <line num="1421" type="stmt" count="1"/>
      <line num="1429" type="method" name="getLanguage" visibility="public" complexity="1" crap="1" count="1"/>
      <line num="1431" type="stmt" count="1"/>
      <line num="1440" type="method" name="setPublisher" visibility="public" complexity="1" crap="1" count="1"/>
      <line num="1442" type="stmt" count="1"/>
      <line num="1450" type="method" name="getPublisher" visibility="public" complexity="1" crap="1" count="1"/>
      <line num="1452" type="stmt" count="1"/>
      <line num="1461" type="method" name="setCopyright" visibility="public" complexity="1" crap="1" count="1"/>
      <line num="1463" type="stmt" count="1"/>
      <line num="1471" type="method" name="getCopyright" visibility="public" complexity="1" crap="1" count="1"/>
      <line num="1473" type="stmt" count="1"/>
      <line num="1482" type="method" name="setDescription" visibility="public" complexity="1" crap="1" count="1"/>
      <line num="1484" type="stmt" count="1"/>
      <line num="1492" type="method" name="getDescription" visibility="public" complexity="1" crap="1" count="1"/>
      <line num="1494" type="stmt" count="1"/>
      <line num="1504" type="method" name="setEventDate" visibility="public" complexity="1" crap="2" count="0"/>
      <line num="1506" type="stmt" count="0"/>
      <line num="1515" type="method" name="getEventDate" visibility="public" complexity="1" crap="2" count="0"/>
      <line num="1517" type="stmt" count="0"/>
      <line num="1519" type="stmt" count="0"/>
      <line num="1528" type="method" name="setCreationDate" visibility="public" complexity="1" crap="2" count="0"/>
      <line num="1530" type="stmt" count="0"/>
      <line num="1538" type="method" name="getCreationDate" visibility="public" complexity="1" crap="2" count="0"/>
      <line num="1540" type="stmt" count="0"/>
      <line num="1542" type="stmt" count="0"/>
      <line num="1551" type="method" name="setModificationDate" visibility="public" complexity="1" crap="2" count="0"/>
      <line num="1553" type="stmt" count="0"/>
      <line num="1561" type="method" name="getModificationDate" visibility="public" complexity="1" crap="2" count="0"/>
      <line num="1563" type="stmt" count="0"/>
      <line num="1565" type="stmt" count="0"/>
      <line num="1577" type="method" name="setIdentifier" visibility="public" complexity="1" crap="1" count="3"/>
      <line num="1579" type="stmt" count="3"/>
      <line num="1590" type="method" name="getIdentifier" visibility="public" complexity="1" crap="1" count="4"/>
      <line num="1592" type="stmt" count="4"/>
      <line num="1601" type="method" name="setUniqueIdentifier" visibility="public" complexity="1" crap="1" count="1"/>
      <line num="1603" type="stmt" count="1"/>
      <line num="1604" type="stmt" count="1"/>
      <line num="1613" type="method" name="getUniqueIdentifier" visibility="public" complexity="2" crap="2.15" count="1"/>
      <line num="1615" type="stmt" count="1"/>
      <line num="1616" type="stmt" count="1"/>
      <line num="1617" type="stmt" count="1"/>
      <line num="1618" type="stmt" count="0"/>
      <line num="1619" type="stmt" count="0"/>
      <line num="1622" type="stmt" count="1"/>
      <line num="1631" type="method" name="setUuid" visibility="public" complexity="1" crap="1" count="1"/>
      <line num="1634" type="stmt" count="1"/>
      <line num="1642" type="method" name="getUuid" visibility="public" complexity="1" crap="1" count="2"/>
      <line num="1645" type="stmt" count="2"/>
      <line num="1654" type="method" name="setUri" visibility="public" complexity="1" crap="1" count="1"/>
      <line num="1656" type="stmt" count="1"/>
      <line num="1664" type="method" name="getUri" visibility="public" complexity="1" crap="1" count="1"/>
      <line num="1666" type="stmt" count="1"/>
      <line num="1675" type="method" name="setIsbn" visibility="public" complexity="1" crap="1" count="1"/>
      <line num="1677" type="stmt" count="1"/>
      <line num="1685" type="method" name="getIsbn" visibility="public" complexity="1" crap="1" count="1"/>
      <line num="1687" type="stmt" count="1"/>
      <line num="1696" type="method" name="setCalibre" visibility="public" complexity="1" crap="2" count="0"/>
      <line num="1698" type="stmt" count="0"/>
      <line num="1706" type="method" name="getCalibre" visibility="public" complexity="1" crap="2" count="0"/>
      <line num="1708" type="stmt" count="0"/>
      <line num="1719" type="method" name="clearCover" visibility="public" complexity="4" crap="4.07" count="1"/>
      <line num="1721" type="stmt" count="1"/>
      <line num="1722" type="stmt" count="0"/>
      <line num="1725" type="stmt" count="1"/>
      <line num="1728" type="stmt" count="1"/>
      <line num="1729" type="stmt" count="1"/>
      <line num="1730" type="stmt" count="1"/>
      <line num="1731" type="stmt" count="0"/>
      <line num="1736" type="stmt" count="1"/>
      <line num="1737" type="stmt" count="1"/>
      <line num="1740" type="stmt" count="1"/>
      <line num="1741" type="stmt" count="1"/>
      <line num="1743" type="stmt" count="1"/>
      <line num="1753" type="method" name="setCover" visibility="public" complexity="4" crap="4.07" count="1"/>
      <line num="1755" type="stmt" count="1"/>
      <line num="1756" type="stmt" count="0"/>
      <line num="1759" type="stmt" count="1"/>
      <line num="1760" type="stmt" count="0"/>
      <line num="1763" type="stmt" count="1"/>
      <line num="1767" type="stmt" count="1"/>
      <line num="1768" type="stmt" count="1"/>
      <line num="1769" type="stmt" count="1"/>
      <line num="1770" type="stmt" count="1"/>
      <line num="1774" type="stmt" count="1"/>
      <line num="1775" type="stmt" count="1"/>
      <line num="1776" type="stmt" count="1"/>
      <line num="1777" type="stmt" count="1"/>
      <line num="1778" type="stmt" count="1"/>
      <line num="1781" type="stmt" count="1"/>
      <line num="1782" type="stmt" count="1"/>
      <line num="1783" type="stmt" count="0"/>
      <line num="1786" type="stmt" count="1"/>
      <line num="1794" type="method" name="getCover" visibility="public" complexity="2" crap="2" count="1"/>
      <line num="1796" type="stmt" count="1"/>
      <line num="1798" type="stmt" count="1"/>
      <line num="1806" type="method" name="hasCover" visibility="public" complexity="1" crap="1" count="1"/>
      <line num="1808" type="stmt" count="1"/>
      <line num="1817" type="method" name="addCoverImageTitlePage" visibility="public" complexity="2" crap="2" count="1"/>
      <line num="1819" type="stmt" count="1"/>
      <line num="1822" type="stmt" count="1"/>
      <line num="1823" type="stmt" count="1"/>
      <line num="1824" type="stmt" count="1"/>
      <line num="1825" type="stmt" count="1"/>
      <line num="1826" type="stmt" count="0"/>
      <line num="1830" type="stmt" count="1"/>
      <line num="1831" type="stmt" count="1"/>
      <line num="1832" type="stmt" count="1"/>
      <line num="1833" type="stmt" count="1"/>
      <line num="1834" type="stmt" count="1"/>
      <line num="1835" type="stmt" count="1"/>
      <line num="1838" type="stmt" count="1"/>
      <line num="1839" type="stmt" count="1"/>
      <line num="1840" type="stmt" count="1"/>
      <line num="1841" type="stmt" count="1"/>
      <line num="1844" type="stmt" count="1"/>
      <line num="1845" type="stmt" count="1"/>
      <line num="1846" type="stmt" count="1"/>
      <line num="1847" type="stmt" count="1"/>
      <line num="1848" type="stmt" count="1"/>
      <line num="1849" type="stmt" count="1"/>
      <line num="1856" type="method" name="removeTitlePage" visibility="public" complexity="2" crap="6" count="0"/>
      <line num="1858" type="stmt" count="0"/>
      <line num="1861" type="stmt" count="0"/>
      <line num="1862" type="stmt" count="0"/>
      <line num="1863" type="stmt" count="0"/>
      <line num="1867" type="stmt" count="0"/>
      <line num="1868" type="stmt" count="0"/>
      <line num="1871" type="stmt" count="0"/>
      <line num="1872" type="stmt" count="0"/>
      <line num="1875" type="stmt" count="0"/>
      <line num="1876" type="stmt" count="0"/>
      <line num="1885" type="method" name="getManifest" visibility="public" complexity="4" crap="4.03" count="23"/>
      <line num="1887" type="stmt" count="23"/>
      <line num="1888" type="stmt" count="0"/>
      <line num="1892" type="stmt" count="23"/>
      <line num="1893" type="stmt" count="23"/>
      <line num="1894" type="stmt" count="0"/>
      <line num="1897" type="stmt" count="23"/>
      <line num="1899" type="stmt" count="23"/>
      <line num="1900" type="stmt" count="23"/>
      <line num="1901" type="stmt" count="23"/>
      <line num="1902" type="stmt" count="23"/>
      <line num="1905" type="stmt" count="23"/>
      <line num="1907" type="stmt" count="17"/>
      <line num="1908" type="stmt" count="23"/>
      <line num="1909" type="stmt" count="23"/>
      <line num="1910" type="stmt" count="23"/>
      <line num="1911" type="stmt" count="23"/>
      <line num="1914" type="stmt" count="23"/>
      <line num="1923" type="method" name="getSpine" visibility="public" complexity="7" crap="7.11" count="20"/>
      <line num="1925" type="stmt" count="20"/>
      <line num="1926" type="stmt" count="1"/>
      <line num="1929" type="stmt" count="20"/>
      <line num="1930" type="stmt" count="20"/>
      <line num="1931" type="stmt" count="0"/>
      <line num="1933" type="stmt" count="20"/>
      <line num="1934" type="stmt" count="20"/>
      <line num="1935" type="stmt" count="20"/>
      <line num="1936" type="stmt" count="1"/>
      <line num="1937" type="stmt" count="1"/>
      <line num="1938" type="stmt" count="1"/>
      <line num="1941" type="stmt" count="20"/>
      <line num="1943" type="stmt" count="20"/>
      <line num="1944" type="stmt" count="0"/>
      <line num="1947" type="stmt" count="20"/>
      <line num="1950" type="stmt" count="20"/>
      <line num="1952" type="stmt" count="20"/>
      <line num="1953" type="stmt" count="20"/>
      <line num="1955" type="stmt" count="20"/>
      <line num="1956" type="stmt" count="20"/>
      <line num="1957" type="stmt" count="0"/>
      <line num="1960" type="stmt" count="20"/>
      <line num="1963" type="stmt" count="20"/>
      <line num="1972" type="method" name="getToc" visibility="public" complexity="5" crap="5.03" count="1"/>
      <line num="1974" type="stmt" count="1"/>
      <line num="1975" type="stmt" count="0"/>
      <line num="1979" type="stmt" count="1"/>
      <line num="1980" type="stmt" count="0"/>
      <line num="1983" type="stmt" count="1"/>
      <line num="1984" type="stmt" count="1"/>
      <line num="1985" type="stmt" count="1"/>
      <line num="1986" type="stmt" count="1"/>
      <line num="1987" type="stmt" count="1"/>
      <line num="1988" type="stmt" count="1"/>
      <line num="1992" type="stmt" count="1"/>
      <line num="1993" type="stmt" count="1"/>
      <line num="1994" type="stmt" count="1"/>
      <line num="1995" type="stmt" count="1"/>
      <line num="1996" type="stmt" count="1"/>
      <line num="1998" type="stmt" count="1"/>
      <line num="2000" type="stmt" count="1"/>
      <line num="2002" type="stmt" count="1"/>
      <line num="2013" type="method" name="loadNavPoints" visibility="protected" complexity="4" crap="4" count="1"/>
      <line num="2015" type="stmt" count="1"/>
      <line num="2017" type="stmt" count="1"/>
      <line num="2018" type="stmt" count="1"/>
      <line num="2019" type="stmt" count="1"/>
      <line num="2020" type="stmt" count="1"/>
      <line num="2021" type="stmt" count="1"/>
      <line num="2023" type="stmt" count="1"/>
      <line num="2024" type="stmt" count="1"/>
      <line num="2025" type="stmt" count="1"/>
      <line num="2026" type="stmt" count="1"/>
      <line num="2027" type="stmt" count="1"/>
      <line num="2028" type="stmt" count="1"/>
      <line num="2030" type="stmt" count="1"/>
      <line num="2038" type="method" name="getNav" visibility="public" complexity="3" crap="3.00" count="1"/>
      <line num="2040" type="stmt" count="1"/>
      <line num="2041" type="stmt" count="0"/>
      <line num="2044" type="stmt" count="1"/>
      <line num="2045" type="stmt" count="1"/>
      <line num="2046" type="stmt" count="1"/>
      <line num="2047" type="stmt" count="1"/>
      <line num="2048" type="stmt" count="1"/>
      <line num="2049" type="stmt" count="1"/>
      <line num="2050" type="stmt" count="1"/>
      <line num="2051" type="stmt" count="1"/>
      <line num="2054" type="stmt" count="1"/>
      <line num="2055" type="stmt" count="1"/>
      <line num="2056" type="stmt" count="1"/>
      <line num="2058" type="stmt" count="1"/>
      <line num="2059" type="stmt" count="1"/>
      <line num="2060" type="stmt" count="1"/>
      <line num="2061" type="stmt" count="1"/>
      <line num="2064" type="stmt" count="1"/>
      <line num="2077" type="method" name="loadNavList" visibility="protected" complexity="6" crap="6.03" count="1"/>
      <line num="2080" type="stmt" count="1"/>
      <line num="2081" type="stmt" count="1"/>
      <line num="2082" type="stmt" count="0"/>
      <line num="2084" type="stmt" count="1"/>
      <line num="2085" type="stmt" count="1"/>
      <line num="2086" type="stmt" count="1"/>
      <line num="2087" type="stmt" count="1"/>
      <line num="2088" type="stmt" count="1"/>
      <line num="2090" type="stmt" count="1"/>
      <line num="2091" type="stmt" count="1"/>
      <line num="2092" type="stmt" count="1"/>
      <line num="2093" type="stmt" count="1"/>
      <line num="2094" type="stmt" count="0"/>
      <line num="2098" type="stmt" count="1"/>
      <line num="2100" type="stmt" count="1"/>
      <line num="2101" type="stmt" count="1"/>
      <line num="2102" type="stmt" count="1"/>
      <line num="2103" type="stmt" count="1"/>
      <line num="2104" type="stmt" count="1"/>
      <line num="2105" type="stmt" count="1"/>
      <line num="2106" type="stmt" count="1"/>
      <line num="2108" type="stmt" count="1"/>
      <line num="2122" type="method" name="getContents" visibility="public" complexity="6" crap="6" count="3"/>
      <line num="2124" type="stmt" count="3"/>
      <line num="2125" type="stmt" count="3"/>
      <line num="2126" type="stmt" count="2"/>
      <line num="2127" type="stmt" count="2"/>
      <line num="2128" type="stmt" count="2"/>
      <line num="2130" type="stmt" count="2"/>
      <line num="2131" type="stmt" count="2"/>
      <line num="2132" type="stmt" count="2"/>
      <line num="2133" type="stmt" count="2"/>
      <line num="2134" type="stmt" count="2"/>
      <line num="2135" type="stmt" count="2"/>
      <line num="2137" type="stmt" count="2"/>
      <line num="2138" type="stmt" count="2"/>
      <line num="2141" type="stmt" count="1"/>
      <line num="2142" type="stmt" count="1"/>
      <line num="2146" type="stmt" count="3"/>
      <line num="2161" type="method" name="buildMetaXPath" visibility="protected" complexity="6" crap="42" count="0"/>
      <line num="2163" type="stmt" count="0"/>
      <line num="2164" type="stmt" count="0"/>
      <line num="2165" type="stmt" count="0"/>
      <line num="2166" type="stmt" count="0"/>
      <line num="2167" type="stmt" count="0"/>
      <line num="2168" type="stmt" count="0"/>
      <line num="2169" type="stmt" count="0"/>
      <line num="2170" type="stmt" count="0"/>
      <line num="2171" type="stmt" count="0"/>
      <line num="2172" type="stmt" count="0"/>
      <line num="2174" type="stmt" count="0"/>
      <line num="2177" type="stmt" count="0"/>
      <line num="2178" type="stmt" count="0"/>
      <line num="2179" type="stmt" count="0"/>
      <line num="2181" type="stmt" count="0"/>
      <line num="2184" type="stmt" count="0"/>
      <line num="2194" type="method" name="loadXPathFromItem" visibility="protected" complexity="2" crap="6" count="0"/>
      <line num="2196" type="stmt" count="0"/>
      <line num="2197" type="stmt" count="0"/>
      <line num="2198" type="stmt" count="0"/>
      <line num="2200" type="stmt" count="0"/>
      <line num="2201" type="stmt" count="0"/>
      <line num="2202" type="stmt" count="0"/>
      <line num="2204" type="stmt" count="0"/>
      <line num="2213" type="method" name="getZipEntries" visibility="public" complexity="3" crap="3.01" count="45"/>
      <line num="2215" type="stmt" count="45"/>
      <line num="2216" type="stmt" count="45"/>
      <line num="2218" type="stmt" count="45"/>
      <line num="2219" type="stmt" count="45"/>
      <line num="2220" type="stmt" count="45"/>
      <line num="2221" type="stmt" count="0"/>
      <line num="2223" type="stmt" count="45"/>
      <line num="2224" type="stmt" count="45"/>
      <line num="2225" type="stmt" count="45"/>
      <line num="2227" type="stmt" count="45"/>
      <line num="2229" type="stmt" count="45"/>
      <line num="2238" type="method" name="loadSizeMap" visibility="protected" complexity="2" crap="2" count="45"/>
      <line num="2240" type="stmt" count="45"/>
      <line num="2242" type="stmt" count="45"/>
      <line num="2243" type="stmt" count="45"/>
      <line num="2244" type="stmt" count="45"/>
      <line num="2247" type="stmt" count="45"/>
      <line num="2253" type="method" name="getImageCount" visibility="public" complexity="1" crap="1" count="1"/>
      <line num="2255" type="stmt" count="1"/>
      <line num="2256" type="stmt" count="1"/>
      <line num="2257" type="stmt" count="1"/>
      <line num="2258" type="stmt" count="1"/>
      <line num="2260" type="stmt" count="1"/>
      <metrics loc="2263" ncloc="1408" classes="1" methods="112" coveredmethods="42" conditionals="0" coveredconditionals="0" statements="680" coveredstatements="396" elements="792" coveredelements="438"/>
    </file>
    <file name="/home/mikespub/seblucas-cops/resources/php-epub-meta/lib/Other.php">
      <class name="SebLucas\EPubMeta\Other" namespace="global">
        <metrics complexity="10" methods="3" coveredmethods="0" conditionals="0" coveredconditionals="0" statements="30" coveredstatements="0" elements="33" coveredelements="0"/>
      </class>
      <line num="40" type="method" name="setMeta" visibility="protected" complexity="7" crap="56" count="0"/>
      <line num="42" type="stmt" count="0"/>
      <line num="45" type="stmt" count="0"/>
      <line num="46" type="stmt" count="0"/>
      <line num="48" type="stmt" count="0"/>
      <line num="49" type="stmt" count="0"/>
      <line num="51" type="stmt" count="0"/>
      <line num="54" type="stmt" count="0"/>
      <line num="59" type="stmt" count="0"/>
      <line num="61" type="stmt" count="0"/>
      <line num="64" type="stmt" count="0"/>
      <line num="65" type="stmt" count="0"/>
      <line num="66" type="stmt" count="0"/>
      <line num="67" type="stmt" count="0"/>
      <line num="68" type="stmt" count="0"/>
      <line num="69" type="stmt" count="0"/>
      <line num="71" type="stmt" count="0"/>
      <line num="73" type="stmt" count="0"/>
      <line num="78" type="stmt" count="0"/>
      <line num="92" type="method" name="getMeta" visibility="protected" complexity="2" crap="6" count="0"/>
      <line num="94" type="stmt" count="0"/>
      <line num="97" type="stmt" count="0"/>
      <line num="98" type="stmt" count="0"/>
      <line num="100" type="stmt" count="0"/>
      <line num="102" type="stmt" count="0"/>
      <line num="104" type="stmt" count="0"/>
      <line num="111" type="method" name="sync" visibility="protected" complexity="1" crap="2" count="0"/>
      <line num="113" type="stmt" count="0"/>
      <line num="114" type="stmt" count="0"/>
      <line num="115" type="stmt" count="0"/>
      <line num="117" type="stmt" count="0"/>
      <line num="118" type="stmt" count="0"/>
      <line num="119" type="stmt" count="0"/>
      <metrics loc="122" ncloc="75" classes="1" methods="3" coveredmethods="0" conditionals="0" coveredconditionals="0" statements="30" coveredstatements="0" elements="33" coveredelements="0"/>
    </file>
    <file name="/home/mikespub/seblucas-cops/resources/php-epub-meta/lib/Tools/HtmlTools.php">
      <class name="SebLucas\EPubMeta\Tools\HtmlTools" namespace="global">
        <metrics complexity="14" methods="4" coveredmethods="2" conditionals="0" coveredconditionals="0" statements="28" coveredstatements="2" elements="32" coveredelements="4"/>
      </class>
      <line num="15" type="method" name="convertEntitiesNamedToNumeric" visibility="public" complexity="1" crap="1" count="16"/>
      <line num="17" type="stmt" count="16"/>
      <line num="24" type="method" name="isBlockLevelElement" visibility="public" complexity="1" crap="1" count="14"/>
      <line num="26" type="stmt" count="14"/>
      <line num="35" type="method" name="truncate" visibility="public" complexity="6" crap="42" count="0"/>
      <line num="37" type="stmt" count="0"/>
      <line num="38" type="stmt" count="0"/>
      <line num="39" type="stmt" count="0"/>
      <line num="40" type="stmt" count="0"/>
      <line num="42" type="stmt" count="0"/>
      <line num="43" type="stmt" count="0"/>
      <line num="46" type="stmt" count="0"/>
      <line num="48" type="stmt" count="0"/>
      <line num="51" type="stmt" count="0"/>
      <line num="63" type="method" name="stripHtmlTags" visibility="public" complexity="6" crap="42" count="0"/>
      <line num="70" type="stmt" count="0"/>
      <line num="71" type="stmt" count="0"/>
      <line num="72" type="stmt" count="0"/>
      <line num="73" type="stmt" count="0"/>
      <line num="75" type="stmt" count="0"/>
      <line num="76" type="stmt" count="0"/>
      <line num="79" type="stmt" count="0"/>
      <line num="80" type="stmt" count="0"/>
      <line num="81" type="stmt" count="0"/>
      <line num="82" type="stmt" count="0"/>
      <line num="84" type="stmt" count="0"/>
      <line num="86" type="stmt" count="0"/>
      <line num="88" type="stmt" count="0"/>
      <line num="89" type="stmt" count="0"/>
      <line num="90" type="stmt" count="0"/>
      <line num="92" type="stmt" count="0"/>
      <line num="95" type="stmt" count="0"/>
      <metrics loc="98" ncloc="67" classes="1" methods="4" coveredmethods="2" conditionals="0" coveredconditionals="0" statements="28" coveredstatements="2" elements="32" coveredelements="4"/>
    </file>
    <file name="/home/mikespub/seblucas-cops/resources/php-epub-meta/lib/Tools/ZipEdit.php">
      <class name="SebLucas\EPubMeta\Tools\ZipEdit" namespace="global">
[...]
      <line num="143" type="stmt" count="0"/>
      <line num="145" type="stmt" count="0"/>
      <line num="147" type="stmt" count="45"/>
      <line num="157" type="method" name="FileStream" visibility="public" complexity="3" crap="12" count="0"/>
      <line num="159" type="stmt" count="0"/>
      <line num="160" type="stmt" count="0"/>
      <line num="163" type="stmt" count="0"/>
      <line num="164" type="stmt" count="0"/>
      <line num="168" type="stmt" count="0"/>
      <line num="177" type="method" name="FileAdd" visibility="public" complexity="3" crap="12" count="0"/>
      <line num="179" type="stmt" count="0"/>
      <line num="180" type="stmt" count="0"/>
      <line num="183" type="stmt" count="0"/>
      <line num="184" type="stmt" count="0"/>
      <line num="186" type="stmt" count="0"/>
      <line num="187" type="stmt" count="0"/>
      <line num="188" type="stmt" count="0"/>
      <line num="197" type="method" name="FileAddPath" visibility="public" complexity="3" crap="3.21" count="1"/>
      <line num="199" type="stmt" count="1"/>
      <line num="200" type="stmt" count="0"/>
      <line num="203" type="stmt" count="1"/>
      <line num="204" type="stmt" count="0"/>
      <line num="206" type="stmt" count="1"/>
      <line num="207" type="stmt" count="1"/>
      <line num="208" type="stmt" count="1"/>
      <line num="216" type="method" name="FileDelete" visibility="public" complexity="3" crap="3.21" count="1"/>
      <line num="218" type="stmt" count="1"/>
      <line num="219" type="stmt" count="0"/>
      <line num="222" type="stmt" count="1"/>
      <line num="223" type="stmt" count="0"/>
      <line num="225" type="stmt" count="1"/>
      <line num="226" type="stmt" count="1"/>
      <line num="227" type="stmt" count="1"/>
      <line num="237" type="method" name="FileReplace" visibility="public" complexity="4" crap="4.59" count="1"/>
      <line num="239" type="stmt" count="1"/>
      <line num="240" type="stmt" count="0"/>
      <line num="243" type="stmt" count="1"/>
      <line num="244" type="stmt" count="0"/>
      <line num="247" type="stmt" count="1"/>
      <line num="248" type="stmt" count="0"/>
      <line num="250" type="stmt" count="1"/>
      <line num="251" type="stmt" count="1"/>
      <line num="252" type="stmt" count="1"/>
      <line num="260" type="method" name="FileGetState" visibility="public" complexity="1" crap="2" count="0"/>
      <line num="262" type="stmt" count="0"/>
      <line num="263" type="stmt" count="0"/>
      <line num="272" type="method" name="FileCancelModif" visibility="public" complexity="2" crap="2.02" count="1"/>
      <line num="277" type="stmt" count="1"/>
      <line num="279" type="stmt" count="1"/>
      <line num="280" type="stmt" count="0"/>
      <line num="282" type="stmt" count="1"/>
      <line num="283" type="stmt" count="1"/>
      <line num="284" type="stmt" count="1"/>
      <line num="293" type="method" name="Close" visibility="public" complexity="3" crap="3.71" count="45"/>
      <line num="295" type="stmt" count="45"/>
      <line num="296" type="stmt" count="45"/>
      <line num="299" type="stmt" count="4"/>
      <line num="300" type="stmt" count="0"/>
      <line num="301" type="stmt" count="0"/>
      <line num="302" type="stmt" count="0"/>
      <line num="304" type="stmt" count="2"/>
      <line num="315" type="method" name="Flush" visibility="public" complexity="5" crap="30" count="0"/>
      <line num="318" type="stmt" count="0"/>
      <line num="320" type="stmt" count="0"/>
      <line num="321" type="stmt" count="0"/>
      <line num="322" type="stmt" count="0"/>
      <line num="323" type="stmt" count="0"/>
      <line num="325" type="stmt" count="0"/>
      <line num="327" type="stmt" count="0"/>
      <line num="328" type="stmt" count="0"/>
      <line num="329" type="stmt" count="0"/>
      <line num="330" type="stmt" count="0"/>
      <line num="331" type="stmt" count="0"/>
      <line num="333" type="stmt" count="0"/>
      <line num="334" type="stmt" count="0"/>
      <line num="337" type="stmt" count="0"/>
      <line num="341" type="stmt" count="0"/>
      <metrics loc="344" ncloc="232" classes="1" methods="14" coveredmethods="3" conditionals="0" coveredconditionals="0" statements="109" coveredstatements="64" elements="123" coveredelements="67"/>
    </file>
    <file name="/home/mikespub/seblucas-cops/resources/php-epub-meta/lib/Tools/htmlBlockLevelElements.php">
      <line num="6" type="stmt" count="14"/>
      <line num="7" type="stmt" count="14"/>
      <line num="8" type="stmt" count="14"/>
      <line num="9" type="stmt" count="14"/>
      <line num="10" type="stmt" count="14"/>
      <line num="11" type="stmt" count="14"/>
      <line num="12" type="stmt" count="14"/>
      <line num="13" type="stmt" count="14"/>
      <line num="14" type="stmt" count="14"/>
      <line num="15" type="stmt" count="14"/>
      <line num="16" type="stmt" count="14"/>
      <line num="17" type="stmt" count="14"/>
      <line num="18" type="stmt" count="14"/>
      <line num="19" type="stmt" count="14"/>
      <line num="20" type="stmt" count="14"/>
      <line num="21" type="stmt" count="14"/>
      <line num="22" type="stmt" count="14"/>
      <line num="23" type="stmt" count="14"/>
      <line num="24" type="stmt" count="14"/>
      <line num="25" type="stmt" count="14"/>
      <line num="26" type="stmt" count="14"/>
      <line num="27" type="stmt" count="14"/>
      <line num="28" type="stmt" count="14"/>
      <line num="29" type="stmt" count="14"/>
      <line num="30" type="stmt" count="14"/>
      <line num="31" type="stmt" count="14"/>
      <line num="32" type="stmt" count="14"/>
      <line num="33" type="stmt" count="14"/>
      <line num="34" type="stmt" count="14"/>
      <line num="35" type="stmt" count="14"/>
      <line num="36" type="stmt" count="14"/>
      <line num="37" type="stmt" count="14"/>
      <line num="38" type="stmt" count="14"/>
      <line num="39" type="stmt" count="14"/>
      <line num="40" type="stmt" count="14"/>
      <line num="41" type="stmt" count="14"/>
      <line num="42" type="stmt" count="14"/>
      <metrics loc="43" ncloc="39" classes="0" methods="0" coveredmethods="0" conditionals="0" coveredconditionals="0" statements="37" coveredstatements="37" elements="37" coveredelements="37"/>
    </file>
    <file name="/home/mikespub/seblucas-cops/resources/php-epub-meta/lib/Tools/htmlEntityMap.php">
      <line num="6" type="stmt" count="16"/>
      <line num="7" type="stmt" count="16"/>
      <line num="8" type="stmt" count="16"/>
      <line num="9" type="stmt" count="16"/>
      <line num="10" type="stmt" count="16"/>
      <line num="11" type="stmt" count="16"/>
      <line num="12" type="stmt" count="16"/>
      <line num="13" type="stmt" count="16"/>
      <line num="14" type="stmt" count="16"/>
      <line num="15" type="stmt" count="16"/>
      <line num="16" type="stmt" count="16"/>
      <line num="17" type="stmt" count="16"/>
      <line num="18" type="stmt" count="16"/>
      <line num="19" type="stmt" count="16"/>
      <line num="20" type="stmt" count="16"/>
      <line num="21" type="stmt" count="16"/>
      <line num="22" type="stmt" count="16"/>
      <line num="23" type="stmt" count="16"/>
      <line num="24" type="stmt" count="16"/>
      <line num="25" type="stmt" count="16"/>
      <line num="26" type="stmt" count="16"/>
      <line num="27" type="stmt" count="16"/>
      <line num="28" type="stmt" count="16"/>
      <line num="29" type="stmt" count="16"/>
      <line num="30" type="stmt" count="16"/>
      <line num="31" type="stmt" count="16"/>
      <line num="32" type="stmt" count="16"/>
      <line num="33" type="stmt" count="16"/>
      <line num="34" type="stmt" count="16"/>
      <line num="35" type="stmt" count="16"/>
      <line num="36" type="stmt" count="16"/>
      <line num="37" type="stmt" count="16"/>
      <line num="38" type="stmt" count="16"/>
      <line num="39" type="stmt" count="16"/>
      <line num="40" type="stmt" count="16"/>
      <line num="41" type="stmt" count="16"/>
      <line num="42" type="stmt" count="16"/>
      <line num="43" type="stmt" count="16"/>
      <line num="44" type="stmt" count="16"/>
      <line num="45" type="stmt" count="16"/>
      <line num="46" type="stmt" count="16"/>
      <line num="47" type="stmt" count="16"/>
      <line num="48" type="stmt" count="16"/>
      <line num="49" type="stmt" count="16"/>
      <line num="50" type="stmt" count="16"/>
      <line num="51" type="stmt" count="16"/>
      <line num="52" type="stmt" count="16"/>
      <line num="53" type="stmt" count="16"/>
      <line num="54" type="stmt" count="16"/>
      <line num="55" type="stmt" count="16"/>
      <line num="56" type="stmt" count="16"/>
      <line num="57" type="stmt" count="16"/>
      <line num="58" type="stmt" count="16"/>
      <line num="59" type="stmt" count="16"/>
      <line num="60" type="stmt" count="16"/>
      <line num="61" type="stmt" count="16"/>
      <line num="62" type="stmt" count="16"/>
      <line num="63" type="stmt" count="16"/>
      <line num="64" type="stmt" count="16"/>
      <line num="65" type="stmt" count="16"/>
      <line num="66" type="stmt" count="16"/>
      <line num="67" type="stmt" count="16"/>
      <line num="68" type="stmt" count="16"/>
      <line num="69" type="stmt" count="16"/>
      <line num="70" type="stmt" count="16"/>
      <line num="71" type="stmt" count="16"/>
      <line num="72" type="stmt" count="16"/>
      <line num="73" type="stmt" count="16"/>
      <line num="74" type="stmt" count="16"/>
      <line num="75" type="stmt" count="16"/>
      <line num="76" type="stmt" count="16"/>
      <line num="77" type="stmt" count="16"/>
      <line num="78" type="stmt" count="16"/>
      <line num="79" type="stmt" count="16"/>
      <line num="80" type="stmt" count="16"/>
      <line num="81" type="stmt" count="16"/>
      <line num="82" type="stmt" count="16"/>
      <line num="83" type="stmt" count="16"/>
      <line num="84" type="stmt" count="16"/>
      <line num="85" type="stmt" count="16"/>
      <line num="86" type="stmt" count="16"/>
      <line num="87" type="stmt" count="16"/>
      <line num="88" type="stmt" count="16"/>
      <line num="89" type="stmt" count="16"/>
      <line num="90" type="stmt" count="16"/>
      <line num="91" type="stmt" count="16"/>
      <line num="92" type="stmt" count="16"/>
      <line num="93" type="stmt" count="16"/>
      <line num="94" type="stmt" count="16"/>
      <line num="95" type="stmt" count="16"/>
      <line num="96" type="stmt" count="16"/>
      <line num="97" type="stmt" count="16"/>
      <line num="98" type="stmt" count="16"/>
      <line num="99" type="stmt" count="16"/>
      <line num="100" type="stmt" count="16"/>
      <line num="101" type="stmt" count="16"/>
      <line num="102" type="stmt" count="16"/>
      <line num="103" type="stmt" count="16"/>
      <line num="104" type="stmt" count="16"/>
      <line num="105" type="stmt" count="16"/>
      <line num="106" type="stmt" count="16"/>
      <line num="107" type="stmt" count="16"/>
      <line num="108" type="stmt" count="16"/>
      <line num="109" type="stmt" count="16"/>
      <line num="110" type="stmt" count="16"/>
      <line num="111" type="stmt" count="16"/>
      <line num="112" type="stmt" count="16"/>
      <line num="113" type="stmt" count="16"/>
      <line num="114" type="stmt" count="16"/>
      <line num="115" type="stmt" count="16"/>
      <line num="116" type="stmt" count="16"/>
      <line num="117" type="stmt" count="16"/>
      <line num="118" type="stmt" count="16"/>
      <line num="119" type="stmt" count="16"/>
      <line num="120" type="stmt" count="16"/>
      <line num="121" type="stmt" count="16"/>
      <line num="122" type="stmt" count="16"/>
      <line num="123" type="stmt" count="16"/>
      <line num="124" type="stmt" count="16"/>
      <line num="125" type="stmt" count="16"/>
      <line num="126" type="stmt" count="16"/>
      <line num="127" type="stmt" count="16"/>
      <line num="128" type="stmt" count="16"/>
      <line num="129" type="stmt" count="16"/>
      <line num="130" type="stmt" count="16"/>
      <line num="131" type="stmt" count="16"/>
      <line num="132" type="stmt" count="16"/>
      <line num="133" type="stmt" count="16"/>
      <line num="134" type="stmt" count="16"/>
      <line num="135" type="stmt" count="16"/>
      <line num="136" type="stmt" count="16"/>
      <line num="137" type="stmt" count="16"/>
      <line num="138" type="stmt" count="16"/>
      <line num="139" type="stmt" count="16"/>
      <line num="140" type="stmt" count="16"/>
      <line num="141" type="stmt" count="16"/>
      <line num="142" type="stmt" count="16"/>
      <line num="143" type="stmt" count="16"/>
      <line num="144" type="stmt" count="16"/>
      <line num="145" type="stmt" count="16"/>
      <line num="146" type="stmt" count="16"/>
      <line num="147" type="stmt" count="16"/>
      <line num="148" type="stmt" count="16"/>
      <line num="149" type="stmt" count="16"/>
      <line num="150" type="stmt" count="16"/>
      <line num="151" type="stmt" count="16"/>
      <line num="152" type="stmt" count="16"/>
      <line num="153" type="stmt" count="16"/>
      <line num="154" type="stmt" count="16"/>
      <line num="155" type="stmt" count="16"/>
      <line num="156" type="stmt" count="16"/>
      <line num="157" type="stmt" count="16"/>
      <line num="158" type="stmt" count="16"/>
      <line num="159" type="stmt" count="16"/>
      <line num="160" type="stmt" count="16"/>
      <line num="161" type="stmt" count="16"/>
      <line num="162" type="stmt" count="16"/>
      <line num="163" type="stmt" count="16"/>
      <line num="164" type="stmt" count="16"/>
      <line num="165" type="stmt" count="16"/>
      <line num="166" type="stmt" count="16"/>
      <line num="167" type="stmt" count="16"/>
      <line num="168" type="stmt" count="16"/>
      <line num="169" type="stmt" count="16"/>
      <line num="170" type="stmt" count="16"/>
      <line num="171" type="stmt" count="16"/>
      <line num="172" type="stmt" count="16"/>
      <line num="173" type="stmt" count="16"/>
      <line num="174" type="stmt" count="16"/>
      <line num="175" type="stmt" count="16"/>
      <line num="176" type="stmt" count="16"/>
      <line num="177" type="stmt" count="16"/>
      <line num="178" type="stmt" count="16"/>
      <line num="179" type="stmt" count="16"/>
      <line num="180" type="stmt" count="16"/>
      <line num="181" type="stmt" count="16"/>
      <line num="182" type="stmt" count="16"/>
      <line num="183" type="stmt" count="16"/>
      <line num="184" type="stmt" count="16"/>
      <line num="185" type="stmt" count="16"/>
      <line num="186" type="stmt" count="16"/>
      <line num="187" type="stmt" count="16"/>
      <line num="188" type="stmt" count="16"/>
      <line num="189" type="stmt" count="16"/>
      <line num="190" type="stmt" count="16"/>
      <line num="191" type="stmt" count="16"/>
      <line num="192" type="stmt" count="16"/>
      <line num="193" type="stmt" count="16"/>
      <line num="194" type="stmt" count="16"/>
      <line num="195" type="stmt" count="16"/>
      <line num="196" type="stmt" count="16"/>
      <line num="197" type="stmt" count="16"/>
      <line num="198" type="stmt" count="16"/>
      <line num="199" type="stmt" count="16"/>
      <line num="200" type="stmt" count="16"/>
      <line num="201" type="stmt" count="16"/>
      <line num="202" type="stmt" count="16"/>
      <line num="203" type="stmt" count="16"/>
      <line num="204" type="stmt" count="16"/>
      <line num="205" type="stmt" count="16"/>
      <line num="206" type="stmt" count="16"/>
      <line num="207" type="stmt" count="16"/>
      <line num="208" type="stmt" count="16"/>
      <line num="209" type="stmt" count="16"/>
      <line num="210" type="stmt" count="16"/>
      <line num="211" type="stmt" count="16"/>
      <line num="212" type="stmt" count="16"/>
      <line num="213" type="stmt" count="16"/>
      <line num="214" type="stmt" count="16"/>
      <line num="215" type="stmt" count="16"/>
      <line num="216" type="stmt" count="16"/>
      <line num="217" type="stmt" count="16"/>
      <line num="218" type="stmt" count="16"/>
      <line num="219" type="stmt" count="16"/>
      <line num="220" type="stmt" count="16"/>
      <line num="221" type="stmt" count="16"/>
      <line num="222" type="stmt" count="16"/>
      <line num="223" type="stmt" count="16"/>
      <line num="224" type="stmt" count="16"/>
      <line num="225" type="stmt" count="16"/>
      <line num="226" type="stmt" count="16"/>
      <line num="227" type="stmt" count="16"/>
      <line num="228" type="stmt" count="16"/>
      <line num="229" type="stmt" count="16"/>
      <line num="230" type="stmt" count="16"/>
      <line num="231" type="stmt" count="16"/>
      <line num="232" type="stmt" count="16"/>
      <line num="233" type="stmt" count="16"/>
      <line num="234" type="stmt" count="16"/>
      <line num="235" type="stmt" count="16"/>
      <line num="236" type="stmt" count="16"/>
      <line num="237" type="stmt" count="16"/>
      <line num="238" type="stmt" count="16"/>
      <line num="239" type="stmt" count="16"/>
      <line num="240" type="stmt" count="16"/>
      <line num="241" type="stmt" count="16"/>
      <line num="242" type="stmt" count="16"/>
      <line num="243" type="stmt" count="16"/>
      <line num="244" type="stmt" count="16"/>
      <line num="245" type="stmt" count="16"/>
      <line num="246" type="stmt" count="16"/>
      <line num="247" type="stmt" count="16"/>
      <line num="248" type="stmt" count="16"/>
      <line num="249" type="stmt" count="16"/>
      <line num="250" type="stmt" count="16"/>
      <line num="251" type="stmt" count="16"/>
      <line num="252" type="stmt" count="16"/>
      <line num="253" type="stmt" count="16"/>
      <line num="254" type="stmt" count="16"/>
      <line num="255" type="stmt" count="16"/>
      <line num="256" type="stmt" count="16"/>
      <line num="257" type="stmt" count="16"/>
      <line num="258" type="stmt" count="16"/>
      <line num="259" type="stmt" count="16"/>
      <line num="260" type="stmt" count="16"/>
      <metrics loc="261" ncloc="5" classes="0" methods="0" coveredmethods="0" conditionals="0" coveredconditionals="0" statements="255" coveredstatements="255" elements="255" coveredelements="255"/>
    </file>
    <file name="/home/mikespub/seblucas-cops/resources/php-epub-meta/util.php">
      <line num="10" type="stmt" count="0"/>
      <line num="11" type="stmt" count="0"/>
      <line num="12" type="stmt" count="0"/>
      <line num="13" type="stmt" count="0"/>
      <line num="14" type="stmt" count="0"/>
      <line num="15" type="stmt" count="0"/>
      <line num="16" type="stmt" count="0"/>
      <line num="17" type="stmt" count="0"/>
      <line num="27" type="stmt" count="0"/>
      <line num="28" type="stmt" count="0"/>
      <line num="29" type="stmt" count="0"/>
      <line num="30" type="stmt" count="0"/>
      <line num="31" type="stmt" count="0"/>
      <line num="32" type="stmt" count="0"/>
      <line num="33" type="stmt" count="0"/>
      <line num="35" type="stmt" count="0"/>
      <line num="36" type="stmt" count="0"/>
      <line num="37" type="stmt" count="0"/>
      <line num="40" type="stmt" count="0"/>
      <line num="41" type="stmt" count="0"/>
      <metrics loc="43" ncloc="33" classes="0" methods="0" coveredmethods="0" conditionals="0" coveredconditionals="0" statements="20" coveredstatements="0" elements="20" coveredelements="0"/>
    </file>
    <metrics files="19" loc="5127" ncloc="3149" classes="15" methods="230" coveredmethods="106" conditionals="0" coveredconditionals="0" statements="1681" coveredstatements="942" elements="1911" coveredelements="1048"/>
  </project>
</coverage>
