<?xml version="1.0" encoding="UTF-8"?>
<coverage generated="1692392509">
  <project timestamp="1692392509">
    <file name="/home/mikespub/seblucas-cops/resources/php-epub-meta/index.php">
      <line num="6" type="stmt" count="0"/>
      <line num="8" type="stmt" count="0"/>
      <line num="11" type="stmt" count="0"/>
      <line num="12" type="stmt" count="0"/>
      <line num="15" type="stmt" count="0"/>
      <line num="16" type="stmt" count="0"/>
      <line num="17" type="stmt" count="0"/>
      <line num="18" type="stmt" count="0"/>
      <line num="21" type="stmt" count="0"/>
      <line num="22" type="stmt" count="0"/>
      <line num="24" type="stmt" count="0"/>
      <line num="25" type="stmt" count="0"/>
      <line num="26" type="stmt" count="0"/>
      <line num="28" type="stmt" count="0"/>
      <line num="29" type="stmt" count="0"/>
      <line num="30" type="stmt" count="0"/>
      <line num="31" type="stmt" count="0"/>
      <line num="32" type="stmt" count="0"/>
      <line num="37" type="stmt" count="0"/>
      <line num="38" type="stmt" count="0"/>
      <line num="39" type="stmt" count="0"/>
      <line num="40" type="stmt" count="0"/>
      <line num="41" type="stmt" count="0"/>
      <line num="45" type="stmt" count="0"/>
      <line num="46" type="stmt" count="0"/>
      <line num="47" type="stmt" count="0"/>
      <line num="48" type="stmt" count="0"/>
      <line num="49" type="stmt" count="0"/>
      <line num="50" type="stmt" count="0"/>
      <line num="51" type="stmt" count="0"/>
      <line num="52" type="stmt" count="0"/>
      <line num="54" type="stmt" count="0"/>
      <line num="55" type="stmt" count="0"/>
      <line num="56" type="stmt" count="0"/>
      <line num="57" type="stmt" count="0"/>
      <line num="58" type="stmt" count="0"/>
      <line num="59" type="stmt" count="0"/>
      <line num="61" type="stmt" count="0"/>
      <line num="64" type="stmt" count="0"/>
      <line num="67" type="stmt" count="0"/>
      <line num="68" type="stmt" count="0"/>
      <line num="69" type="stmt" count="0"/>
      <line num="70" type="stmt" count="0"/>
      <line num="71" type="stmt" count="0"/>
      <line num="72" type="stmt" count="0"/>
      <line num="73" type="stmt" count="0"/>
      <line num="75" type="stmt" count="0"/>
      <line num="76" type="stmt" count="0"/>
      <line num="78" type="stmt" count="0"/>
      <line num="79" type="stmt" count="0"/>
      <line num="80" type="stmt" count="0"/>
      <line num="81" type="stmt" count="0"/>
      <line num="83" type="stmt" count="0"/>
      <line num="89" type="stmt" count="0"/>
      <line num="90" type="stmt" count="0"/>
      <line num="91" type="stmt" count="0"/>
      <line num="95" type="stmt" count="0"/>
      <line num="96" type="stmt" count="0"/>
      <line num="99" type="stmt" count="0"/>
      <line num="101" type="stmt" count="0"/>
      <line num="102" type="stmt" count="0"/>
      <line num="103" type="stmt" count="0"/>
      <line num="104" type="stmt" count="0"/>
      <line num="105" type="stmt" count="0"/>
      <line num="106" type="stmt" count="0"/>
      <line num="107" type="stmt" count="0"/>
      <line num="108" type="stmt" count="0"/>
      <line num="111" type="stmt" count="0"/>
      <line num="112" type="stmt" count="0"/>
      <line num="113" type="stmt" count="0"/>
      <line num="117" type="stmt" count="0"/>
      <line num="119" type="stmt" count="0"/>
      <line num="120" type="stmt" count="0"/>
      <line num="121" type="stmt" count="0"/>
      <line num="123" type="stmt" count="0"/>
      <line num="124" type="stmt" count="0"/>
      <line num="125" type="stmt" count="0"/>
      <line num="127" type="stmt" count="0"/>
      <line num="128" type="stmt" count="0"/>
      <line num="129" type="stmt" count="0"/>
      <line num="131" type="stmt" count="0"/>
      <line num="132" type="stmt" count="0"/>
      <line num="133" type="stmt" count="0"/>
      <line num="135" type="stmt" count="0"/>
      <line num="136" type="stmt" count="0"/>
      <line num="137" type="stmt" count="0"/>
      <line num="138" type="stmt" count="0"/>
      <line num="139" type="stmt" count="0"/>
      <line num="140" type="stmt" count="0"/>
      <line num="141" type="stmt" count="0"/>
      <line num="142" type="stmt" count="0"/>
      <line num="143" type="stmt" count="0"/>
      <line num="144" type="stmt" count="0"/>
      <line num="147" type="stmt" count="0"/>
      <line num="149" type="stmt" count="0"/>
      <line num="150" type="stmt" count="0"/>
      <line num="151" type="stmt" count="0"/>
      <line num="156" type="stmt" count="0"/>
      <line num="162" type="stmt" count="0"/>
      <line num="163" type="stmt" count="0"/>
      <line num="165" type="stmt" count="0"/>
      <line num="166" type="stmt" count="0"/>
      <line num="167" type="stmt" count="0"/>
      <line num="170" type="stmt" count="0"/>
      <line num="173" type="stmt" count="0"/>
      <line num="174" type="stmt" count="0"/>
      <line num="175" type="stmt" count="0"/>
      <line num="176" type="stmt" count="0"/>
      <line num="177" type="stmt" count="0"/>
      <line num="178" type="stmt" count="0"/>
      <line num="179" type="stmt" count="0"/>
      <line num="181" type="stmt" count="0"/>
      <line num="185" type="stmt" count="0"/>
      <line num="189" type="stmt" count="0"/>
      <line num="193" type="stmt" count="0"/>
      <line num="197" type="stmt" count="0"/>
      <line num="201" type="stmt" count="0"/>
      <line num="215" type="stmt" count="0"/>
      <line num="217" type="stmt" count="0"/>
      <line num="219" type="stmt" count="0"/>
      <line num="224" type="stmt" count="0"/>
      <line num="225" type="stmt" count="0"/>
      <line num="226" type="stmt" count="0"/>
      <line num="227" type="stmt" count="0"/>
      <line num="228" type="stmt" count="0"/>
      <line num="230" type="stmt" count="0"/>
      <line num="231" type="stmt" count="0"/>
      <line num="232" type="stmt" count="0"/>
      <metrics loc="233" ncloc="221" classes="0" methods="0" coveredmethods="0" conditionals="0" coveredconditionals="0" statements="128" coveredstatements="0" elements="128" coveredelements="0"/>
    </file>
    <file name="/home/mikespub/seblucas-cops/resources/php-epub-meta/lib/Contents/Nav.php">
      <class name="SebLucas\EPubMeta\Contents\Nav" namespace="global">
        <metrics complexity="5" methods="5" coveredmethods="4" conditionals="0" coveredconditionals="0" statements="7" coveredstatements="6" elements="12" coveredelements="10"/>
      </class>
      <line num="24" type="method" name="__construct" visibility="public" complexity="1" crap="1" count="1"/>
      <line num="26" type="stmt" count="1"/>
      <line num="27" type="stmt" count="1"/>
      <line num="28" type="stmt" count="1"/>
      <line num="34" type="method" name="getDocTitle" visibility="public" complexity="1" crap="1" count="1"/>
      <line num="36" type="stmt" count="1"/>
      <line num="42" type="method" name="getDocAuthor" visibility="public" complexity="1" crap="1" count="1"/>
      <line num="44" type="stmt" count="1"/>
      <line num="50" type="method" name="getNavMap" visibility="public" complexity="1" crap="1" count="1"/>
      <line num="52" type="stmt" count="1"/>
      <line num="59" type="method" name="findNavPointsForFile" visibility="public" complexity="1" crap="2" count="0"/>
      <line num="61" type="stmt" count="0"/>
      <metrics loc="64" ncloc="38" classes="1" methods="5" coveredmethods="4" conditionals="0" coveredconditionals="0" statements="7" coveredstatements="6" elements="12" coveredelements="10"/>
    </file>
    <file name="/home/mikespub/seblucas-cops/resources/php-epub-meta/lib/Contents/NavPoint.php">
      <class name="SebLucas\EPubMeta\Contents\NavPoint" namespace="global">
        <metrics complexity="10" methods="9" coveredmethods="7" conditionals="0" coveredconditionals="0" statements="16" coveredstatements="14" elements="25" coveredelements="21"/>
      </class>
      <line num="34" type="method" name="__construct" visibility="public" complexity="1" crap="1" count="2"/>
      <line num="36" type="stmt" count="2"/>
      <line num="37" type="stmt" count="2"/>
      <line num="38" type="stmt" count="2"/>
      <line num="39" type="stmt" count="2"/>
      <line num="40" type="stmt" count="2"/>
      <line num="41" type="stmt" count="2"/>
      <line num="42" type="stmt" count="2"/>
      <line num="43" type="stmt" count="2"/>
      <line num="49" type="method" name="getId" visibility="public" complexity="1" crap="1" count="2"/>
      <line num="51" type="stmt" count="2"/>
      <line num="57" type="method" name="getClass" visibility="public" complexity="1" crap="1" count="2"/>
      <line num="59" type="stmt" count="2"/>
      <line num="65" type="method" name="getPlayOrder" visibility="public" complexity="1" crap="1" count="2"/>
      <line num="67" type="stmt" count="2"/>
      <line num="73" type="method" name="getNavLabel" visibility="public" complexity="1" crap="1" count="2"/>
      <line num="75" type="stmt" count="2"/>
      <line num="81" type="method" name="getContentSource" visibility="public" complexity="2" crap="2" count="2"/>
      <line num="83" type="stmt" count="2"/>
      <line num="89" type="method" name="getContentSourceFile" visibility="public" complexity="1" crap="2" count="0"/>
      <line num="91" type="stmt" count="0"/>
      <line num="97" type="method" name="getContentSourceFragment" visibility="public" complexity="1" crap="2" count="0"/>
      <line num="99" type="stmt" count="0"/>
      <line num="105" type="method" name="getChildren" visibility="public" complexity="1" crap="1" count="2"/>
      <line num="107" type="stmt" count="2"/>
      <metrics loc="110" ncloc="67" classes="1" methods="9" coveredmethods="7" conditionals="0" coveredconditionals="0" statements="16" coveredstatements="14" elements="25" coveredelements="21"/>
    </file>
    <file name="/home/mikespub/seblucas-cops/resources/php-epub-meta/lib/Contents/NavPointList.php">
      <class name="SebLucas\EPubMeta\Contents\NavPointList" namespace="global">
        <metrics complexity="14" methods="11" coveredmethods="10" conditionals="0" coveredconditionals="0" statements="18" coveredstatements="10" elements="29" coveredelements="20"/>
      </class>
      <line num="18" type="method" name="__construct" visibility="public" complexity="1" crap="1" count="2"/>
      <line num="20" type="stmt" count="2"/>
      <line num="26" type="method" name="addNavPoint" visibility="public" complexity="1" crap="1" count="2"/>
      <line num="28" type="stmt" count="2"/>
      <line num="36" type="method" name="findNavPointsForFile" visibility="public" complexity="4" crap="20" count="0"/>
      <line num="38" type="stmt" count="0"/>
      <line num="39" type="stmt" count="0"/>
      <line num="40" type="stmt" count="0"/>
      <line num="41" type="stmt" count="0"/>
      <line num="43" type="stmt" count="0"/>
      <line num="44" type="stmt" count="0"/>
      <line num="45" type="stmt" count="0"/>
      <line num="48" type="stmt" count="0"/>
      <line num="57" type="method" name="current" visibility="public" complexity="1" crap="1" count="2"/>
      <line num="59" type="stmt" count="2"/>
      <line num="68" type="method" name="next" visibility="public" complexity="1" crap="1" count="2"/>
      <line num="70" type="stmt" count="2"/>
      <line num="79" type="method" name="key" visibility="public" complexity="1" crap="1" count="2"/>
      <line num="81" type="stmt" count="2"/>
      <line num="91" type="method" name="valid" visibility="public" complexity="1" crap="1" count="2"/>
      <line num="93" type="stmt" count="2"/>
      <line num="102" type="method" name="rewind" visibility="public" complexity="1" crap="1" count="2"/>
      <line num="104" type="stmt" count="2"/>
      <line num="110" type="method" name="first" visibility="public" complexity="1" crap="1" count="2"/>
      <line num="112" type="stmt" count="2"/>
      <line num="118" type="method" name="last" visibility="public" complexity="1" crap="1" count="1"/>
      <line num="120" type="stmt" count="1"/>
      <line num="126" type="method" name="count" visibility="public" complexity="1" crap="1" count="2"/>
      <line num="128" type="stmt" count="2"/>
      <metrics loc="131" ncloc="75" classes="1" methods="11" coveredmethods="10" conditionals="0" coveredconditionals="0" statements="18" coveredstatements="10" elements="29" coveredelements="20"/>
    </file>
    <file name="/home/mikespub/seblucas-cops/resources/php-epub-meta/lib/Contents/Spine.php">
      <class name="SebLucas\EPubMeta\Contents\Spine" namespace="global">
        <metrics complexity="16" methods="16" coveredmethods="12" conditionals="0" coveredconditionals="0" statements="17" coveredstatements="13" elements="33" coveredelements="25"/>
      </class>
      <line num="32" type="method" name="__construct" visibility="public" complexity="1" crap="1" count="20"/>
      <line num="34" type="stmt" count="20"/>
      <line num="35" type="stmt" count="20"/>
      <line num="43" type="method" name="getTocItem" visibility="public" complexity="1" crap="1" count="3"/>
      <line num="45" type="stmt" count="3"/>
      <line num="53" type="method" name="getTocFormat" visibility="public" complexity="1" crap="1" count="1"/>
      <line num="55" type="stmt" count="1"/>
      <line num="64" type="method" name="appendItem" visibility="public" complexity="1" crap="1" count="20"/>
      <line num="66" type="stmt" count="20"/>
      <line num="75" type="method" name="current" visibility="public" complexity="1" crap="1" count="4"/>
      <line num="77" type="stmt" count="4"/>
      <line num="85" type="method" name="next" visibility="public" complexity="1" crap="1" count="4"/>
      <line num="87" type="stmt" count="4"/>
      <line num="96" type="method" name="key" visibility="public" complexity="1" crap="2" count="0"/>
      <line num="98" type="stmt" count="0"/>
      <line num="107" type="method" name="valid" visibility="public" complexity="1" crap="1" count="3"/>
      <line num="109" type="stmt" count="3"/>
      <line num="118" type="method" name="rewind" visibility="public" complexity="1" crap="1" count="3"/>
      <line num="120" type="stmt" count="3"/>
      <line num="128" type="method" name="first" visibility="public" complexity="1" crap="1" count="2"/>
      <line num="130" type="stmt" count="2"/>
      <line num="138" type="method" name="last" visibility="public" complexity="1" crap="1" count="1"/>
      <line num="140" type="stmt" count="1"/>
      <line num="149" type="method" name="count" visibility="public" complexity="1" crap="1" count="1"/>
      <line num="151" type="stmt" count="1"/>
      <line num="160" type="method" name="offsetExists" visibility="public" complexity="1" crap="2" count="0"/>
      <line num="162" type="stmt" count="0"/>
      <line num="171" type="method" name="offsetGet" visibility="public" complexity="1" crap="1" count="14"/>
      <line num="173" type="stmt" count="14"/>
      <line num="183" type="method" name="offsetSet" visibility="public" complexity="1" crap="2" count="0"/>
      <line num="185" type="stmt" count="0"/>
      <line num="194" type="method" name="offsetUnset" visibility="public" complexity="1" crap="2" count="0"/>
      <line num="196" type="stmt" count="0"/>
      <metrics loc="199" ncloc="98" classes="1" methods="16" coveredmethods="12" conditionals="0" coveredconditionals="0" statements="17" coveredstatements="13" elements="33" coveredelements="25"/>
    </file>
    <file name="/home/mikespub/seblucas-cops/resources/php-epub-meta/lib/Contents/Toc.php">
      <class name="SebLucas\EPubMeta\Contents\Toc" namespace="global">
        <metrics complexity="5" methods="5" coveredmethods="4" conditionals="0" coveredconditionals="0" statements="7" coveredstatements="6" elements="12" coveredelements="10"/>
      </class>
      <line num="24" type="method" name="__construct" visibility="public" complexity="1" crap="1" count="1"/>
      <line num="26" type="stmt" count="1"/>
      <line num="27" type="stmt" count="1"/>
      <line num="28" type="stmt" count="1"/>
      <line num="34" type="method" name="getDocTitle" visibility="public" complexity="1" crap="1" count="1"/>
      <line num="36" type="stmt" count="1"/>
      <line num="42" type="method" name="getDocAuthor" visibility="public" complexity="1" crap="1" count="1"/>
      <line num="44" type="stmt" count="1"/>
      <line num="50" type="method" name="getNavMap" visibility="public" complexity="1" crap="1" count="1"/>
      <line num="52" type="stmt" count="1"/>
      <line num="59" type="method" name="findNavPointsForFile" visibility="public" complexity="1" crap="2" count="0"/>
      <line num="61" type="stmt" count="0"/>
      <metrics loc="64" ncloc="38" classes="1" methods="5" coveredmethods="4" conditionals="0" coveredconditionals="0" statements="7" coveredstatements="6" elements="12" coveredelements="10"/>
    </file>
    <file name="/home/mikespub/seblucas-cops/resources/php-epub-meta/lib/Data/Item.php">
      <class name="SebLucas\EPubMeta\Data\Item" namespace="global">
        <metrics complexity="30" methods="7" coveredmethods="7" conditionals="0" coveredconditionals="0" statements="68" coveredstatements="68" elements="75" coveredelements="75"/>
      </class>
      <line num="40" type="method" name="__construct" visibility="public" complexity="2" crap="2" count="23"/>
      <line num="42" type="stmt" count="23"/>
      <line num="43" type="stmt" count="23"/>
      <line num="44" type="stmt" count="23"/>
      <line num="45" type="stmt" count="23"/>
      <line num="46" type="stmt" count="23"/>
      <line num="52" type="method" name="getId" visibility="public" complexity="1" crap="1" count="3"/>
      <line num="54" type="stmt" count="3"/>
      <line num="60" type="method" name="getHref" visibility="public" complexity="1" crap="1" count="5"/>
      <line num="62" type="stmt" count="5"/>
      <line num="68" type="method" name="getMediaType" visibility="public" complexity="1" crap="1" count="3"/>
      <line num="70" type="stmt" count="3"/>
      <line num="82" type="method" name="getContents" visibility="public" complexity="21" crap="21" count="16"/>
      <line num="84" type="stmt" count="16"/>
      <line num="85" type="stmt" count="16"/>
      <line num="88" type="stmt" count="16"/>
      <line num="89" type="stmt" count="5"/>
      <line num="90" type="stmt" count="5"/>
      <line num="91" type="stmt" count="5"/>
      <line num="92" type="stmt" count="5"/>
      <line num="95" type="stmt" count="11"/>
      <line num="98" type="stmt" count="15"/>
      <line num="99" type="stmt" count="15"/>
      <line num="100" type="stmt" count="15"/>
      <line num="101" type="stmt" count="15"/>
      <line num="102" type="stmt" count="15"/>
      <line num="103" type="stmt" count="15"/>
      <line num="104" type="stmt" count="15"/>
      <line num="105" type="stmt" count="15"/>
      <line num="106" type="stmt" count="15"/>
      <line num="107" type="stmt" count="15"/>
      <line num="108" type="stmt" count="15"/>
      <line num="109" type="stmt" count="15"/>
      <line num="110" type="stmt" count="15"/>
      <line num="111" type="stmt" count="15"/>
      <line num="112" type="stmt" count="15"/>
      <line num="113" type="stmt" count="15"/>
      <line num="114" type="stmt" count="15"/>
      <line num="115" type="stmt" count="15"/>
      <line num="116" type="stmt" count="15"/>
      <line num="117" type="stmt" count="15"/>
      <line num="120" type="stmt" count="15"/>
      <line num="121" type="stmt" count="15"/>
      <line num="123" type="stmt" count="15"/>
      <line num="124" type="stmt" count="15"/>
      <line num="125" type="stmt" count="15"/>
      <line num="126" type="stmt" count="15"/>
      <line num="127" type="stmt" count="5"/>
      <line num="128" type="stmt" count="5"/>
      <line num="129" type="stmt" count="14"/>
      <line num="131" type="stmt" count="13"/>
      <line num="133" type="stmt" count="13"/>
      <line num="136" type="stmt" count="15"/>
      <line num="138" type="stmt" count="15"/>
      <line num="139" type="stmt" count="15"/>
      <line num="144" type="stmt" count="15"/>
      <line num="145" type="stmt" count="15"/>
      <line num="146" type="stmt" count="15"/>
      <line num="149" type="stmt" count="15"/>
      <line num="151" type="stmt" count="15"/>
      <line num="152" type="stmt" count="15"/>
      <line num="153" type="stmt" count="15"/>
      <line num="155" type="stmt" count="15"/>
      <line num="156" type="stmt" count="11"/>
      <line num="158" type="stmt" count="1"/>
      <line num="162" type="stmt" count="14"/>
      <line num="163" type="stmt" count="4"/>
      <line num="166" type="stmt" count="14"/>
      <line num="174" type="method" name="getData" visibility="public" complexity="2" crap="2" count="17"/>
      <line num="176" type="stmt" count="17"/>
      <line num="177" type="stmt" count="17"/>
      <line num="178" type="stmt" count="17"/>
      <line num="181" type="stmt" count="17"/>
      <line num="189" type="method" name="getSize" visibility="public" complexity="2" crap="2" count="3"/>
      <line num="191" type="stmt" count="3"/>
      <metrics loc="194" ncloc="138" classes="1" methods="7" coveredmethods="7" conditionals="0" coveredconditionals="0" statements="68" coveredstatements="68" elements="75" coveredelements="75"/>
    </file>
    <file name="/home/mikespub/seblucas-cops/resources/php-epub-meta/lib/Data/Manifest.php">
      <class name="SebLucas\EPubMeta\Data\Manifest" namespace="global">
        <metrics complexity="14" methods="13" coveredmethods="7" conditionals="0" coveredconditionals="0" statements="17" coveredstatements="11" elements="30" coveredelements="18"/>
      </class>
      <line num="34" type="method" name="createItem" visibility="public" complexity="2" crap="2.03" count="23"/>
      <line num="36" type="stmt" count="23"/>
      <line num="37" type="stmt" count="0"/>
      <line num="39" type="stmt" count="23"/>
      <line num="40" type="stmt" count="23"/>
      <line num="42" type="stmt" count="23"/>
      <line num="51" type="method" name="current" visibility="public" complexity="1" crap="1" count="1"/>
      <line num="53" type="stmt" count="1"/>
      <line num="61" type="method" name="next" visibility="public" complexity="1" crap="1" count="1"/>
      <line num="63" type="stmt" count="1"/>
      <line num="72" type="method" name="key" visibility="public" complexity="1" crap="2" count="0"/>
      <line num="74" type="stmt" count="0"/>
      <line num="83" type="method" name="valid" visibility="public" complexity="1" crap="2" count="0"/>
      <line num="85" type="stmt" count="0"/>
      <line num="94" type="method" name="rewind" visibility="public" complexity="1" crap="2" count="0"/>
      <line num="96" type="stmt" count="0"/>
      <line num="104" type="method" name="first" visibility="public" complexity="1" crap="1" count="1"/>
      <line num="106" type="stmt" count="1"/>
      <line num="114" type="method" name="last" visibility="public" complexity="1" crap="1" count="1"/>
      <line num="116" type="stmt" count="1"/>
      <line num="125" type="method" name="count" visibility="public" complexity="1" crap="1" count="1"/>
      <line num="127" type="stmt" count="1"/>
      <line num="136" type="method" name="offsetExists" visibility="public" complexity="1" crap="1" count="21"/>
      <line num="138" type="stmt" count="21"/>
      <line num="147" type="method" name="offsetGet" visibility="public" complexity="1" crap="1" count="21"/>
      <line num="149" type="stmt" count="21"/>
      <line num="159" type="method" name="offsetSet" visibility="public" complexity="1" crap="2" count="0"/>
      <line num="161" type="stmt" count="0"/>
      <line num="170" type="method" name="offsetUnset" visibility="public" complexity="1" crap="2" count="0"/>
      <line num="172" type="stmt" count="0"/>
      <metrics loc="175" ncloc="86" classes="1" methods="13" coveredmethods="7" conditionals="0" coveredconditionals="0" statements="17" coveredstatements="11" elements="30" coveredelements="18"/>
    </file>
    <file name="/home/mikespub/seblucas-cops/resources/php-epub-meta/lib/Dom/Element.php">
      <class name="SebLucas\EPubMeta\Dom\Element" namespace="global">
        <metrics complexity="28" methods="12" coveredmethods="7" conditionals="0" coveredconditionals="0" statements="48" coveredstatements="30" elements="60" coveredelements="37"/>
      </class>
      <line num="39" type="method" name="__construct" visibility="public" complexity="3" crap="3" count="13"/>
      <line num="41" type="stmt" count="13"/>
      <line num="42" type="stmt" count="13"/>
      <line num="43" type="stmt" count="13"/>
      <line num="45" type="stmt" count="1"/>
      <line num="47" type="stmt" count="13"/>
      <line num="55" type="method" name="__get" visibility="public" complexity="2" crap="6" count="0"/>
      <line num="58" type="stmt" count="0"/>
      <line num="59" type="stmt" count="0"/>
      <line num="62" type="stmt" count="0"/>
      <line num="71" type="method" name="__set" visibility="public" complexity="2" crap="6" count="0"/>
      <line num="74" type="stmt" count="0"/>
      <line num="75" type="stmt" count="0"/>
      <line num="87" type="method" name="newChild" visibility="public" complexity="2" crap="2" count="12"/>
      <line num="89" type="stmt" count="12"/>
      <line num="92" type="stmt" count="12"/>
      <line num="95" type="stmt" count="12"/>
      <line num="96" type="stmt" count="12"/>
      <line num="106" type="method" name="splitns" visibility="public" complexity="2" crap="6" count="0"/>
      <line num="108" type="stmt" count="0"/>
      <line num="109" type="stmt" count="0"/>
      <line num="110" type="stmt" count="0"/>
      <line num="112" type="stmt" count="0"/>
      <line num="122" type="method" name="attr" visibility="public" complexity="3" crap="12" count="0"/>
      <line num="124" type="stmt" count="0"/>
      <line num="125" type="stmt" count="0"/>
      <line num="127" type="stmt" count="0"/>
      <line num="130" type="stmt" count="0"/>
      <line num="134" type="stmt" count="0"/>
      <line num="143" type="method" name="getAttrib" visibility="public" complexity="2" crap="2" count="45"/>
      <line num="145" type="stmt" count="45"/>
      <line num="148" type="stmt" count="45"/>
      <line num="149" type="stmt" count="3"/>
      <line num="151" type="stmt" count="45"/>
      <line num="161" type="method" name="setAttrib" visibility="public" complexity="2" crap="2" count="8"/>
      <line num="163" type="stmt" count="8"/>
      <line num="165" type="stmt" count="8"/>
      <line num="166" type="stmt" count="6"/>
      <line num="168" type="stmt" count="2"/>
      <line num="177" type="method" name="removeAttrib" visibility="public" complexity="2" crap="6" count="0"/>
      <line num="179" type="stmt" count="0"/>
      <line num="181" type="stmt" count="0"/>
      <line num="182" type="stmt" count="0"/>
      <line num="184" type="stmt" count="0"/>
      <line num="192" type="method" name="delete" visibility="public" complexity="1" crap="1" count="14"/>
      <line num="194" type="stmt" count="14"/>
      <line num="203" type="method" name="splitQualifiedName" visibility="protected" complexity="2" crap="2" count="45"/>
      <line num="205" type="stmt" count="45"/>
      <line num="206" type="stmt" count="45"/>
      <line num="207" type="stmt" count="45"/>
      <line num="210" type="stmt" count="45"/>
      <line num="217" type="method" name="getNameContext" visibility="protected" complexity="5" crap="5" count="45"/>
      <line num="219" type="stmt" count="45"/>
      <line num="221" type="stmt" count="45"/>
      <line num="222" type="stmt" count="45"/>
      <line num="224" type="stmt" count="16"/>
      <line num="226" type="stmt" count="16"/>
      <line num="227" type="stmt" count="16"/>
      <line num="229" type="stmt" count="4"/>
      <line num="233" type="stmt" count="45"/>
      <metrics loc="236" ncloc="142" classes="1" methods="12" coveredmethods="7" conditionals="0" coveredconditionals="0" statements="48" coveredstatements="30" elements="60" coveredelements="37"/>
    </file>
    <file name="/home/mikespub/seblucas-cops/resources/php-epub-meta/lib/Dom/XPath.php">
      <class name="SebLucas\EPubMeta\Dom\XPath" namespace="global">
        <metrics complexity="2" methods="1" coveredmethods="1" conditionals="0" coveredconditionals="0" statements="3" coveredstatements="3" elements="4" coveredelements="4"/>
      </class>
      <line num="24" type="method" name="__construct" visibility="public" complexity="2" crap="2" count="45"/>
      <line num="26" type="stmt" count="45"/>
      <line num="28" type="stmt" count="45"/>
      <line num="29" type="stmt" count="45"/>
      <metrics loc="33" ncloc="19" classes="1" methods="1" coveredmethods="1" conditionals="0" coveredconditionals="0" statements="3" coveredstatements="3" elements="4" coveredelements="4"/>
    </file>
    <file name="/home/mikespub/seblucas-cops/resources/php-epub-meta/lib/Dom/XmlNamespace.php">
      <class name="Epubli\Epub\Dom\XmlNamespace" namespace="global">
        <metrics complexity="4" methods="2" coveredmethods="0" conditionals="0" coveredconditionals="0" statements="9" coveredstatements="0" elements="11" coveredelements="0"/>
      </class>
      <line num="38" type="method" name="getUri" visibility="public" complexity="2" crap="6" count="0"/>
      <line num="40" type="stmt" count="0"/>
      <line num="41" type="stmt" count="0"/>
      <line num="42" type="stmt" count="0"/>
      <line num="45" type="stmt" count="0"/>
      <line num="53" type="method" name="toPrefixArray" visibility="public" complexity="2" crap="6" count="0"/>
      <line num="55" type="stmt" count="0"/>
      <line num="56" type="stmt" count="0"/>
      <line num="57" type="stmt" count="0"/>
      <line num="58" type="stmt" count="0"/>
      <line num="61" type="stmt" count="0"/>
      <metrics loc="64" ncloc="39" classes="1" methods="2" coveredmethods="0" conditionals="0" coveredconditionals="0" statements="9" coveredstatements="0" elements="11" coveredelements="0"/>
    </file>
    <file name="/home/mikespub/seblucas-cops/resources/php-epub-meta/lib/EPub.php">
      <class name="SebLucas\EPubMeta\EPub" namespace="global">
        <metrics complexity="236" methods="112" coveredmethods="42" conditionals="0" coveredconditionals="0" statements="680" coveredstatements="396" elements="792" coveredelements="438"/>
      </class>
      <line num="76" type="method" name="__construct" visibility="public" complexity="3" crap="3.03" count="45"/>
      <line num="78" type="stmt" count="45"/>
      <line num="79" type="stmt" count="2"/>
      <line num="81" type="stmt" count="45"/>
      <line num="82" type="stmt" count="0"/>
      <line num="85" type="stmt" count="45"/>
      <line num="86" type="stmt" count="45"/>
      <line num="89" type="stmt" count="45"/>
      <line num="98" type="method" name="openZipFile" visibility="public" complexity="2" crap="2" count="45"/>
      <line num="100" type="stmt" count="45"/>
      <line num="101" type="stmt" count="45"/>
      <line num="102" type="stmt" count="2"/>
      <line num="104" type="stmt" count="45"/>
      <line num="112" type="method" name="loadMetadata" visibility="public" complexity="5" crap="5.06" count="45"/>
      <line num="114" type="stmt" count="45"/>
      <line num="115" type="stmt" count="1"/>
      <line num="118" type="stmt" count="45"/>
      <line num="119" type="stmt" count="45"/>
      <line num="120" type="stmt" count="0"/>
      <line num="122" type="stmt" count="45"/>
      <line num="123" type="stmt" count="45"/>
      <line num="124" type="stmt" count="45"/>
      <line num="125" type="stmt" count="45"/>
      <line num="126" type="stmt" count="45"/>
      <line num="127" type="stmt" count="45"/>
      <line num="130" type="stmt" count="45"/>
      <line num="131" type="stmt" count="0"/>
      <line num="134" type="stmt" count="45"/>
      <line num="135" type="stmt" count="45"/>
      <line num="136" type="stmt" count="0"/>
      <line num="138" type="stmt" count="45"/>
      <line num="139" type="stmt" count="45"/>
      <line num="140" type="stmt" count="45"/>
      <line num="141" type="stmt" count="45"/>
      <line num="142" type="stmt" count="45"/>
      <line num="144" type="stmt" count="45"/>
      <line num="152" type="method" name="initSpineComponent" visibility="public" complexity="4" crap="20" count="0"/>
      <line num="154" type="stmt" count="0"/>
      <line num="155" type="stmt" count="0"/>
      <line num="156" type="stmt" count="0"/>
      <line num="157" type="stmt" count="0"/>
      <line num="158" type="stmt" count="0"/>
      <line num="159" type="stmt" count="0"/>
      <line num="161" type="stmt" count="0"/>
      <line num="162" type="stmt" count="0"/>
      <line num="164" type="stmt" count="0"/>
      <line num="165" type="stmt" count="0"/>
      <line num="166" type="stmt" count="0"/>
      <line num="167" type="stmt" count="0"/>
      <line num="168" type="stmt" count="0"/>
      <line num="169" type="stmt" count="0"/>
      <line num="170" type="stmt" count="0"/>
      <line num="171" type="stmt" count="0"/>
      <line num="173" type="stmt" count="0"/>
      <line num="174" type="stmt" count="0"/>
      <line num="175" type="stmt" count="0"/>
      <line num="177" type="stmt" count="0"/>
      <line num="178" type="stmt" count="0"/>
      <line num="181" type="stmt" count="0"/>
      <line num="182" type="stmt" count="0"/>
      <line num="183" type="stmt" count="0"/>
      <line num="184" type="stmt" count="0"/>
      <line num="185" type="stmt" count="0"/>
      <line num="186" type="stmt" count="0"/>
      <line num="187" type="stmt" count="0"/>
      <line num="195" type="method" name="getEpubVersion" visibility="public" complexity="4" crap="20" count="0"/>
      <line num="197" type="stmt" count="0"/>
      <line num="198" type="stmt" count="0"/>
      <line num="201" type="stmt" count="0"/>
      <line num="202" type="stmt" count="0"/>
      <line num="203" type="stmt" count="0"/>
      <line num="204" type="stmt" count="0"/>
      <line num="206" type="stmt" count="0"/>
      <line num="207" type="stmt" count="0"/>
      <line num="208" type="stmt" count="0"/>
      <line num="212" type="stmt" count="0"/>
      <line num="219" type="method" name="file" visibility="public" complexity="1" crap="1" count="1"/>
      <line num="221" type="stmt" count="1"/>
      <line num="228" type="method" name="meta" visibility="public" complexity="1" crap="2" count="0"/>
      <line num="230" type="stmt" count="0"/>
      <line num="237" type="method" name="close" visibility="public" complexity="1" crap="1" count="1"/>
      <line num="239" type="stmt" count="1"/>
      <line num="241" type="stmt" count="1"/>
      <line num="248" type="method" name="cleanITunesCrap" visibility="public" complexity="3" crap="12" count="0"/>
      <line num="250" type="stmt" count="0"/>
      <line num="251" type="stmt" count="0"/>
      <line num="253" type="stmt" count="0"/>
      <line num="254" type="stmt" count="0"/>
      <line num="262" type="method" name="save" visibility="public" complexity="1" crap="2" count="0"/>
      <line num="264" type="stmt" count="0"/>
      <line num="265" type="stmt" count="0"/>
      <line num="274" type="method" name="download" visibility="public" complexity="4" crap="20" count="0"/>
      <line num="276" type="stmt" count="0"/>
      <line num="278" type="stmt" count="0"/>
      <line num="279" type="stmt" count="0"/>
      <line num="280" type="stmt" count="0"/>
      <line num="282" type="stmt" count="0"/>
      <line num="283" type="stmt" count="0"/>
      <line num="284" type="stmt" count="0"/>
      <line num="285" type="stmt" count="0"/>
      <line num="286" type="stmt" count="0"/>
      <line num="294" type="method" name="components" visibility="public" complexity="2" crap="6" count="0"/>
      <line num="296" type="stmt" count="0"/>
      <line num="297" type="stmt" count="0"/>
      <line num="298" type="stmt" count="0"/>
      <line num="300" type="stmt" count="0"/>
      <line num="302" type="stmt" count="0"/>
      <line num="303" type="stmt" count="0"/>
      <line num="305" type="stmt" count="0"/>
      <line num="313" type="method" name="component" visibility="public" complexity="2" crap="2.09" count="1"/>
      <line num="315" type="stmt" count="1"/>
      <line num="316" type="stmt" count="1"/>
      <line num="317" type="stmt" count="1"/>
      <line num="318" type="stmt" count="0"/>
      <line num="319" type="stmt" count="0"/>
      <line num="322" type="stmt" count="1"/>
      <line num="323" type="stmt" count="1"/>
      <line num="332" type="method" name="getComponentName" visibility="public" complexity="3" crap="12" count="0"/>
      <line num="334" type="stmt" count="0"/>
      <line num="335" type="stmt" count="0"/>
      <line num="336" type="stmt" count="0"/>
      <line num="337" type="stmt" count="0"/>
      <line num="338" type="stmt" count="0"/>
      <line num="340" type="stmt" count="0"/>
      <line num="341" type="stmt" count="0"/>
      <line num="342" type="stmt" count="0"/>
      <line num="343" type="stmt" count="0"/>
      <line num="344" type="stmt" count="0"/>
      <line num="346" type="stmt" count="0"/>
      <line num="354" type="method" name="encodeComponentName" visibility="protected" complexity="1" crap="2" count="0"/>
      <line num="356" type="stmt" count="0"/>
      <line num="357" type="stmt" count="0"/>
      <line num="358" type="stmt" count="0"/>
      <line num="359" type="stmt" count="0"/>
      <line num="360" type="stmt" count="0"/>
      <line num="368" type="method" name="decodeComponentName" visibility="protected" complexity="1" crap="1" count="2"/>
      <line num="370" type="stmt" count="2"/>
      <line num="371" type="stmt" count="2"/>
      <line num="372" type="stmt" count="2"/>
      <line num="373" type="stmt" count="2"/>
      <line num="374" type="stmt" count="2"/>
      <line num="383" type="method" name="componentContentType" visibility="public" complexity="3" crap="12" count="0"/>
      <line num="385" type="stmt" count="0"/>
      <line num="386" type="stmt" count="0"/>
      <line num="387" type="stmt" count="0"/>
      <line num="388" type="stmt" count="0"/>
      <line num="392" type="stmt" count="0"/>
      <line num="393" type="stmt" count="0"/>
      <line num="394" type="stmt" count="0"/>
      <line num="395" type="stmt" count="0"/>
      <line num="397" type="stmt" count="0"/>
      <line num="405" type="method" name="getComponentSize" visibility="public" complexity="2" crap="2.09" count="1"/>
      <line num="407" type="stmt" count="1"/>
      <line num="408" type="stmt" count="1"/>
      <line num="409" type="stmt" count="1"/>
      <line num="410" type="stmt" count="0"/>
      <line num="411" type="stmt" count="0"/>
      <line num="414" type="stmt" count="1"/>
      <line num="415" type="stmt" count="1"/>
      <line num="424" type="method" name="getNavPointDetail" visibility="protected" complexity="1" crap="2" count="0"/>
      <line num="426" type="stmt" count="0"/>
      <line num="427" type="stmt" count="0"/>
      <line num="428" type="stmt" count="0"/>
      <line num="429" type="stmt" count="0"/>
      <line num="430" type="stmt" count="0"/>
      <line num="439" type="method" name="getNavTocListItem" visibility="protected" complexity="1" crap="2" count="0"/>
      <line num="441" type="stmt" count="0"/>
      <line num="442" type="stmt" count="0"/>
      <line num="443" type="stmt" count="0"/>
      <line num="444" type="stmt" count="0"/>
      <line num="445" type="stmt" count="0"/>
      <line num="454" type="method" name="contents" visibility="public" complexity="5" crap="30" count="0"/>
      <line num="456" type="stmt" count="0"/>
      <line num="457" type="stmt" count="0"/>
      <line num="458" type="stmt" count="0"/>
      <line num="459" type="stmt" count="0"/>
      <line num="460" type="stmt" count="0"/>
      <line num="461" type="stmt" count="0"/>
      <line num="463" type="stmt" count="0"/>
      <line num="465" type="stmt" count="0"/>
      <line num="466" type="stmt" count="0"/>
      <line num="467" type="stmt" count="0"/>
      <line num="469" type="stmt" count="0"/>
      <line num="470" type="stmt" count="0"/>
      <line num="471" type="stmt" count="0"/>
      <line num="474" type="stmt" count="0"/>
      <line num="483" type="method" name="Authors" visibility="public" complexity="2" crap="2" count="1"/>
      <line num="486" type="stmt" count="1"/>
      <line num="487" type="stmt" count="1"/>
      <line num="491" type="stmt" count="1"/>
      <line num="510" type="method" name="setAuthors" visibility="public" complexity="5" crap="5" count="2"/>
      <line num="513" type="stmt" count="2"/>
      <line num="514" type="stmt" count="2"/>
      <line num="515" type="stmt" count="2"/>
      <line num="517" type="stmt" count="2"/>
      <line num="518" type="stmt" count="2"/>
      <line num="523" type="stmt" count="2"/>
      <line num="524" type="stmt" count="2"/>
      <line num="528" type="stmt" count="2"/>
      <line num="529" type="stmt" count="2"/>
      <line num="530" type="stmt" count="2"/>
      <line num="531" type="stmt" count="2"/>
      <line num="533" type="stmt" count="2"/>
      <line num="534" type="stmt" count="2"/>
      <line num="535" type="stmt" count="2"/>
      <line num="538" type="stmt" count="2"/>
      <line num="545" type="method" name="getAuthors" visibility="public" complexity="5" crap="5" count="3"/>
      <line num="547" type="stmt" count="3"/>
      <line num="548" type="stmt" count="3"/>
      <line num="549" type="stmt" count="3"/>
      <line num="550" type="stmt" count="3"/>
      <line num="552" type="stmt" count="3"/>
      <line num="553" type="stmt" count="3"/>
      <line num="555" type="stmt" count="3"/>
      <line num="557" type="stmt" count="3"/>
      <line num="558" type="stmt" count="3"/>
      <line num="559" type="stmt" count="3"/>
      <line num="560" type="stmt" count="1"/>
      <line num="561" type="stmt" count="1"/>
      <line num="563" type="stmt" count="3"/>
      <line num="564" type="stmt" count="1"/>
      <line num="566" type="stmt" count="3"/>
      <line num="568" type="stmt" count="3"/>
      <line num="578" type="method" name="Title" visibility="public" complexity="1" crap="1" count="1"/>
      <line num="580" type="stmt" count="1"/>
      <line num="590" type="method" name="Language" visibility="public" complexity="1" crap="2" count="0"/>
      <line num="592" type="stmt" count="0"/>
      <line num="602" type="method" name="Publisher" visibility="public" complexity="1" crap="2" count="0"/>
      <line num="604" type="stmt" count="0"/>
      <line num="614" type="method" name="Copyright" visibility="public" complexity="1" crap="2" count="0"/>
      <line num="616" type="stmt" count="0"/>
      <line num="626" type="method" name="Description" visibility="public" complexity="1" crap="2" count="0"/>
      <line num="628" type="stmt" count="0"/>
      <line num="638" type="method" name="Uuid" visibility="public" complexity="2" crap="6" count="0"/>
      <line num="640" type="stmt" count="0"/>
      <line num="641" type="stmt" count="0"/>
      <line num="642" type="stmt" count="0"/>
      <line num="643" type="stmt" count="0"/>
      <line num="645" type="stmt" count="0"/>
      <line num="647" type="stmt" count="0"/>
      <line num="649" type="stmt" count="0"/>
      <line num="659" type="method" name="CreationDate" visibility="public" complexity="1" crap="2" count="0"/>
      <line num="661" type="stmt" count="0"/>
      <line num="663" type="stmt" count="0"/>
      <line num="673" type="method" name="ModificationDate" visibility="public" complexity="1" crap="2" count="0"/>
      <line num="675" type="stmt" count="0"/>
      <line num="677" type="stmt" count="0"/>
      <line num="687" type="method" name="Uri" visibility="public" complexity="1" crap="2" count="0"/>
      <line num="689" type="stmt" count="0"/>
      <line num="691" type="stmt" count="0"/>
      <line num="701" type="method" name="ISBN" visibility="public" complexity="1" crap="2" count="0"/>
      <line num="703" type="stmt" count="0"/>
      <line num="712" type="method" name="Google" visibility="public" complexity="1" crap="2" count="0"/>
      <line num="714" type="stmt" count="0"/>
      <line num="723" type="method" name="Amazon" visibility="public" complexity="1" crap="2" count="0"/>
      <line num="725" type="stmt" count="0"/>
      <line num="735" type="method" name="Calibre" visibility="public" complexity="1" crap="2" count="0"/>
      <line num="737" type="stmt" count="0"/>
      <line num="747" type="method" name="Serie" visibility="public" complexity="1" crap="2" count="0"/>
      <line num="749" type="stmt" count="0"/>
      <line num="758" type="method" name="setSeries" visibility="public" complexity="1" crap="2" count="0"/>
      <line num="760" type="stmt" count="0"/>
      <line num="768" type="method" name="getSeries" visibility="public" complexity="1" crap="2" count="0"/>
      <line num="770" type="stmt" count="0"/>
      <line num="780" type="method" name="SerieIndex" visibility="public" complexity="1" crap="2" count="0"/>
      <line num="782" type="stmt" count="0"/>
      <line num="791" type="method" name="setSeriesIndex" visibility="public" complexity="1" crap="2" count="0"/>
      <line num="793" type="stmt" count="0"/>
      <line num="801" type="method" name="getSeriesIndex" visibility="public" complexity="1" crap="2" count="0"/>
      <line num="803" type="stmt" count="0"/>
      <line num="816" type="method" name="Subjects" visibility="public" complexity="2" crap="2" count="1"/>
      <line num="819" type="stmt" count="1"/>
      <line num="820" type="stmt" count="1"/>
      <line num="824" type="stmt" count="1"/>
      <line num="836" type="method" name="setSubjects" visibility="public" complexity="4" crap="4" count="2"/>
      <line num="838" type="stmt" count="2"/>
      <line num="839" type="stmt" count="2"/>
      <line num="840" type="stmt" count="2"/>
      <line num="842" type="stmt" count="2"/>
      <line num="843" type="stmt" count="2"/>
      <line num="848" type="stmt" count="2"/>
      <line num="849" type="stmt" count="2"/>
      <line num="851" type="stmt" count="2"/>
      <line num="852" type="stmt" count="2"/>
      <line num="853" type="stmt" count="2"/>
      <line num="854" type="stmt" count="2"/>
      <line num="857" type="stmt" count="2"/>
      <line num="864" type="method" name="getSubjects" visibility="public" complexity="2" crap="2" count="2"/>
      <line num="866" type="stmt" count="2"/>
      <line num="867" type="stmt" count="2"/>
      <line num="868" type="stmt" count="2"/>
      <line num="869" type="stmt" count="2"/>
      <line num="871" type="stmt" count="2"/>
      <line num="886" type="method" name="Cover" visibility="public" complexity="2" crap="2.15" count="1"/>
      <line num="889" type="stmt" count="1"/>
      <line num="890" type="stmt" count="0"/>
      <line num="894" type="stmt" count="1"/>
      <line num="908" type="method" name="setCoverInfo" visibility="public" complexity="1" crap="2" count="0"/>
      <line num="911" type="stmt" count="0"/>
      <line num="912" type="stmt" count="0"/>
      <line num="914" type="stmt" count="0"/>
      <line num="915" type="stmt" count="0"/>
      <line num="919" type="stmt" count="0"/>
      <line num="920" type="stmt" count="0"/>
      <line num="921" type="stmt" count="0"/>
      <line num="922" type="stmt" count="0"/>
      <line num="926" type="stmt" count="0"/>
      <line num="927" type="stmt" count="0"/>
      <line num="928" type="stmt" count="0"/>
      <line num="929" type="stmt" count="0"/>
      <line num="930" type="stmt" count="0"/>
      <line num="933" type="stmt" count="0"/>
      <line num="934" type="stmt" count="0"/>
      <line num="936" type="stmt" count="0"/>
      <line num="953" type="method" name="getCoverInfo" visibility="public" complexity="5" crap="5.15" count="1"/>
      <line num="955" type="stmt" count="1"/>
      <line num="956" type="stmt" count="1"/>
      <line num="957" type="stmt" count="0"/>
      <line num="959" type="stmt" count="1"/>
      <line num="960" type="stmt" count="1"/>
      <line num="961" type="stmt" count="0"/>
      <line num="964" type="stmt" count="1"/>
      <line num="965" type="stmt" count="1"/>
      <line num="966" type="stmt" count="0"/>
      <line num="968" type="stmt" count="1"/>
      <line num="969" type="stmt" count="1"/>
      <line num="970" type="stmt" count="1"/>
      <line num="971" type="stmt" count="1"/>
      <line num="973" type="stmt" count="1"/>
      <line num="974" type="stmt" count="1"/>
      <line num="975" type="stmt" count="0"/>
      <line num="977" type="stmt" count="1"/>
      <line num="979" type="stmt" count="1"/>
      <line num="980" type="stmt" count="1"/>
      <line num="981" type="stmt" count="1"/>
      <line num="982" type="stmt" count="1"/>
      <line num="983" type="stmt" count="1"/>
      <line num="990" type="method" name="getCoverId" visibility="public" complexity="3" crap="3.03" count="3"/>
      <line num="992" type="stmt" count="3"/>
      <line num="993" type="stmt" count="3"/>
      <line num="994" type="stmt" count="1"/>
      <line num="997" type="stmt" count="3"/>
      <line num="998" type="stmt" count="3"/>
      <line num="999" type="stmt" count="0"/>
      <line num="1002" type="stmt" count="3"/>
      <line num="1009" type="method" name="getCoverItem" visibility="public" complexity="3" crap="3.02" count="3"/>
      <line num="1011" type="stmt" count="3"/>
      <line num="1012" type="stmt" count="3"/>
      <line num="1013" type="stmt" count="1"/>
      <line num="1016" type="stmt" count="3"/>
      <line num="1017" type="stmt" count="3"/>
      <line num="1018" type="stmt" count="0"/>
      <line num="1022" type="stmt" count="3"/>
      <line num="1023" type="stmt" count="3"/>
      <line num="1031" type="method" name="getCoverPath" visibility="public" complexity="2" crap="2" count="3"/>
      <line num="1033" type="stmt" count="3"/>
      <line num="1034" type="stmt" count="3"/>
      <line num="1035" type="stmt" count="1"/>
      <line num="1038" type="stmt" count="3"/>
      <line num="1048" type="method" name="Combine" visibility="public" complexity="9" crap="90" count="0"/>
      <line num="1050" type="stmt" count="0"/>
      <line num="1051" type="stmt" count="0"/>
      <line num="1052" type="stmt" count="0"/>
      <line num="1055" type="stmt" count="0"/>
      <line num="1056" type="stmt" count="0"/>
      <line num="1059" type="stmt" count="0"/>
      <line num="1060" type="stmt" count="0"/>
      <line num="1062" type="stmt" count="0"/>
      <line num="1063" type="stmt" count="0"/>
      <line num="1065" type="stmt" count="0"/>
      <line num="1066" type="stmt" count="0"/>
      <line num="1067" type="stmt" count="0"/>
      <line num="1070" type="stmt" count="0"/>
      <line num="1071" type="stmt" count="0"/>
      <line num="1072" type="stmt" count="0"/>
      <line num="1075" type="stmt" count="0"/>
      <line num="1078" type="stmt" count="0"/>
      <line num="1079" type="stmt" count="0"/>
      <line num="1080" type="stmt" count="0"/>
      <line num="1082" type="stmt" count="0"/>
      <line num="1092" type="method" name="getFullPath" visibility="protected" complexity="2" crap="2.02" count="24"/>
      <line num="1094" type="stmt" count="24"/>
      <line num="1095" type="stmt" count="24"/>
      <line num="1096" type="stmt" count="24"/>
      <line num="1097" type="stmt" count="24"/>
      <line num="1098" type="stmt" count="0"/>
      <line num="1101" type="stmt" count="24"/>
      <line num="1108" type="method" name="updateForKepub" visibility="public" complexity="2" crap="6" count="0"/>
      <line num="1110" type="stmt" count="0"/>
      <line num="1111" type="stmt" count="0"/>
      <line num="1112" type="stmt" count="0"/>
      <line num="1123" type="method" name="Cover2" visibility="public" complexity="1" crap="2" count="0"/>
      <line num="1125" type="stmt" count="0"/>
      <line num="1134" type="method" name="setCoverFile" visibility="public" complexity="2" crap="6" count="0"/>
      <line num="1136" type="stmt" count="0"/>
      <line num="1137" type="stmt" count="0"/>
      <line num="1138" type="stmt" count="0"/>
      <line num="1139" type="stmt" count="0"/>
      <line num="1140" type="stmt" count="0"/>
      <line num="1142" type="stmt" count="0"/>
      <line num="1143" type="stmt" count="0"/>
      <line num="1144" type="stmt" count="0"/>
      <line num="1145" type="stmt" count="0"/>
      <line num="1146" type="stmt" count="0"/>
      <line num="1151" type="stmt" count="0"/>
      <line num="1154" type="stmt" count="0"/>
      <line num="1156" type="stmt" count="0"/>
      <line num="1159" type="stmt" count="0"/>
      <line num="1160" type="stmt" count="0"/>
      <line num="1161" type="stmt" count="0"/>
      <line num="1162" type="stmt" count="0"/>
      <line num="1163" type="stmt" count="0"/>
      <line num="1172" type="method" name="getAttr" visibility="protected" complexity="1" crap="1" count="45"/>
      <line num="1174" type="stmt" count="45"/>
      <line num="1175" type="stmt" count="45"/>
      <line num="1183" type="method" name="deleteNodes" visibility="protected" complexity="2" crap="2" count="14"/>
      <line num="1185" type="stmt" count="14"/>
      <line num="1186" type="stmt" count="5"/>
      <line num="1202" type="method" name="getset" visibility="protected" complexity="12" crap="12.10" count="12"/>
      <line num="1205" type="stmt" count="12"/>
      <line num="1206" type="stmt" count="12"/>
      <line num="1207" type="stmt" count="4"/>
      <line num="1208" type="stmt" count="2"/>
      <line num="1209" type="stmt" count="2"/>
      <line num="1210" type="stmt" count="2"/>
      <line num="1212" type="stmt" count="4"/>
      <line num="1217" type="stmt" count="12"/>
      <line num="1218" type="stmt" count="10"/>
      <line num="1219" type="stmt" count="10"/>
      <line num="1220" type="stmt" count="10"/>
      <line num="1222" type="stmt" count="10"/>
      <line num="1223" type="stmt" count="10"/>
      <line num="1225" type="stmt" count="9"/>
      <line num="1228" type="stmt" count="9"/>
      <line num="1229" type="stmt" count="0"/>
      <line num="1231" type="stmt" count="10"/>
      <line num="1237" type="stmt" count="9"/>
      <line num="1239" type="stmt" count="9"/>
      <line num="1241" type="stmt" count="9"/>
      <line num="1243" type="stmt" count="9"/>
      <line num="1244" type="stmt" count="9"/>
      <line num="1245" type="stmt" count="3"/>
      <line num="1247" type="stmt" count="9"/>
      <line num="1248" type="stmt" count="0"/>
      <line num="1250" type="stmt" count="9"/>
      <line num="1255" type="stmt" count="10"/>
      <line num="1259" type="stmt" count="12"/>
      <line num="1260" type="stmt" count="12"/>
      <line num="1262" type="stmt" count="12"/>
      <line num="1263" type="stmt" count="12"/>
      <line num="1264" type="stmt" count="0"/>
      <line num="1266" type="stmt" count="12"/>
      <line num="1269" type="stmt" count="9"/>
      <line num="1277" type="method" name="no_cover" visibility="protected" complexity="1" crap="2" count="0"/>
      <line num="1279" type="stmt" count="0"/>
      <line num="1280" type="stmt" count="0"/>
      <line num="1281" type="stmt" count="0"/>
      <line num="1282" type="stmt" count="0"/>
      <line num="1283" type="stmt" count="0"/>
      <line num="1293" type="method" name="reparse" visibility="protected" complexity="1" crap="1" count="15"/>
      <line num="1295" type="stmt" count="15"/>
      <line num="1296" type="stmt" count="15"/>
      <line num="1298" type="stmt" count="15"/>
      <line num="1299" type="stmt" count="15"/>
      <line num="1300" type="stmt" count="15"/>
      <line num="1317" type="method" name="setMeta" visibility="protected" complexity="1" crap="1" count="7"/>
      <line num="1330" type="stmt" count="7"/>
      <line num="1344" type="method" name="getMeta" visibility="protected" complexity="1" crap="1" count="7"/>
      <line num="1357" type="stmt" count="7"/>
      <line num="1372" type="method" name="setMetaDestination" visibility="protected" complexity="1" crap="2" count="0"/>
      <line num="1374" type="stmt" count="0"/>
      <line num="1388" type="method" name="getMetaDestination" visibility="protected" complexity="1" crap="2" count="0"/>
      <line num="1390" type="stmt" count="0"/>
      <line num="1399" type="method" name="setTitle" visibility="public" complexity="1" crap="1" count="1"/>
      <line num="1401" type="stmt" count="1"/>
      <line num="1409" type="method" name="getTitle" visibility="public" complexity="1" crap="1" count="3"/>
      <line num="1411" type="stmt" count="3"/>
      <line num="1420" type="method" name="setLanguage" visibility="public" complexity="1" crap="1" count="1"/>
      <line num="1422" type="stmt" count="1"/>
      <line num="1430" type="method" name="getLanguage" visibility="public" complexity="1" crap="1" count="1"/>
      <line num="1432" type="stmt" count="1"/>
      <line num="1441" type="method" name="setPublisher" visibility="public" complexity="1" crap="1" count="1"/>
      <line num="1443" type="stmt" count="1"/>
      <line num="1451" type="method" name="getPublisher" visibility="public" complexity="1" crap="1" count="1"/>
      <line num="1453" type="stmt" count="1"/>
      <line num="1462" type="method" name="setCopyright" visibility="public" complexity="1" crap="1" count="1"/>
      <line num="1464" type="stmt" count="1"/>
      <line num="1472" type="method" name="getCopyright" visibility="public" complexity="1" crap="1" count="1"/>
      <line num="1474" type="stmt" count="1"/>
      <line num="1483" type="method" name="setDescription" visibility="public" complexity="1" crap="1" count="1"/>
      <line num="1485" type="stmt" count="1"/>
      <line num="1493" type="method" name="getDescription" visibility="public" complexity="1" crap="1" count="1"/>
      <line num="1495" type="stmt" count="1"/>
      <line num="1505" type="method" name="setEventDate" visibility="public" complexity="1" crap="2" count="0"/>
      <line num="1507" type="stmt" count="0"/>
      <line num="1516" type="method" name="getEventDate" visibility="public" complexity="1" crap="2" count="0"/>
      <line num="1518" type="stmt" count="0"/>
      <line num="1520" type="stmt" count="0"/>
      <line num="1529" type="method" name="setCreationDate" visibility="public" complexity="1" crap="2" count="0"/>
      <line num="1531" type="stmt" count="0"/>
      <line num="1539" type="method" name="getCreationDate" visibility="public" complexity="1" crap="2" count="0"/>
      <line num="1541" type="stmt" count="0"/>
      <line num="1543" type="stmt" count="0"/>
      <line num="1552" type="method" name="setModificationDate" visibility="public" complexity="1" crap="2" count="0"/>
      <line num="1554" type="stmt" count="0"/>
      <line num="1562" type="method" name="getModificationDate" visibility="public" complexity="1" crap="2" count="0"/>
      <line num="1564" type="stmt" count="0"/>
      <line num="1566" type="stmt" count="0"/>
      <line num="1578" type="method" name="setIdentifier" visibility="public" complexity="1" crap="1" count="3"/>
      <line num="1580" type="stmt" count="3"/>
      <line num="1591" type="method" name="getIdentifier" visibility="public" complexity="1" crap="1" count="4"/>
      <line num="1593" type="stmt" count="4"/>
      <line num="1602" type="method" name="setUniqueIdentifier" visibility="public" complexity="1" crap="1" count="1"/>
      <line num="1604" type="stmt" count="1"/>
      <line num="1605" type="stmt" count="1"/>
      <line num="1614" type="method" name="getUniqueIdentifier" visibility="public" complexity="2" crap="2.15" count="1"/>
      <line num="1616" type="stmt" count="1"/>
      <line num="1617" type="stmt" count="1"/>
      <line num="1618" type="stmt" count="1"/>
      <line num="1619" type="stmt" count="0"/>
      <line num="1620" type="stmt" count="0"/>
      <line num="1623" type="stmt" count="1"/>
      <line num="1632" type="method" name="setUuid" visibility="public" complexity="1" crap="1" count="1"/>
      <line num="1635" type="stmt" count="1"/>
      <line num="1643" type="method" name="getUuid" visibility="public" complexity="1" crap="1" count="2"/>
      <line num="1646" type="stmt" count="2"/>
      <line num="1655" type="method" name="setUri" visibility="public" complexity="1" crap="1" count="1"/>
      <line num="1657" type="stmt" count="1"/>
      <line num="1665" type="method" name="getUri" visibility="public" complexity="1" crap="1" count="1"/>
      <line num="1667" type="stmt" count="1"/>
      <line num="1676" type="method" name="setIsbn" visibility="public" complexity="1" crap="1" count="1"/>
      <line num="1678" type="stmt" count="1"/>
      <line num="1686" type="method" name="getIsbn" visibility="public" complexity="1" crap="1" count="1"/>
      <line num="1688" type="stmt" count="1"/>
      <line num="1697" type="method" name="setCalibre" visibility="public" complexity="1" crap="2" count="0"/>
      <line num="1699" type="stmt" count="0"/>
      <line num="1707" type="method" name="getCalibre" visibility="public" complexity="1" crap="2" count="0"/>
      <line num="1709" type="stmt" count="0"/>
      <line num="1720" type="method" name="clearCover" visibility="public" complexity="4" crap="4.07" count="1"/>
      <line num="1722" type="stmt" count="1"/>
      <line num="1723" type="stmt" count="0"/>
      <line num="1726" type="stmt" count="1"/>
      <line num="1729" type="stmt" count="1"/>
      <line num="1730" type="stmt" count="1"/>
      <line num="1731" type="stmt" count="1"/>
      <line num="1732" type="stmt" count="0"/>
      <line num="1737" type="stmt" count="1"/>
      <line num="1738" type="stmt" count="1"/>
      <line num="1741" type="stmt" count="1"/>
      <line num="1742" type="stmt" count="1"/>
      <line num="1744" type="stmt" count="1"/>
      <line num="1754" type="method" name="setCover" visibility="public" complexity="4" crap="4.07" count="1"/>
      <line num="1756" type="stmt" count="1"/>
      <line num="1757" type="stmt" count="0"/>
      <line num="1760" type="stmt" count="1"/>
      <line num="1761" type="stmt" count="0"/>
      <line num="1764" type="stmt" count="1"/>
      <line num="1768" type="stmt" count="1"/>
      <line num="1769" type="stmt" count="1"/>
      <line num="1770" type="stmt" count="1"/>
      <line num="1771" type="stmt" count="1"/>
      <line num="1775" type="stmt" count="1"/>
      <line num="1776" type="stmt" count="1"/>
      <line num="1777" type="stmt" count="1"/>
      <line num="1778" type="stmt" count="1"/>
      <line num="1779" type="stmt" count="1"/>
      <line num="1782" type="stmt" count="1"/>
      <line num="1783" type="stmt" count="1"/>
      <line num="1784" type="stmt" count="0"/>
      <line num="1787" type="stmt" count="1"/>
      <line num="1795" type="method" name="getCover" visibility="public" complexity="2" crap="2" count="1"/>
      <line num="1797" type="stmt" count="1"/>
      <line num="1799" type="stmt" count="1"/>
      <line num="1807" type="method" name="hasCover" visibility="public" complexity="1" crap="1" count="1"/>
      <line num="1809" type="stmt" count="1"/>
      <line num="1818" type="method" name="addCoverImageTitlePage" visibility="public" complexity="2" crap="2" count="1"/>
      <line num="1820" type="stmt" count="1"/>
      <line num="1823" type="stmt" count="1"/>
      <line num="1824" type="stmt" count="1"/>
      <line num="1825" type="stmt" count="1"/>
      <line num="1826" type="stmt" count="1"/>
      <line num="1827" type="stmt" count="0"/>
      <line num="1831" type="stmt" count="1"/>
      <line num="1832" type="stmt" count="1"/>
      <line num="1833" type="stmt" count="1"/>
      <line num="1834" type="stmt" count="1"/>
      <line num="1835" type="stmt" count="1"/>
      <line num="1836" type="stmt" count="1"/>
      <line num="1839" type="stmt" count="1"/>
      <line num="1840" type="stmt" count="1"/>
      <line num="1841" type="stmt" count="1"/>
      <line num="1842" type="stmt" count="1"/>
      <line num="1845" type="stmt" count="1"/>
      <line num="1846" type="stmt" count="1"/>
      <line num="1847" type="stmt" count="1"/>
      <line num="1848" type="stmt" count="1"/>
      <line num="1849" type="stmt" count="1"/>
      <line num="1850" type="stmt" count="1"/>
      <line num="1857" type="method" name="removeTitlePage" visibility="public" complexity="2" crap="6" count="0"/>
      <line num="1859" type="stmt" count="0"/>
      <line num="1862" type="stmt" count="0"/>
      <line num="1863" type="stmt" count="0"/>
      <line num="1864" type="stmt" count="0"/>
      <line num="1868" type="stmt" count="0"/>
      <line num="1869" type="stmt" count="0"/>
      <line num="1872" type="stmt" count="0"/>
      <line num="1873" type="stmt" count="0"/>
      <line num="1876" type="stmt" count="0"/>
      <line num="1877" type="stmt" count="0"/>
      <line num="1886" type="method" name="getManifest" visibility="public" complexity="4" crap="4.03" count="23"/>
      <line num="1888" type="stmt" count="23"/>
      <line num="1889" type="stmt" count="0"/>
      <line num="1893" type="stmt" count="23"/>
      <line num="1894" type="stmt" count="23"/>
      <line num="1895" type="stmt" count="0"/>
      <line num="1898" type="stmt" count="23"/>
      <line num="1900" type="stmt" count="23"/>
      <line num="1901" type="stmt" count="23"/>
      <line num="1902" type="stmt" count="23"/>
      <line num="1903" type="stmt" count="23"/>
      <line num="1906" type="stmt" count="23"/>
      <line num="1908" type="stmt" count="17"/>
      <line num="1909" type="stmt" count="23"/>
      <line num="1910" type="stmt" count="23"/>
      <line num="1911" type="stmt" count="23"/>
      <line num="1912" type="stmt" count="23"/>
      <line num="1915" type="stmt" count="23"/>
      <line num="1924" type="method" name="getSpine" visibility="public" complexity="7" crap="7.11" count="20"/>
      <line num="1926" type="stmt" count="20"/>
      <line num="1927" type="stmt" count="1"/>
      <line num="1930" type="stmt" count="20"/>
      <line num="1931" type="stmt" count="20"/>
      <line num="1932" type="stmt" count="0"/>
      <line num="1934" type="stmt" count="20"/>
      <line num="1935" type="stmt" count="20"/>
      <line num="1936" type="stmt" count="20"/>
      <line num="1937" type="stmt" count="1"/>
      <line num="1938" type="stmt" count="1"/>
      <line num="1939" type="stmt" count="1"/>
      <line num="1942" type="stmt" count="20"/>
      <line num="1944" type="stmt" count="20"/>
      <line num="1945" type="stmt" count="0"/>
      <line num="1948" type="stmt" count="20"/>
      <line num="1951" type="stmt" count="20"/>
      <line num="1953" type="stmt" count="20"/>
      <line num="1954" type="stmt" count="20"/>
      <line num="1956" type="stmt" count="20"/>
      <line num="1957" type="stmt" count="20"/>
      <line num="1958" type="stmt" count="0"/>
      <line num="1961" type="stmt" count="20"/>
      <line num="1964" type="stmt" count="20"/>
      <line num="1973" type="method" name="getToc" visibility="public" complexity="5" crap="5.03" count="1"/>
      <line num="1975" type="stmt" count="1"/>
      <line num="1976" type="stmt" count="0"/>
      <line num="1980" type="stmt" count="1"/>
      <line num="1981" type="stmt" count="0"/>
      <line num="1984" type="stmt" count="1"/>
      <line num="1985" type="stmt" count="1"/>
      <line num="1986" type="stmt" count="1"/>
      <line num="1987" type="stmt" count="1"/>
      <line num="1988" type="stmt" count="1"/>
      <line num="1989" type="stmt" count="1"/>
      <line num="1993" type="stmt" count="1"/>
      <line num="1994" type="stmt" count="1"/>
      <line num="1995" type="stmt" count="1"/>
      <line num="1996" type="stmt" count="1"/>
      <line num="1997" type="stmt" count="1"/>
      <line num="1999" type="stmt" count="1"/>
      <line num="2001" type="stmt" count="1"/>
      <line num="2003" type="stmt" count="1"/>
      <line num="2014" type="method" name="loadNavPoints" visibility="protected" complexity="4" crap="4" count="1"/>
      <line num="2016" type="stmt" count="1"/>
      <line num="2018" type="stmt" count="1"/>
      <line num="2019" type="stmt" count="1"/>
      <line num="2020" type="stmt" count="1"/>
      <line num="2021" type="stmt" count="1"/>
      <line num="2022" type="stmt" count="1"/>
      <line num="2024" type="stmt" count="1"/>
      <line num="2025" type="stmt" count="1"/>
      <line num="2026" type="stmt" count="1"/>
      <line num="2027" type="stmt" count="1"/>
      <line num="2028" type="stmt" count="1"/>
      <line num="2029" type="stmt" count="1"/>
      <line num="2031" type="stmt" count="1"/>
      <line num="2039" type="method" name="getNav" visibility="public" complexity="3" crap="3.00" count="1"/>
      <line num="2041" type="stmt" count="1"/>
      <line num="2042" type="stmt" count="0"/>
      <line num="2045" type="stmt" count="1"/>
      <line num="2046" type="stmt" count="1"/>
      <line num="2047" type="stmt" count="1"/>
      <line num="2048" type="stmt" count="1"/>
      <line num="2049" type="stmt" count="1"/>
      <line num="2050" type="stmt" count="1"/>
      <line num="2051" type="stmt" count="1"/>
      <line num="2052" type="stmt" count="1"/>
      <line num="2055" type="stmt" count="1"/>
      <line num="2056" type="stmt" count="1"/>
      <line num="2057" type="stmt" count="1"/>
      <line num="2059" type="stmt" count="1"/>
      <line num="2060" type="stmt" count="1"/>
      <line num="2061" type="stmt" count="1"/>
      <line num="2062" type="stmt" count="1"/>
      <line num="2065" type="stmt" count="1"/>
      <line num="2078" type="method" name="loadNavList" visibility="protected" complexity="6" crap="6.03" count="1"/>
      <line num="2081" type="stmt" count="1"/>
      <line num="2082" type="stmt" count="1"/>
      <line num="2083" type="stmt" count="0"/>
      <line num="2085" type="stmt" count="1"/>
      <line num="2086" type="stmt" count="1"/>
      <line num="2087" type="stmt" count="1"/>
      <line num="2088" type="stmt" count="1"/>
      <line num="2089" type="stmt" count="1"/>
      <line num="2091" type="stmt" count="1"/>
      <line num="2092" type="stmt" count="1"/>
      <line num="2093" type="stmt" count="1"/>
      <line num="2094" type="stmt" count="1"/>
      <line num="2095" type="stmt" count="0"/>
      <line num="2099" type="stmt" count="1"/>
      <line num="2101" type="stmt" count="1"/>
      <line num="2102" type="stmt" count="1"/>
      <line num="2103" type="stmt" count="1"/>
      <line num="2104" type="stmt" count="1"/>
      <line num="2105" type="stmt" count="1"/>
      <line num="2106" type="stmt" count="1"/>
      <line num="2107" type="stmt" count="1"/>
      <line num="2109" type="stmt" count="1"/>
      <line num="2123" type="method" name="getContents" visibility="public" complexity="6" crap="6" count="3"/>
      <line num="2125" type="stmt" count="3"/>
      <line num="2126" type="stmt" count="3"/>
      <line num="2127" type="stmt" count="2"/>
      <line num="2128" type="stmt" count="2"/>
      <line num="2129" type="stmt" count="2"/>
      <line num="2131" type="stmt" count="2"/>
      <line num="2132" type="stmt" count="2"/>
      <line num="2133" type="stmt" count="2"/>
      <line num="2134" type="stmt" count="2"/>
      <line num="2135" type="stmt" count="2"/>
      <line num="2136" type="stmt" count="2"/>
      <line num="2138" type="stmt" count="2"/>
      <line num="2139" type="stmt" count="2"/>
      <line num="2142" type="stmt" count="1"/>
      <line num="2143" type="stmt" count="1"/>
      <line num="2147" type="stmt" count="3"/>
      <line num="2162" type="method" name="buildMetaXPath" visibility="protected" complexity="6" crap="42" count="0"/>
      <line num="2164" type="stmt" count="0"/>
      <line num="2165" type="stmt" count="0"/>
      <line num="2166" type="stmt" count="0"/>
      <line num="2167" type="stmt" count="0"/>
      <line num="2168" type="stmt" count="0"/>
      <line num="2169" type="stmt" count="0"/>
      <line num="2170" type="stmt" count="0"/>
      <line num="2171" type="stmt" count="0"/>
      <line num="2172" type="stmt" count="0"/>
      <line num="2173" type="stmt" count="0"/>
      <line num="2175" type="stmt" count="0"/>
      <line num="2178" type="stmt" count="0"/>
      <line num="2179" type="stmt" count="0"/>
      <line num="2180" type="stmt" count="0"/>
      <line num="2182" type="stmt" count="0"/>
      <line num="2185" type="stmt" count="0"/>
      <line num="2195" type="method" name="loadXPathFromItem" visibility="protected" complexity="2" crap="6" count="0"/>
      <line num="2197" type="stmt" count="0"/>
      <line num="2198" type="stmt" count="0"/>
      <line num="2199" type="stmt" count="0"/>
      <line num="2201" type="stmt" count="0"/>
      <line num="2202" type="stmt" count="0"/>
      <line num="2203" type="stmt" count="0"/>
      <line num="2205" type="stmt" count="0"/>
      <line num="2214" type="method" name="getZipEntries" visibility="public" complexity="3" crap="3.01" count="45"/>
      <line num="2216" type="stmt" count="45"/>
      <line num="2217" type="stmt" count="45"/>
      <line num="2219" type="stmt" count="45"/>
      <line num="2220" type="stmt" count="45"/>
      <line num="2221" type="stmt" count="45"/>
      <line num="2222" type="stmt" count="0"/>
      <line num="2224" type="stmt" count="45"/>
      <line num="2225" type="stmt" count="45"/>
      <line num="2226" type="stmt" count="45"/>
      <line num="2228" type="stmt" count="45"/>
      <line num="2230" type="stmt" count="45"/>
      <line num="2239" type="method" name="loadSizeMap" visibility="protected" complexity="2" crap="2" count="45"/>
      <line num="2241" type="stmt" count="45"/>
      <line num="2243" type="stmt" count="45"/>
      <line num="2244" type="stmt" count="45"/>
      <line num="2245" type="stmt" count="45"/>
      <line num="2248" type="stmt" count="45"/>
      <line num="2254" type="method" name="getImageCount" visibility="public" complexity="1" crap="1" count="1"/>
      <line num="2256" type="stmt" count="1"/>
      <line num="2257" type="stmt" count="1"/>
      <line num="2258" type="stmt" count="1"/>
      <line num="2259" type="stmt" count="1"/>
      <line num="2261" type="stmt" count="1"/>
      <metrics loc="2264" ncloc="1409" classes="1" methods="112" coveredmethods="42" conditionals="0" coveredconditionals="0" statements="680" coveredstatements="396" elements="792" coveredelements="438"/>
    </file>
    <file name="/home/mikespub/seblucas-cops/resources/php-epub-meta/lib/Other.php">
      <class name="SebLucas\EPubMeta\Other" namespace="global">
        <metrics complexity="10" methods="3" coveredmethods="0" conditionals="0" coveredconditionals="0" statements="30" coveredstatements="0" elements="33" coveredelements="0"/>
      </class>
      <line num="40" type="method" name="setMeta" visibility="protected" complexity="7" crap="56" count="0"/>
      <line num="42" type="stmt" count="0"/>
      <line num="45" type="stmt" count="0"/>
      <line num="46" type="stmt" count="0"/>
      <line num="48" type="stmt" count="0"/>
      <line num="49" type="stmt" count="0"/>
      <line num="51" type="stmt" count="0"/>
      <line num="54" type="stmt" count="0"/>
      <line num="59" type="stmt" count="0"/>
      <line num="61" type="stmt" count="0"/>
      <line num="64" type="stmt" count="0"/>
      <line num="65" type="stmt" count="0"/>
      <line num="66" type="stmt" count="0"/>
      <line num="67" type="stmt" count="0"/>
      <line num="68" type="stmt" count="0"/>
      <line num="69" type="stmt" count="0"/>
      <line num="71" type="stmt" count="0"/>
      <line num="73" type="stmt" count="0"/>
      <line num="78" type="stmt" count="0"/>
      <line num="92" type="method" name="getMeta" visibility="protected" complexity="2" crap="6" count="0"/>
      <line num="94" type="stmt" count="0"/>
      <line num="97" type="stmt" count="0"/>
      <line num="98" type="stmt" count="0"/>
      <line num="100" type="stmt" count="0"/>
      <line num="102" type="stmt" count="0"/>
      <line num="104" type="stmt" count="0"/>
      <line num="111" type="method" name="sync" visibility="protected" complexity="1" crap="2" count="0"/>
      <line num="113" type="stmt" count="0"/>
      <line num="114" type="stmt" count="0"/>
      <line num="115" type="stmt" count="0"/>
      <line num="117" type="stmt" count="0"/>
      <line num="118" type="stmt" count="0"/>
      <line num="119" type="stmt" count="0"/>
      <metrics loc="122" ncloc="75" classes="1" methods="3" coveredmethods="0" conditionals="0" coveredconditionals="0" statements="30" coveredstatements="0" elements="33" coveredelements="0"/>
    </file>
    <file name="/home/mikespub/seblucas-cops/resources/php-epub-meta/lib/Tools/HtmlTools.php">
      <class name="SebLucas\EPubMeta\Tools\HtmlTools" namespace="global">
        <metrics complexity="14" methods="4" coveredmethods="2" conditionals="0" coveredconditionals="0" statements="28" coveredstatements="2" elements="32" coveredelements="4"/>
      </class>
      <line num="15" type="method" name="convertEntitiesNamedToNumeric" visibility="public" complexity="1" crap="1" count="16"/>
      <line num="17" type="stmt" count="16"/>
      <line num="24" type="method" name="isBlockLevelElement" visibility="public" complexity="1" crap="1" count="14"/>
      <line num="26" type="stmt" count="14"/>
      <line num="35" type="method" name="truncate" visibility="public" complexity="6" crap="42" count="0"/>
      <line num="37" type="stmt" count="0"/>
      <line num="38" type="stmt" count="0"/>
      <line num="39" type="stmt" count="0"/>
      <line num="40" type="stmt" count="0"/>
      <line num="42" type="stmt" count="0"/>
      <line num="43" type="stmt" count="0"/>
      <line num="46" type="stmt" count="0"/>
      <line num="48" type="stmt" count="0"/>
      <line num="51" type="stmt" count="0"/>
      <line num="63" type="method" name="stripHtmlTags" visibility="public" complexity="6" crap="42" count="0"/>
      <line num="70" type="stmt" count="0"/>
      <line num="71" type="stmt" count="0"/>
      <line num="72" type="stmt" count="0"/>
      <line num="73" type="stmt" count="0"/>
      <line num="75" type="stmt" count="0"/>
      <line num="76" type="stmt" count="0"/>
      <line num="79" type="stmt" count="0"/>
      <line num="80" type="stmt" count="0"/>
      <line num="81" type="stmt" count="0"/>
      <line num="82" type="stmt" count="0"/>
      <line num="84" type="stmt" count="0"/>
      <line num="86" type="stmt" count="0"/>
      <line num="88" type="stmt" count="0"/>
      <line num="89" type="stmt" count="0"/>
      <line num="90" type="stmt" count="0"/>
      <line num="92" type="stmt" count="0"/>
      <line num="95" type="stmt" count="0"/>
      <metrics loc="98" ncloc="67" classes="1" methods="4" coveredmethods="2" conditionals="0" coveredconditionals="0" statements="28" coveredstatements="2" elements="32" coveredelements="4"/>
    </file>
    <file name="/home/mikespub/seblucas-cops/resources/php-epub-meta/lib/Tools/ZipEdit.php">
      <class name="SebLucas\EPubMeta\Tools\ZipEdit" namespace="global">
[...]
      <line num="306" type="stmt" count="0"/>
      <line num="307" type="stmt" count="0"/>
      <line num="308" type="stmt" count="0"/>
      <line num="309" type="stmt" count="0"/>
      <line num="311" type="stmt" count="0"/>
      <line num="313" type="stmt" count="0"/>
      <line num="320" type="method" name="SaveBeforeClose" visibility="public" complexity="1" crap="2" count="0"/>
      <line num="324" type="stmt" count="0"/>
      <line num="336" type="method" name="Flush" visibility="public" complexity="14" crap="210" count="0"/>
      <line num="341" type="stmt" count="0"/>
      <line num="342" type="stmt" count="0"/>
      <line num="343" type="stmt" count="0"/>
      <line num="344" type="stmt" count="0"/>
      <line num="346" type="stmt" count="0"/>
      <line num="347" type="stmt" count="0"/>
      <line num="349" type="stmt" count="0"/>
      <line num="350" type="stmt" count="0"/>
      <line num="352" type="stmt" count="0"/>
      <line num="355" type="stmt" count="0"/>
      <line num="356" type="stmt" count="0"/>
      <line num="357" type="stmt" count="0"/>
      <line num="358" type="stmt" count="0"/>
      <line num="359" type="stmt" count="0"/>
      <line num="360" type="stmt" count="0"/>
      <line num="361" type="stmt" count="0"/>
      <line num="362" type="stmt" count="0"/>
      <line num="363" type="stmt" count="0"/>
      <line num="364" type="stmt" count="0"/>
      <line num="366" type="stmt" count="0"/>
      <line num="368" type="stmt" count="0"/>
      <line num="369" type="stmt" count="0"/>
      <line num="370" type="stmt" count="0"/>
      <line num="371" type="stmt" count="0"/>
      <line num="372" type="stmt" count="0"/>
      <line num="373" type="stmt" count="0"/>
      <line num="374" type="stmt" count="0"/>
      <line num="375" type="stmt" count="0"/>
      <line num="376" type="stmt" count="0"/>
      <line num="377" type="stmt" count="0"/>
      <line num="378" type="stmt" count="0"/>
      <line num="379" type="stmt" count="0"/>
      <line num="380" type="stmt" count="0"/>
      <line num="381" type="stmt" count="0"/>
      <line num="382" type="stmt" count="0"/>
      <line num="383" type="stmt" count="0"/>
      <line num="384" type="stmt" count="0"/>
      <line num="385" type="stmt" count="0"/>
      <line num="386" type="stmt" count="0"/>
      <line num="387" type="stmt" count="0"/>
      <line num="388" type="stmt" count="0"/>
      <line num="389" type="stmt" count="0"/>
      <line num="390" type="stmt" count="0"/>
      <line num="392" type="stmt" count="0"/>
      <line num="393" type="stmt" count="0"/>
      <line num="395" type="stmt" count="0"/>
      <line num="399" type="stmt" count="0"/>
      <line num="408" type="method" name="copyTest" visibility="public" complexity="4" crap="4" count="1"/>
      <line num="410" type="stmt" count="1"/>
      <line num="411" type="stmt" count="1"/>
      <line num="412" type="stmt" count="1"/>
      <line num="413" type="stmt" count="0"/>
      <line num="416" type="stmt" count="1"/>
      <line num="417" type="stmt" count="1"/>
      <line num="418" type="stmt" count="1"/>
      <line num="419" type="stmt" count="1"/>
      <line num="420" type="stmt" count="1"/>
      <line num="424" type="stmt" count="1"/>
      <line num="426" type="stmt" count="1"/>
      <line num="427" type="stmt" count="1"/>
      <line num="428" type="stmt" count="1"/>
      <line num="429" type="stmt" count="1"/>
      <line num="430" type="stmt" count="1"/>
      <line num="431" type="stmt" count="1"/>
      <line num="432" type="stmt" count="1"/>
      <line num="433" type="stmt" count="1"/>
      <line num="436" type="stmt" count="1"/>
      <line num="437" type="stmt" count="1"/>
      <line num="438" type="stmt" count="1"/>
      <line num="439" type="stmt" count="1"/>
      <line num="440" type="stmt" count="1"/>
      <line num="442" type="stmt" count="1"/>
      <line num="443" type="stmt" count="1"/>
      <line num="444" type="stmt" count="1"/>
      <line num="447" type="stmt" count="1"/>
      <line num="448" type="stmt" count="1"/>
      <metrics loc="451" ncloc="329" classes="1" methods="16" coveredmethods="0" conditionals="0" coveredconditionals="0" statements="185" coveredstatements="27" elements="201" coveredelements="27"/>
    </file>
    <file name="/home/mikespub/seblucas-cops/resources/php-epub-meta/lib/Tools/htmlBlockLevelElements.php">
      <line num="6" type="stmt" count="14"/>
      <line num="7" type="stmt" count="14"/>
      <line num="8" type="stmt" count="14"/>
      <line num="9" type="stmt" count="14"/>
      <line num="10" type="stmt" count="14"/>
      <line num="11" type="stmt" count="14"/>
      <line num="12" type="stmt" count="14"/>
      <line num="13" type="stmt" count="14"/>
      <line num="14" type="stmt" count="14"/>
      <line num="15" type="stmt" count="14"/>
      <line num="16" type="stmt" count="14"/>
      <line num="17" type="stmt" count="14"/>
      <line num="18" type="stmt" count="14"/>
      <line num="19" type="stmt" count="14"/>
      <line num="20" type="stmt" count="14"/>
      <line num="21" type="stmt" count="14"/>
      <line num="22" type="stmt" count="14"/>
      <line num="23" type="stmt" count="14"/>
      <line num="24" type="stmt" count="14"/>
      <line num="25" type="stmt" count="14"/>
      <line num="26" type="stmt" count="14"/>
      <line num="27" type="stmt" count="14"/>
      <line num="28" type="stmt" count="14"/>
      <line num="29" type="stmt" count="14"/>
      <line num="30" type="stmt" count="14"/>
      <line num="31" type="stmt" count="14"/>
      <line num="32" type="stmt" count="14"/>
      <line num="33" type="stmt" count="14"/>
      <line num="34" type="stmt" count="14"/>
      <line num="35" type="stmt" count="14"/>
      <line num="36" type="stmt" count="14"/>
      <line num="37" type="stmt" count="14"/>
      <line num="38" type="stmt" count="14"/>
      <line num="39" type="stmt" count="14"/>
      <line num="40" type="stmt" count="14"/>
      <line num="41" type="stmt" count="14"/>
      <line num="42" type="stmt" count="14"/>
      <metrics loc="43" ncloc="39" classes="0" methods="0" coveredmethods="0" conditionals="0" coveredconditionals="0" statements="37" coveredstatements="37" elements="37" coveredelements="37"/>
    </file>
    <file name="/home/mikespub/seblucas-cops/resources/php-epub-meta/lib/Tools/htmlEntityMap.php">
      <line num="6" type="stmt" count="16"/>
      <line num="7" type="stmt" count="16"/>
      <line num="8" type="stmt" count="16"/>
      <line num="9" type="stmt" count="16"/>
      <line num="10" type="stmt" count="16"/>
      <line num="11" type="stmt" count="16"/>
      <line num="12" type="stmt" count="16"/>
      <line num="13" type="stmt" count="16"/>
      <line num="14" type="stmt" count="16"/>
      <line num="15" type="stmt" count="16"/>
      <line num="16" type="stmt" count="16"/>
      <line num="17" type="stmt" count="16"/>
      <line num="18" type="stmt" count="16"/>
      <line num="19" type="stmt" count="16"/>
      <line num="20" type="stmt" count="16"/>
      <line num="21" type="stmt" count="16"/>
      <line num="22" type="stmt" count="16"/>
      <line num="23" type="stmt" count="16"/>
      <line num="24" type="stmt" count="16"/>
      <line num="25" type="stmt" count="16"/>
      <line num="26" type="stmt" count="16"/>
      <line num="27" type="stmt" count="16"/>
      <line num="28" type="stmt" count="16"/>
      <line num="29" type="stmt" count="16"/>
      <line num="30" type="stmt" count="16"/>
      <line num="31" type="stmt" count="16"/>
      <line num="32" type="stmt" count="16"/>
      <line num="33" type="stmt" count="16"/>
      <line num="34" type="stmt" count="16"/>
      <line num="35" type="stmt" count="16"/>
      <line num="36" type="stmt" count="16"/>
      <line num="37" type="stmt" count="16"/>
      <line num="38" type="stmt" count="16"/>
      <line num="39" type="stmt" count="16"/>
      <line num="40" type="stmt" count="16"/>
      <line num="41" type="stmt" count="16"/>
      <line num="42" type="stmt" count="16"/>
      <line num="43" type="stmt" count="16"/>
      <line num="44" type="stmt" count="16"/>
      <line num="45" type="stmt" count="16"/>
      <line num="46" type="stmt" count="16"/>
      <line num="47" type="stmt" count="16"/>
      <line num="48" type="stmt" count="16"/>
      <line num="49" type="stmt" count="16"/>
      <line num="50" type="stmt" count="16"/>
      <line num="51" type="stmt" count="16"/>
      <line num="52" type="stmt" count="16"/>
      <line num="53" type="stmt" count="16"/>
      <line num="54" type="stmt" count="16"/>
      <line num="55" type="stmt" count="16"/>
      <line num="56" type="stmt" count="16"/>
      <line num="57" type="stmt" count="16"/>
      <line num="58" type="stmt" count="16"/>
      <line num="59" type="stmt" count="16"/>
      <line num="60" type="stmt" count="16"/>
      <line num="61" type="stmt" count="16"/>
      <line num="62" type="stmt" count="16"/>
      <line num="63" type="stmt" count="16"/>
      <line num="64" type="stmt" count="16"/>
      <line num="65" type="stmt" count="16"/>
      <line num="66" type="stmt" count="16"/>
      <line num="67" type="stmt" count="16"/>
      <line num="68" type="stmt" count="16"/>
      <line num="69" type="stmt" count="16"/>
      <line num="70" type="stmt" count="16"/>
      <line num="71" type="stmt" count="16"/>
      <line num="72" type="stmt" count="16"/>
      <line num="73" type="stmt" count="16"/>
      <line num="74" type="stmt" count="16"/>
      <line num="75" type="stmt" count="16"/>
      <line num="76" type="stmt" count="16"/>
      <line num="77" type="stmt" count="16"/>
      <line num="78" type="stmt" count="16"/>
      <line num="79" type="stmt" count="16"/>
      <line num="80" type="stmt" count="16"/>
      <line num="81" type="stmt" count="16"/>
      <line num="82" type="stmt" count="16"/>
      <line num="83" type="stmt" count="16"/>
      <line num="84" type="stmt" count="16"/>
      <line num="85" type="stmt" count="16"/>
      <line num="86" type="stmt" count="16"/>
      <line num="87" type="stmt" count="16"/>
      <line num="88" type="stmt" count="16"/>
      <line num="89" type="stmt" count="16"/>
      <line num="90" type="stmt" count="16"/>
      <line num="91" type="stmt" count="16"/>
      <line num="92" type="stmt" count="16"/>
      <line num="93" type="stmt" count="16"/>
      <line num="94" type="stmt" count="16"/>
      <line num="95" type="stmt" count="16"/>
      <line num="96" type="stmt" count="16"/>
      <line num="97" type="stmt" count="16"/>
      <line num="98" type="stmt" count="16"/>
      <line num="99" type="stmt" count="16"/>
      <line num="100" type="stmt" count="16"/>
      <line num="101" type="stmt" count="16"/>
      <line num="102" type="stmt" count="16"/>
      <line num="103" type="stmt" count="16"/>
      <line num="104" type="stmt" count="16"/>
      <line num="105" type="stmt" count="16"/>
      <line num="106" type="stmt" count="16"/>
      <line num="107" type="stmt" count="16"/>
      <line num="108" type="stmt" count="16"/>
      <line num="109" type="stmt" count="16"/>
      <line num="110" type="stmt" count="16"/>
      <line num="111" type="stmt" count="16"/>
      <line num="112" type="stmt" count="16"/>
      <line num="113" type="stmt" count="16"/>
      <line num="114" type="stmt" count="16"/>
      <line num="115" type="stmt" count="16"/>
      <line num="116" type="stmt" count="16"/>
      <line num="117" type="stmt" count="16"/>
      <line num="118" type="stmt" count="16"/>
      <line num="119" type="stmt" count="16"/>
      <line num="120" type="stmt" count="16"/>
      <line num="121" type="stmt" count="16"/>
      <line num="122" type="stmt" count="16"/>
      <line num="123" type="stmt" count="16"/>
      <line num="124" type="stmt" count="16"/>
      <line num="125" type="stmt" count="16"/>
      <line num="126" type="stmt" count="16"/>
      <line num="127" type="stmt" count="16"/>
      <line num="128" type="stmt" count="16"/>
      <line num="129" type="stmt" count="16"/>
      <line num="130" type="stmt" count="16"/>
      <line num="131" type="stmt" count="16"/>
      <line num="132" type="stmt" count="16"/>
      <line num="133" type="stmt" count="16"/>
      <line num="134" type="stmt" count="16"/>
      <line num="135" type="stmt" count="16"/>
      <line num="136" type="stmt" count="16"/>
      <line num="137" type="stmt" count="16"/>
      <line num="138" type="stmt" count="16"/>
      <line num="139" type="stmt" count="16"/>
      <line num="140" type="stmt" count="16"/>
      <line num="141" type="stmt" count="16"/>
      <line num="142" type="stmt" count="16"/>
      <line num="143" type="stmt" count="16"/>
      <line num="144" type="stmt" count="16"/>
      <line num="145" type="stmt" count="16"/>
      <line num="146" type="stmt" count="16"/>
      <line num="147" type="stmt" count="16"/>
      <line num="148" type="stmt" count="16"/>
      <line num="149" type="stmt" count="16"/>
      <line num="150" type="stmt" count="16"/>
      <line num="151" type="stmt" count="16"/>
      <line num="152" type="stmt" count="16"/>
      <line num="153" type="stmt" count="16"/>
      <line num="154" type="stmt" count="16"/>
      <line num="155" type="stmt" count="16"/>
      <line num="156" type="stmt" count="16"/>
      <line num="157" type="stmt" count="16"/>
      <line num="158" type="stmt" count="16"/>
      <line num="159" type="stmt" count="16"/>
      <line num="160" type="stmt" count="16"/>
      <line num="161" type="stmt" count="16"/>
      <line num="162" type="stmt" count="16"/>
      <line num="163" type="stmt" count="16"/>
      <line num="164" type="stmt" count="16"/>
      <line num="165" type="stmt" count="16"/>
      <line num="166" type="stmt" count="16"/>
      <line num="167" type="stmt" count="16"/>
      <line num="168" type="stmt" count="16"/>
      <line num="169" type="stmt" count="16"/>
      <line num="170" type="stmt" count="16"/>
      <line num="171" type="stmt" count="16"/>
      <line num="172" type="stmt" count="16"/>
      <line num="173" type="stmt" count="16"/>
      <line num="174" type="stmt" count="16"/>
      <line num="175" type="stmt" count="16"/>
      <line num="176" type="stmt" count="16"/>
      <line num="177" type="stmt" count="16"/>
      <line num="178" type="stmt" count="16"/>
      <line num="179" type="stmt" count="16"/>
      <line num="180" type="stmt" count="16"/>
      <line num="181" type="stmt" count="16"/>
      <line num="182" type="stmt" count="16"/>
      <line num="183" type="stmt" count="16"/>
      <line num="184" type="stmt" count="16"/>
      <line num="185" type="stmt" count="16"/>
      <line num="186" type="stmt" count="16"/>
      <line num="187" type="stmt" count="16"/>
      <line num="188" type="stmt" count="16"/>
      <line num="189" type="stmt" count="16"/>
      <line num="190" type="stmt" count="16"/>
      <line num="191" type="stmt" count="16"/>
      <line num="192" type="stmt" count="16"/>
      <line num="193" type="stmt" count="16"/>
      <line num="194" type="stmt" count="16"/>
      <line num="195" type="stmt" count="16"/>
      <line num="196" type="stmt" count="16"/>
      <line num="197" type="stmt" count="16"/>
      <line num="198" type="stmt" count="16"/>
      <line num="199" type="stmt" count="16"/>
      <line num="200" type="stmt" count="16"/>
      <line num="201" type="stmt" count="16"/>
      <line num="202" type="stmt" count="16"/>
      <line num="203" type="stmt" count="16"/>
      <line num="204" type="stmt" count="16"/>
      <line num="205" type="stmt" count="16"/>
      <line num="206" type="stmt" count="16"/>
      <line num="207" type="stmt" count="16"/>
      <line num="208" type="stmt" count="16"/>
      <line num="209" type="stmt" count="16"/>
      <line num="210" type="stmt" count="16"/>
      <line num="211" type="stmt" count="16"/>
      <line num="212" type="stmt" count="16"/>
      <line num="213" type="stmt" count="16"/>
      <line num="214" type="stmt" count="16"/>
      <line num="215" type="stmt" count="16"/>
      <line num="216" type="stmt" count="16"/>
      <line num="217" type="stmt" count="16"/>
      <line num="218" type="stmt" count="16"/>
      <line num="219" type="stmt" count="16"/>
      <line num="220" type="stmt" count="16"/>
      <line num="221" type="stmt" count="16"/>
      <line num="222" type="stmt" count="16"/>
      <line num="223" type="stmt" count="16"/>
      <line num="224" type="stmt" count="16"/>
      <line num="225" type="stmt" count="16"/>
      <line num="226" type="stmt" count="16"/>
      <line num="227" type="stmt" count="16"/>
      <line num="228" type="stmt" count="16"/>
      <line num="229" type="stmt" count="16"/>
      <line num="230" type="stmt" count="16"/>
      <line num="231" type="stmt" count="16"/>
      <line num="232" type="stmt" count="16"/>
      <line num="233" type="stmt" count="16"/>
      <line num="234" type="stmt" count="16"/>
      <line num="235" type="stmt" count="16"/>
      <line num="236" type="stmt" count="16"/>
      <line num="237" type="stmt" count="16"/>
      <line num="238" type="stmt" count="16"/>
      <line num="239" type="stmt" count="16"/>
      <line num="240" type="stmt" count="16"/>
      <line num="241" type="stmt" count="16"/>
      <line num="242" type="stmt" count="16"/>
      <line num="243" type="stmt" count="16"/>
      <line num="244" type="stmt" count="16"/>
      <line num="245" type="stmt" count="16"/>
      <line num="246" type="stmt" count="16"/>
      <line num="247" type="stmt" count="16"/>
      <line num="248" type="stmt" count="16"/>
      <line num="249" type="stmt" count="16"/>
      <line num="250" type="stmt" count="16"/>
      <line num="251" type="stmt" count="16"/>
      <line num="252" type="stmt" count="16"/>
      <line num="253" type="stmt" count="16"/>
      <line num="254" type="stmt" count="16"/>
      <line num="255" type="stmt" count="16"/>
      <line num="256" type="stmt" count="16"/>
      <line num="257" type="stmt" count="16"/>
      <line num="258" type="stmt" count="16"/>
      <line num="259" type="stmt" count="16"/>
      <line num="260" type="stmt" count="16"/>
      <metrics loc="261" ncloc="5" classes="0" methods="0" coveredmethods="0" conditionals="0" coveredconditionals="0" statements="255" coveredstatements="255" elements="255" coveredelements="255"/>
    </file>
    <file name="/home/mikespub/seblucas-cops/resources/php-epub-meta/util.php">
      <line num="10" type="stmt" count="0"/>
      <line num="11" type="stmt" count="0"/>
      <line num="12" type="stmt" count="0"/>
      <line num="13" type="stmt" count="0"/>
      <line num="14" type="stmt" count="0"/>
      <line num="15" type="stmt" count="0"/>
      <line num="16" type="stmt" count="0"/>
      <line num="17" type="stmt" count="0"/>
      <line num="27" type="stmt" count="0"/>
      <line num="28" type="stmt" count="0"/>
      <line num="29" type="stmt" count="0"/>
      <line num="30" type="stmt" count="0"/>
      <line num="31" type="stmt" count="0"/>
      <line num="32" type="stmt" count="0"/>
      <line num="33" type="stmt" count="0"/>
      <line num="35" type="stmt" count="0"/>
      <line num="36" type="stmt" count="0"/>
      <line num="37" type="stmt" count="0"/>
      <line num="40" type="stmt" count="0"/>
      <line num="41" type="stmt" count="0"/>
      <metrics loc="43" ncloc="33" classes="0" methods="0" coveredmethods="0" conditionals="0" coveredconditionals="0" statements="20" coveredstatements="0" elements="20" coveredelements="0"/>
    </file>
    <metrics files="18" loc="4785" ncloc="2918" classes="14" methods="216" coveredmethods="103" conditionals="0" coveredconditionals="0" statements="1573" coveredstatements="878" elements="1789" coveredelements="981"/>
  </project>
</coverage>
